[0.733s] Invoking command in '/home/sanjit/ros2_ws/src/task1': PYTHONPATH=/home/sanjit/ros2_ws/src/build/task1/prefix_override:/usr/lib/python3/dist-packages/colcon_core/task/python/colcon_distutils_commands:/home/sanjit/ros2_ws/src/install/task1/lib/python3.10/site-packages:${PYTHONPATH} /usr/bin/python3 -W ignore:setup.py install is deprecated -W ignore:easy_install command is deprecated setup.py egg_info --egg-base ../build/task1 build --build-base /home/sanjit/ros2_ws/src/build/task1/build install --record /home/sanjit/ros2_ws/src/build/task1/install.log --single-version-externally-managed install_data
[0.999s] running egg_info
[0.999s] writing ../build/task1/task1.egg-info/PKG-INFO
[1.007s] writing dependency_links to ../build/task1/task1.egg-info/dependency_links.txt
[1.008s] writing entry points to ../build/task1/task1.egg-info/entry_points.txt
[1.008s] writing requirements to ../build/task1/task1.egg-info/requires.txt
[1.008s] writing top-level names to ../build/task1/task1.egg-info/top_level.txt
[1.010s] reading manifest file '../build/task1/task1.egg-info/SOURCES.txt'
[1.011s] adding license file 'LICENSE'
[1.011s] writing manifest file '../build/task1/task1.egg-info/SOURCES.txt'
[1.012s] running build
[1.012s] running build_py
[1.012s] running install
[1.013s] running install_lib
[1.015s] running install_data
[1.016s] running install_egg_info
[1.018s] removing '/home/sanjit/ros2_ws/src/install/task1/lib/python3.10/site-packages/task1-0.0.0-py3.10.egg-info' (and everything under it)
[1.018s] Copying ../build/task1/task1.egg-info to /home/sanjit/ros2_ws/src/install/task1/lib/python3.10/site-packages/task1-0.0.0-py3.10.egg-info
[1.019s] running install_scripts
[1.046s] writing list of installed files to '/home/sanjit/ros2_ws/src/build/task1/install.log'
[1.070s] Invoked command in '/home/sanjit/ros2_ws/src/task1' returned '0': PYTHONPATH=/home/sanjit/ros2_ws/src/build/task1/prefix_override:/usr/lib/python3/dist-packages/colcon_core/task/python/colcon_distutils_commands:/home/sanjit/ros2_ws/src/install/task1/lib/python3.10/site-packages:${PYTHONPATH} /usr/bin/python3 -W ignore:setup.py install is deprecated -W ignore:easy_install command is deprecated setup.py egg_info --egg-base ../build/task1 build --build-base /home/sanjit/ros2_ws/src/build/task1/build install --record /home/sanjit/ros2_ws/src/build/task1/install.log --single-version-externally-managed install_data
