[0.000000] (-) TimerEvent: {}
[0.000735] (-) JobUnselected: {'identifier': 'examples_rclcpp_async_client'}
[0.000783] (-) JobUnselected: {'identifier': 'examples_rclcpp_cbg_executor'}
[0.000809] (-) JobUnselected: {'identifier': 'examples_rclcpp_minimal_action_client'}
[0.000839] (-) JobUnselected: {'identifier': 'examples_rclcpp_minimal_action_server'}
[0.000864] (-) JobUnselected: {'identifier': 'examples_rclcpp_minimal_client'}
[0.000888] (-) JobUnselected: {'identifier': 'examples_rclcpp_minimal_composition'}
[0.000911] (-) JobUnselected: {'identifier': 'examples_rclcpp_minimal_publisher'}
[0.000934] (-) JobUnselected: {'identifier': 'examples_rclcpp_minimal_service'}
[0.000957] (-) JobUnselected: {'identifier': 'examples_rclcpp_minimal_subscriber'}
[0.000980] (-) JobUnselected: {'identifier': 'examples_rclcpp_minimal_timer'}
[0.001003] (-) JobUnselected: {'identifier': 'examples_rclcpp_multithreaded_executor'}
[0.001026] (-) JobUnselected: {'identifier': 'examples_rclcpp_wait_set'}
[0.001049] (-) JobUnselected: {'identifier': 'examples_rclpy_executors'}
[0.001073] (-) JobUnselected: {'identifier': 'examples_rclpy_guard_conditions'}
[0.001096] (-) JobUnselected: {'identifier': 'examples_rclpy_minimal_action_client'}
[0.001118] (-) JobUnselected: {'identifier': 'examples_rclpy_minimal_action_server'}
[0.001141] (-) JobUnselected: {'identifier': 'examples_rclpy_minimal_client'}
[0.001164] (-) JobUnselected: {'identifier': 'examples_rclpy_minimal_publisher'}
[0.001187] (-) JobUnselected: {'identifier': 'examples_rclpy_minimal_service'}
[0.001210] (-) JobUnselected: {'identifier': 'examples_rclpy_minimal_subscriber'}
[0.001233] (-) JobUnselected: {'identifier': 'examples_rclpy_pointcloud_publisher'}
[0.001255] (-) JobUnselected: {'identifier': 'launch_testing_examples'}
[0.001278] (-) JobUnselected: {'identifier': 'more_interfaces'}
[0.001301] (-) JobUnselected: {'identifier': 'robot_task1'}
[0.001324] (-) JobUnselected: {'identifier': 'srvpkg'}
[0.001346] (-) JobUnselected: {'identifier': 'turtlesim'}
[0.001369] (-) JobUnselected: {'identifier': 'tutorial_interfaces'}
[0.001395] (task1) JobQueued: {'identifier': 'task1', 'dependencies': OrderedDict([('srvpkg', '/home/sanjit/ros2_ws/src/install/srvpkg')])}
[0.001427] (task1) JobStarted: {'identifier': 'task1'}
[0.007016] (task1) JobEnded: {'identifier': 'task1', 'rc': 1}
[0.017539] (-) EventReactorShutdown: {}
