[0.004s] Invoking command in '/home/sanjit/ros2_ws/src/build/examples_rclcpp_minimal_publisher': CMAKE_PREFIX_PATH=/opt/ros/humble /usr/bin/cmake --build /home/sanjit/ros2_ws/src/build/examples_rclcpp_minimal_publisher -- -j16 -l16
[0.041s] [  8%] [32mBuilding CXX object CMakeFiles/publisher_member_function_with_unique_network_flow_endpoints.dir/member_function_with_unique_network_flow_endpoints.cpp.o[0m
[0.042s] [ 16%] [32mBuilding CXX object CMakeFiles/publisher_not_composable.dir/not_composable.cpp.o[0m
[0.043s] [ 25%] [32mBuilding CXX object CMakeFiles/publisher_lambda.dir/lambda.cpp.o[0m
[0.043s] [ 33%] [32mBuilding CXX object CMakeFiles/publisher_member_function_with_type_adapter.dir/member_function_with_type_adapter.cpp.o[0m
[0.045s] [ 41%] [32mBuilding CXX object CMakeFiles/publisher_member_function.dir/member_function.cpp.o[0m
[0.048s] [ 50%] [32mBuilding CXX object CMakeFiles/publisher_wait_for_all_acked.dir/member_function_with_wait_for_all_acked.cpp.o[0m
[2.837s] [ 58%] [32m[1mLinking CXX executable publisher_not_composable[0m
[2.882s] [ 66%] [32m[1mLinking CXX executable publisher_lambda[0m
[2.918s] [ 75%] [32m[1mLinking CXX executable publisher_member_function_with_type_adapter[0m
[2.972s] [ 75%] Built target publisher_not_composable
[2.979s] [ 83%] [32m[1mLinking CXX executable publisher_member_function_with_unique_network_flow_endpoints[0m
[3.010s] [ 83%] Built target publisher_lambda
[3.056s] [ 83%] Built target publisher_member_function_with_type_adapter
[3.113s] [ 83%] Built target publisher_member_function_with_unique_network_flow_endpoints
[3.171s] [ 91%] [32m[1mLinking CXX executable publisher_wait_for_all_acked[0m
[3.296s] [ 91%] Built target publisher_wait_for_all_acked
[4.169s] [100%] [32m[1mLinking CXX executable publisher_member_function[0m
[4.303s] [100%] Built target publisher_member_function
[4.313s] Invoked command in '/home/sanjit/ros2_ws/src/build/examples_rclcpp_minimal_publisher' returned '0': CMAKE_PREFIX_PATH=/opt/ros/humble /usr/bin/cmake --build /home/sanjit/ros2_ws/src/build/examples_rclcpp_minimal_publisher -- -j16 -l16
[4.314s] Invoking command in '/home/sanjit/ros2_ws/src/build/examples_rclcpp_minimal_publisher': CMAKE_PREFIX_PATH=/opt/ros/humble /usr/bin/cmake --install /home/sanjit/ros2_ws/src/build/examples_rclcpp_minimal_publisher
[4.320s] -- Install configuration: ""
[4.320s] -- Installing: /home/sanjit/ros2_ws/src/install/examples_rclcpp_minimal_publisher/lib/examples_rclcpp_minimal_publisher/publisher_lambda
[4.321s] -- Set runtime path of "/home/sanjit/ros2_ws/src/install/examples_rclcpp_minimal_publisher/lib/examples_rclcpp_minimal_publisher/publisher_lambda" to ""
[4.321s] -- Installing: /home/sanjit/ros2_ws/src/install/examples_rclcpp_minimal_publisher/lib/examples_rclcpp_minimal_publisher/publisher_member_function
[4.321s] -- Set runtime path of "/home/sanjit/ros2_ws/src/install/examples_rclcpp_minimal_publisher/lib/examples_rclcpp_minimal_publisher/publisher_member_function" to ""
[4.321s] -- Installing: /home/sanjit/ros2_ws/src/install/examples_rclcpp_minimal_publisher/lib/examples_rclcpp_minimal_publisher/publisher_member_function_with_type_adapter
[4.322s] -- Set runtime path of "/home/sanjit/ros2_ws/src/install/examples_rclcpp_minimal_publisher/lib/examples_rclcpp_minimal_publisher/publisher_member_function_with_type_adapter" to ""
[4.322s] -- Installing: /home/sanjit/ros2_ws/src/install/examples_rclcpp_minimal_publisher/lib/examples_rclcpp_minimal_publisher/publisher_member_function_with_unique_network_flow_endpoints
[4.322s] -- Set runtime path of "/home/sanjit/ros2_ws/src/install/examples_rclcpp_minimal_publisher/lib/examples_rclcpp_minimal_publisher/publisher_member_function_with_unique_network_flow_endpoints" to ""
[4.322s] -- Installing: /home/sanjit/ros2_ws/src/install/examples_rclcpp_minimal_publisher/lib/examples_rclcpp_minimal_publisher/publisher_wait_for_all_acked
[4.323s] -- Set runtime path of "/home/sanjit/ros2_ws/src/install/examples_rclcpp_minimal_publisher/lib/examples_rclcpp_minimal_publisher/publisher_wait_for_all_acked" to ""
[4.323s] -- Installing: /home/sanjit/ros2_ws/src/install/examples_rclcpp_minimal_publisher/lib/examples_rclcpp_minimal_publisher/publisher_not_composable
[4.323s] -- Set runtime path of "/home/sanjit/ros2_ws/src/install/examples_rclcpp_minimal_publisher/lib/examples_rclcpp_minimal_publisher/publisher_not_composable" to ""
[4.323s] -- Installing: /home/sanjit/ros2_ws/src/install/examples_rclcpp_minimal_publisher/share/ament_index/resource_index/package_run_dependencies/examples_rclcpp_minimal_publisher
[4.324s] -- Installing: /home/sanjit/ros2_ws/src/install/examples_rclcpp_minimal_publisher/share/ament_index/resource_index/parent_prefix_path/examples_rclcpp_minimal_publisher
[4.324s] -- Installing: /home/sanjit/ros2_ws/src/install/examples_rclcpp_minimal_publisher/share/examples_rclcpp_minimal_publisher/environment/ament_prefix_path.sh
[4.324s] -- Installing: /home/sanjit/ros2_ws/src/install/examples_rclcpp_minimal_publisher/share/examples_rclcpp_minimal_publisher/environment/ament_prefix_path.dsv
[4.324s] -- Installing: /home/sanjit/ros2_ws/src/install/examples_rclcpp_minimal_publisher/share/examples_rclcpp_minimal_publisher/environment/path.sh
[4.324s] -- Installing: /home/sanjit/ros2_ws/src/install/examples_rclcpp_minimal_publisher/share/examples_rclcpp_minimal_publisher/environment/path.dsv
[4.324s] -- Installing: /home/sanjit/ros2_ws/src/install/examples_rclcpp_minimal_publisher/share/examples_rclcpp_minimal_publisher/local_setup.bash
[4.324s] -- Installing: /home/sanjit/ros2_ws/src/install/examples_rclcpp_minimal_publisher/share/examples_rclcpp_minimal_publisher/local_setup.sh
[4.324s] -- Installing: /home/sanjit/ros2_ws/src/install/examples_rclcpp_minimal_publisher/share/examples_rclcpp_minimal_publisher/local_setup.zsh
[4.324s] -- Installing: /home/sanjit/ros2_ws/src/install/examples_rclcpp_minimal_publisher/share/examples_rclcpp_minimal_publisher/local_setup.dsv
[4.324s] -- Installing: /home/sanjit/ros2_ws/src/install/examples_rclcpp_minimal_publisher/share/examples_rclcpp_minimal_publisher/package.dsv
[4.324s] -- Installing: /home/sanjit/ros2_ws/src/install/examples_rclcpp_minimal_publisher/share/ament_index/resource_index/packages/examples_rclcpp_minimal_publisher
[4.324s] -- Installing: /home/sanjit/ros2_ws/src/install/examples_rclcpp_minimal_publisher/share/examples_rclcpp_minimal_publisher/cmake/examples_rclcpp_minimal_publisherConfig.cmake
[4.325s] -- Installing: /home/sanjit/ros2_ws/src/install/examples_rclcpp_minimal_publisher/share/examples_rclcpp_minimal_publisher/cmake/examples_rclcpp_minimal_publisherConfig-version.cmake
[4.325s] -- Installing: /home/sanjit/ros2_ws/src/install/examples_rclcpp_minimal_publisher/share/examples_rclcpp_minimal_publisher/package.xml
[4.326s] Invoked command in '/home/sanjit/ros2_ws/src/build/examples_rclcpp_minimal_publisher' returned '0': CMAKE_PREFIX_PATH=/opt/ros/humble /usr/bin/cmake --install /home/sanjit/ros2_ws/src/build/examples_rclcpp_minimal_publisher
