[0.005s] Invoking command in '/home/sanjit/ros2_ws/src/build/examples_rclcpp_minimal_action_client': CMAKE_PREFIX_PATH=/opt/ros/humble /usr/bin/cmake --build /home/sanjit/ros2_ws/src/build/examples_rclcpp_minimal_action_client -- -j16 -l16
[0.048s] [ 25%] [32mBuilding CXX object CMakeFiles/action_client_not_composable.dir/not_composable.cpp.o[0m
[0.048s] [ 25%] [32mBuilding CXX object CMakeFiles/action_client_member_functions.dir/member_functions.cpp.o[0m
[0.051s] [ 37%] [32mBuilding CXX object CMakeFiles/action_client_not_composable_with_feedback.dir/not_composable_with_feedback.cpp.o[0m
[0.051s] [ 50%] [32mBuilding CXX object CMakeFiles/action_client_not_composable_with_cancel.dir/not_composable_with_cancel.cpp.o[0m
[2.695s] [ 62%] [32m[1mLinking CXX executable action_client_not_composable_with_feedback[0m
[2.709s] [ 75%] [32m[1mLinking CXX executable action_client_not_composable[0m
[2.827s] [ 75%] Built target action_client_not_composable_with_feedback
[2.856s] [ 75%] Built target action_client_not_composable
[2.892s] [ 87%] [32m[1mLinking CXX executable action_client_member_functions[0m
[3.018s] [ 87%] Built target action_client_member_functions
[3.249s] [100%] [32m[1mLinking CXX executable action_client_not_composable_with_cancel[0m
[3.365s] [100%] Built target action_client_not_composable_with_cancel
[3.376s] Invoked command in '/home/sanjit/ros2_ws/src/build/examples_rclcpp_minimal_action_client' returned '0': CMAKE_PREFIX_PATH=/opt/ros/humble /usr/bin/cmake --build /home/sanjit/ros2_ws/src/build/examples_rclcpp_minimal_action_client -- -j16 -l16
[3.377s] Invoking command in '/home/sanjit/ros2_ws/src/build/examples_rclcpp_minimal_action_client': CMAKE_PREFIX_PATH=/opt/ros/humble /usr/bin/cmake --install /home/sanjit/ros2_ws/src/build/examples_rclcpp_minimal_action_client
[3.382s] -- Install configuration: ""
[3.382s] -- Installing: /home/sanjit/ros2_ws/src/install/examples_rclcpp_minimal_action_client/lib/examples_rclcpp_minimal_action_client/action_client_member_functions
[3.383s] -- Set runtime path of "/home/sanjit/ros2_ws/src/install/examples_rclcpp_minimal_action_client/lib/examples_rclcpp_minimal_action_client/action_client_member_functions" to ""
[3.383s] -- Installing: /home/sanjit/ros2_ws/src/install/examples_rclcpp_minimal_action_client/lib/examples_rclcpp_minimal_action_client/action_client_not_composable
[3.383s] -- Set runtime path of "/home/sanjit/ros2_ws/src/install/examples_rclcpp_minimal_action_client/lib/examples_rclcpp_minimal_action_client/action_client_not_composable" to ""
[3.383s] -- Installing: /home/sanjit/ros2_ws/src/install/examples_rclcpp_minimal_action_client/lib/examples_rclcpp_minimal_action_client/action_client_not_composable_with_cancel
[3.384s] -- Set runtime path of "/home/sanjit/ros2_ws/src/install/examples_rclcpp_minimal_action_client/lib/examples_rclcpp_minimal_action_client/action_client_not_composable_with_cancel" to ""
[3.384s] -- Installing: /home/sanjit/ros2_ws/src/install/examples_rclcpp_minimal_action_client/lib/examples_rclcpp_minimal_action_client/action_client_not_composable_with_feedback
[3.385s] -- Set runtime path of "/home/sanjit/ros2_ws/src/install/examples_rclcpp_minimal_action_client/lib/examples_rclcpp_minimal_action_client/action_client_not_composable_with_feedback" to ""
[3.385s] -- Installing: /home/sanjit/ros2_ws/src/install/examples_rclcpp_minimal_action_client/share/ament_index/resource_index/package_run_dependencies/examples_rclcpp_minimal_action_client
[3.385s] -- Installing: /home/sanjit/ros2_ws/src/install/examples_rclcpp_minimal_action_client/share/ament_index/resource_index/parent_prefix_path/examples_rclcpp_minimal_action_client
[3.385s] -- Installing: /home/sanjit/ros2_ws/src/install/examples_rclcpp_minimal_action_client/share/examples_rclcpp_minimal_action_client/environment/ament_prefix_path.sh
[3.385s] -- Installing: /home/sanjit/ros2_ws/src/install/examples_rclcpp_minimal_action_client/share/examples_rclcpp_minimal_action_client/environment/ament_prefix_path.dsv
[3.385s] -- Installing: /home/sanjit/ros2_ws/src/install/examples_rclcpp_minimal_action_client/share/examples_rclcpp_minimal_action_client/environment/path.sh
[3.385s] -- Installing: /home/sanjit/ros2_ws/src/install/examples_rclcpp_minimal_action_client/share/examples_rclcpp_minimal_action_client/environment/path.dsv
[3.385s] -- Installing: /home/sanjit/ros2_ws/src/install/examples_rclcpp_minimal_action_client/share/examples_rclcpp_minimal_action_client/local_setup.bash
[3.385s] -- Installing: /home/sanjit/ros2_ws/src/install/examples_rclcpp_minimal_action_client/share/examples_rclcpp_minimal_action_client/local_setup.sh
[3.386s] -- Installing: /home/sanjit/ros2_ws/src/install/examples_rclcpp_minimal_action_client/share/examples_rclcpp_minimal_action_client/local_setup.zsh
[3.386s] -- Installing: /home/sanjit/ros2_ws/src/install/examples_rclcpp_minimal_action_client/share/examples_rclcpp_minimal_action_client/local_setup.dsv
[3.386s] -- Installing: /home/sanjit/ros2_ws/src/install/examples_rclcpp_minimal_action_client/share/examples_rclcpp_minimal_action_client/package.dsv
[3.386s] -- Installing: /home/sanjit/ros2_ws/src/install/examples_rclcpp_minimal_action_client/share/ament_index/resource_index/packages/examples_rclcpp_minimal_action_client
[3.386s] -- Installing: /home/sanjit/ros2_ws/src/install/examples_rclcpp_minimal_action_client/share/examples_rclcpp_minimal_action_client/cmake/examples_rclcpp_minimal_action_clientConfig.cmake
[3.386s] -- Installing: /home/sanjit/ros2_ws/src/install/examples_rclcpp_minimal_action_client/share/examples_rclcpp_minimal_action_client/cmake/examples_rclcpp_minimal_action_clientConfig-version.cmake
[3.386s] -- Installing: /home/sanjit/ros2_ws/src/install/examples_rclcpp_minimal_action_client/share/examples_rclcpp_minimal_action_client/package.xml
[3.388s] Invoked command in '/home/sanjit/ros2_ws/src/build/examples_rclcpp_minimal_action_client' returned '0': CMAKE_PREFIX_PATH=/opt/ros/humble /usr/bin/cmake --install /home/sanjit/ros2_ws/src/build/examples_rclcpp_minimal_action_client
