[0.667s] Invoking command in '/home/sanjit/ros2_ws/src/task1': PYTHONPATH=/home/sanjit/ros2_ws/src/build/task1/prefix_override:/usr/lib/python3/dist-packages/colcon_core/task/python/colcon_distutils_commands:/home/sanjit/ros2_ws/src/install/task1/lib/python3.10/site-packages:${PYTHONPATH} /usr/bin/python3 -W ignore:setup.py install is deprecated -W ignore:easy_install command is deprecated setup.py egg_info --egg-base ../build/task1 build --build-base /home/sanjit/ros2_ws/src/build/task1/build install --record /home/sanjit/ros2_ws/src/build/task1/install.log --single-version-externally-managed install_data
[0.931s] running egg_info
[0.932s] creating ../build/task1/task1.egg-info
[0.932s] writing ../build/task1/task1.egg-info/PKG-INFO
[0.932s] writing dependency_links to ../build/task1/task1.egg-info/dependency_links.txt
[0.932s] writing entry points to ../build/task1/task1.egg-info/entry_points.txt
[0.932s] writing requirements to ../build/task1/task1.egg-info/requires.txt
[0.932s] writing top-level names to ../build/task1/task1.egg-info/top_level.txt
[0.933s] writing manifest file '../build/task1/task1.egg-info/SOURCES.txt'
[0.934s] reading manifest file '../build/task1/task1.egg-info/SOURCES.txt'
[0.934s] adding license file 'LICENSE'
[0.935s] writing manifest file '../build/task1/task1.egg-info/SOURCES.txt'
[0.935s] running build
[0.935s] running build_py
[0.935s] creating /home/sanjit/ros2_ws/src/build/task1/build
[0.935s] creating /home/sanjit/ros2_ws/src/build/task1/build/lib
[0.935s] creating /home/sanjit/ros2_ws/src/build/task1/build/lib/task1
[0.935s] copying task1/__init__.py -> /home/sanjit/ros2_ws/src/build/task1/build/lib/task1
[0.935s] running install
[0.936s] running install_lib
[0.938s] creating /home/sanjit/ros2_ws/src/install/task1/lib/python3.10/site-packages/task1
[0.938s] copying /home/sanjit/ros2_ws/src/build/task1/build/lib/task1/__init__.py -> /home/sanjit/ros2_ws/src/install/task1/lib/python3.10/site-packages/task1
[0.938s] byte-compiling /home/sanjit/ros2_ws/src/install/task1/lib/python3.10/site-packages/task1/__init__.py to __init__.cpython-310.pyc
[0.938s] running install_data
[0.939s] creating /home/sanjit/ros2_ws/src/install/task1/share/ament_index
[0.939s] creating /home/sanjit/ros2_ws/src/install/task1/share/ament_index/resource_index
[0.939s] creating /home/sanjit/ros2_ws/src/install/task1/share/ament_index/resource_index/packages
[0.939s] copying resource/task1 -> /home/sanjit/ros2_ws/src/install/task1/share/ament_index/resource_index/packages
[0.939s] copying package.xml -> /home/sanjit/ros2_ws/src/install/task1/share/task1
[0.939s] creating /home/sanjit/ros2_ws/src/install/task1/share/task1/urdf
[0.939s] copying urdf/bot_desc.urdf -> /home/sanjit/ros2_ws/src/install/task1/share/task1/urdf
[0.939s] creating /home/sanjit/ros2_ws/src/install/task1/share/task1/worlds
[0.939s] copying worlds/empty.world -> /home/sanjit/ros2_ws/src/install/task1/share/task1/worlds
[0.939s] creating /home/sanjit/ros2_ws/src/install/task1/share/task1/launch
[0.940s] copying launch/gazebo_launch.py -> /home/sanjit/ros2_ws/src/install/task1/share/task1/launch
[0.940s] running install_egg_info
[0.942s] Copying ../build/task1/task1.egg-info to /home/sanjit/ros2_ws/src/install/task1/lib/python3.10/site-packages/task1-0.0.0-py3.10.egg-info
[0.942s] running install_scripts
[0.967s] writing list of installed files to '/home/sanjit/ros2_ws/src/build/task1/install.log'
[0.990s] Invoked command in '/home/sanjit/ros2_ws/src/task1' returned '0': PYTHONPATH=/home/sanjit/ros2_ws/src/build/task1/prefix_override:/usr/lib/python3/dist-packages/colcon_core/task/python/colcon_distutils_commands:/home/sanjit/ros2_ws/src/install/task1/lib/python3.10/site-packages:${PYTHONPATH} /usr/bin/python3 -W ignore:setup.py install is deprecated -W ignore:easy_install command is deprecated setup.py egg_info --egg-base ../build/task1 build --build-base /home/sanjit/ros2_ws/src/build/task1/build install --record /home/sanjit/ros2_ws/src/build/task1/install.log --single-version-externally-managed install_data
