[0.013s] Invoking command in '/home/sanjit/ros2_ws/src/build/spiral_maze': CMAKE_PREFIX_PATH=${CMAKE_PREFIX_PATH}:/home/sanjit/ros2_ws/install/task1:/home/sanjit/ros2_ws/install/robot_task1:/home/sanjit/ros2_ws/install/robot_task1_1:/home/sanjit/ros2_ws/install/py_srvcli:/home/sanjit/ros2_ws/install/py_pubsub:/home/sanjit/ros2_ws/install/my_package:/home/sanjit/ros2_ws/install/launch_testing_examples:/home/sanjit/ros2_ws/install/examples_rclpy_pointcloud_publisher:/home/sanjit/ros2_ws/install/examples_rclpy_minimal_subscriber:/home/sanjit/ros2_ws/install/examples_rclpy_minimal_service:/home/sanjit/ros2_ws/install/examples_rclpy_minimal_publisher:/home/sanjit/ros2_ws/install/examples_rclpy_minimal_client:/home/sanjit/ros2_ws/install/examples_rclpy_minimal_action_server:/home/sanjit/ros2_ws/install/examples_rclpy_minimal_action_client:/home/sanjit/ros2_ws/install/examples_rclpy_guard_conditions:/home/sanjit/ros2_ws/install/examples_rclpy_executors:/opt/ros/humble /usr/bin/cmake /home/sanjit/ros2_ws/src/spiral_maze -DCMAKE_INSTALL_PREFIX=/home/sanjit/ros2_ws/src/install/spiral_maze
[0.131s] -- The C compiler identification is GNU 11.4.0
[0.245s] -- The CXX compiler identification is GNU 11.4.0
[0.257s] -- Detecting C compiler ABI info
[0.352s] -- Detecting C compiler ABI info - done
[0.361s] -- Check for working C compiler: /usr/bin/cc - skipped
[0.363s] -- Detecting C compile features
[0.364s] -- Detecting C compile features - done
[0.368s] -- Detecting CXX compiler ABI info
[0.470s] -- Detecting CXX compiler ABI info - done
[0.479s] -- Check for working CXX compiler: /usr/bin/c++ - skipped
[0.479s] -- Detecting CXX compile features
[0.480s] -- Detecting CXX compile features - done
[0.487s] -- Found ament_cmake: 1.3.11 (/opt/ros/humble/share/ament_cmake/cmake)
[0.720s] -- Found Python3: /usr/bin/python3 (found version "3.10.12") found components: Interpreter 
[0.882s] -- Found rclpy: 3.3.15 (/opt/ros/humble/share/rclpy/cmake)
[0.886s] -- Found gazebo_ros: 3.9.0 (/opt/ros/humble/share/gazebo_ros/cmake)
[0.981s] -- Found rosidl_generator_c: 3.1.6 (/opt/ros/humble/share/rosidl_generator_c/cmake)
[0.992s] -- Found rosidl_adapter: 3.1.6 (/opt/ros/humble/share/rosidl_adapter/cmake)
[1.011s] -- Found rosidl_generator_cpp: 3.1.6 (/opt/ros/humble/share/rosidl_generator_cpp/cmake)
[1.035s] -- Using all available rosidl_typesupport_c: rosidl_typesupport_fastrtps_c;rosidl_typesupport_introspection_c
[1.067s] -- Using all available rosidl_typesupport_cpp: rosidl_typesupport_fastrtps_cpp;rosidl_typesupport_introspection_cpp
[1.156s] -- Found rmw_implementation_cmake: 6.1.2 (/opt/ros/humble/share/rmw_implementation_cmake/cmake)
[1.163s] -- Found rmw_fastrtps_cpp: 6.2.7 (/opt/ros/humble/share/rmw_fastrtps_cpp/cmake)
[1.302s] -- Found OpenSSL: /usr/lib/x86_64-linux-gnu/libcrypto.so (found version "3.0.2")  
[1.343s] -- Found FastRTPS: /opt/ros/humble/include  
[1.401s] -- Using RMW implementation 'rmw_fastrtps_cpp' as default
[1.420s] -- Looking for pthread.h
[1.526s] -- Looking for pthread.h - found
[1.526s] -- Performing Test CMAKE_HAVE_LIBC_PTHREAD
[1.617s] -- Performing Test CMAKE_HAVE_LIBC_PTHREAD - Success
[1.618s] -- Found Threads: TRUE  
[1.710s] -- Found PkgConfig: /usr/bin/pkg-config (found version "0.29.2") 
[1.711s] -- Checking for module 'bullet>=2.82'
[1.731s] --   Found bullet, version 3.05
[1.881s] -- Found fcl: /usr/include (found suitable version "0.7.0", minimum required is "0.5.0") 
[1.943s] -- Found assimp: /usr/include (found version "5.2.0") 
[1.986s] -- Found DART: /usr/include (Required is at least version "6.6") found components: dart 
[2.037s] -- Found Boost: /usr/lib/x86_64-linux-gnu/cmake/Boost-1.74.0/BoostConfig.cmake (found suitable version "1.74.0", minimum required is "1.40.0") found components: thread system filesystem program_options regex iostreams date_time 
[2.065s] -- Found Protobuf: /usr/lib/x86_64-linux-gnu/libprotobuf.so (found version "3.12.4") 
[2.076s] -- Looking for ignition-math6 -- found version 6.15.1
[2.089s] -- Searching for dependencies of ignition-math6
[2.093s] -- Looking for OGRE...
[2.094s] -- OGRE_PREFIX_WATCH changed.
[2.101s] -- Checking for module 'OGRE'
[2.119s] --   Found OGRE, version 1.9.0
[2.163s] -- Found Ogre Ghadamon (1.9.0)
[2.175s] -- Found OGRE: optimized;/usr/lib/x86_64-linux-gnu/libOgreMain.so;debug;/usr/lib/x86_64-linux-gnu/libOgreMain.so
[2.188s] -- Looking for OGRE_Paging...
[2.197s] -- Found OGRE_Paging: optimized;/usr/lib/x86_64-linux-gnu/libOgrePaging.so;debug;/usr/lib/x86_64-linux-gnu/libOgrePaging.so
[2.197s] -- Looking for OGRE_Terrain...
[2.206s] -- Found OGRE_Terrain: optimized;/usr/lib/x86_64-linux-gnu/libOgreTerrain.so;debug;/usr/lib/x86_64-linux-gnu/libOgreTerrain.so
[2.206s] -- Looking for OGRE_Property...
[2.214s] -- Found OGRE_Property: optimized;/usr/lib/x86_64-linux-gnu/libOgreProperty.so;debug;/usr/lib/x86_64-linux-gnu/libOgreProperty.so
[2.214s] -- Looking for OGRE_RTShaderSystem...
[2.223s] -- Found OGRE_RTShaderSystem: optimized;/usr/lib/x86_64-linux-gnu/libOgreRTShaderSystem.so;debug;/usr/lib/x86_64-linux-gnu/libOgreRTShaderSystem.so
[2.223s] -- Looking for OGRE_Volume...
[2.232s] -- Found OGRE_Volume: optimized;/usr/lib/x86_64-linux-gnu/libOgreVolume.so;debug;/usr/lib/x86_64-linux-gnu/libOgreVolume.so
[2.232s] -- Looking for OGRE_Overlay...
[2.241s] -- Found OGRE_Overlay: optimized;/usr/lib/x86_64-linux-gnu/libOgreOverlay.so;debug;/usr/lib/x86_64-linux-gnu/libOgreOverlay.so
[2.424s] -- Looking for ignition-math6 -- found version 6.15.1
[2.429s] -- Looking for ignition-transport8 -- found version 8.2.1
[2.429s] -- Searching for dependencies of ignition-transport8
[2.455s] -- Found Protobuf: /usr/lib/x86_64-linux-gnu/libprotobuf.so (found suitable version "3.12.4", minimum required is "3") 
[2.472s] -- Config-file not installed for ZeroMQ -- checking for pkg-config
[2.478s] -- Checking for module 'libzmq >= 4'
[2.498s] --   Found libzmq , version 4.3.4
[2.542s] -- Found ZeroMQ: TRUE (Required is at least version "4") 
[2.551s] -- Checking for module 'uuid'
[2.569s] --   Found uuid, version 2.37.2
[2.609s] -- Found UUID: TRUE  
[2.614s] -- Looking for ignition-msgs5 -- found version 5.8.1
[2.614s] -- Searching for dependencies of ignition-msgs5
[2.640s] -- Looking for ignition-math6 -- found version 6.15.1
[2.647s] -- Checking for module 'tinyxml2'
[2.666s] --   Found tinyxml2, version 9.0.0
[2.707s] -- Looking for ignition-msgs5 -- found version 5.8.1
[2.712s] -- Looking for ignition-common3 -- found version 3.14.0
[2.712s] -- Searching for dependencies of ignition-common3
[2.713s] -- Looking for dlfcn.h - found
[2.714s] -- Looking for libdl - found
[2.716s] -- Found DL: TRUE  
[2.733s] -- Found tinyobjloader: /usr/lib/x86_64-linux-gnu/cmake/tinyobjloader/tinyobjloader-config.cmake (found version "2.0.0") 
[2.734s] -- Searching for <ignition-common3> component [graphics]
[2.739s] -- Looking for ignition-common3-graphics -- found version 3.14.0
[2.739s] -- Searching for dependencies of ignition-common3-graphics
[2.740s] -- Looking for ignition-math6 -- found version 6.15.1
[2.747s] -- Looking for ignition-fuel_tools4 -- found version 4.4.0
[2.748s] -- Searching for dependencies of ignition-fuel_tools4
[2.853s] -- Found CURL: /usr/lib/x86_64-linux-gnu/libcurl.so (found version "7.81.0")  
[2.867s] -- Checking for module 'jsoncpp'
[2.884s] --   Found jsoncpp, version 1.9.5
[2.925s] -- Found JSONCPP: TRUE  
[2.933s] -- Checking for module 'libzip'
[2.952s] --   Found libzip, version 1.7.3
[2.991s] -- Found ZIP: TRUE  
[2.991s] -- Looking for ignition-common3 -- found version 3.14.0
[2.992s] -- Looking for ignition-math6 -- found version 6.15.1
[2.992s] -- Looking for ignition-msgs5 -- found version 5.8.1
[2.999s] -- Gazebo version: 11.10
[2.999s] -- Checking for module 'tbb'
[3.018s] --   Found tbb, version 2021.5.0
[3.066s] -- Found rosidl_default_generators: 1.2.0 (/opt/ros/humble/share/rosidl_default_generators/cmake)
[3.088s] -- Found ament_lint_auto: 0.12.11 (/opt/ros/humble/share/ament_lint_auto/cmake)
[3.218s] -- Added test 'flake8' to check Python code syntax and style conventions
[3.220s] -- Added test 'lint_cmake' to check CMake code style
[3.222s] -- Added test 'pep257' to check Python code against some of the docstring style conventions in PEP 257
[3.226s] -- Added test 'xmllint' to check XML markup files
[3.229s] -- Configuring done
[3.235s] -- Generating done
[3.239s] -- Build files have been written to: /home/sanjit/ros2_ws/src/build/spiral_maze
[3.255s] Invoked command in '/home/sanjit/ros2_ws/src/build/spiral_maze' returned '0': CMAKE_PREFIX_PATH=${CMAKE_PREFIX_PATH}:/home/sanjit/ros2_ws/install/task1:/home/sanjit/ros2_ws/install/robot_task1:/home/sanjit/ros2_ws/install/robot_task1_1:/home/sanjit/ros2_ws/install/py_srvcli:/home/sanjit/ros2_ws/install/py_pubsub:/home/sanjit/ros2_ws/install/my_package:/home/sanjit/ros2_ws/install/launch_testing_examples:/home/sanjit/ros2_ws/install/examples_rclpy_pointcloud_publisher:/home/sanjit/ros2_ws/install/examples_rclpy_minimal_subscriber:/home/sanjit/ros2_ws/install/examples_rclpy_minimal_service:/home/sanjit/ros2_ws/install/examples_rclpy_minimal_publisher:/home/sanjit/ros2_ws/install/examples_rclpy_minimal_client:/home/sanjit/ros2_ws/install/examples_rclpy_minimal_action_server:/home/sanjit/ros2_ws/install/examples_rclpy_minimal_action_client:/home/sanjit/ros2_ws/install/examples_rclpy_guard_conditions:/home/sanjit/ros2_ws/install/examples_rclpy_executors:/opt/ros/humble /usr/bin/cmake /home/sanjit/ros2_ws/src/spiral_maze -DCMAKE_INSTALL_PREFIX=/home/sanjit/ros2_ws/src/install/spiral_maze
[3.257s] Invoking command in '/home/sanjit/ros2_ws/src/build/spiral_maze': CMAKE_PREFIX_PATH=${CMAKE_PREFIX_PATH}:/home/sanjit/ros2_ws/install/task1:/home/sanjit/ros2_ws/install/robot_task1:/home/sanjit/ros2_ws/install/robot_task1_1:/home/sanjit/ros2_ws/install/py_srvcli:/home/sanjit/ros2_ws/install/py_pubsub:/home/sanjit/ros2_ws/install/my_package:/home/sanjit/ros2_ws/install/launch_testing_examples:/home/sanjit/ros2_ws/install/examples_rclpy_pointcloud_publisher:/home/sanjit/ros2_ws/install/examples_rclpy_minimal_subscriber:/home/sanjit/ros2_ws/install/examples_rclpy_minimal_service:/home/sanjit/ros2_ws/install/examples_rclpy_minimal_publisher:/home/sanjit/ros2_ws/install/examples_rclpy_minimal_client:/home/sanjit/ros2_ws/install/examples_rclpy_minimal_action_server:/home/sanjit/ros2_ws/install/examples_rclpy_minimal_action_client:/home/sanjit/ros2_ws/install/examples_rclpy_guard_conditions:/home/sanjit/ros2_ws/install/examples_rclpy_executors:/opt/ros/humble /usr/bin/cmake --build /home/sanjit/ros2_ws/src/build/spiral_maze -- -j16 -l16
[3.309s] Invoked command in '/home/sanjit/ros2_ws/src/build/spiral_maze' returned '0': CMAKE_PREFIX_PATH=${CMAKE_PREFIX_PATH}:/home/sanjit/ros2_ws/install/task1:/home/sanjit/ros2_ws/install/robot_task1:/home/sanjit/ros2_ws/install/robot_task1_1:/home/sanjit/ros2_ws/install/py_srvcli:/home/sanjit/ros2_ws/install/py_pubsub:/home/sanjit/ros2_ws/install/my_package:/home/sanjit/ros2_ws/install/launch_testing_examples:/home/sanjit/ros2_ws/install/examples_rclpy_pointcloud_publisher:/home/sanjit/ros2_ws/install/examples_rclpy_minimal_subscriber:/home/sanjit/ros2_ws/install/examples_rclpy_minimal_service:/home/sanjit/ros2_ws/install/examples_rclpy_minimal_publisher:/home/sanjit/ros2_ws/install/examples_rclpy_minimal_client:/home/sanjit/ros2_ws/install/examples_rclpy_minimal_action_server:/home/sanjit/ros2_ws/install/examples_rclpy_minimal_action_client:/home/sanjit/ros2_ws/install/examples_rclpy_guard_conditions:/home/sanjit/ros2_ws/install/examples_rclpy_executors:/opt/ros/humble /usr/bin/cmake --build /home/sanjit/ros2_ws/src/build/spiral_maze -- -j16 -l16
[3.320s] Invoking command in '/home/sanjit/ros2_ws/src/build/spiral_maze': CMAKE_PREFIX_PATH=${CMAKE_PREFIX_PATH}:/home/sanjit/ros2_ws/install/task1:/home/sanjit/ros2_ws/install/robot_task1:/home/sanjit/ros2_ws/install/robot_task1_1:/home/sanjit/ros2_ws/install/py_srvcli:/home/sanjit/ros2_ws/install/py_pubsub:/home/sanjit/ros2_ws/install/my_package:/home/sanjit/ros2_ws/install/launch_testing_examples:/home/sanjit/ros2_ws/install/examples_rclpy_pointcloud_publisher:/home/sanjit/ros2_ws/install/examples_rclpy_minimal_subscriber:/home/sanjit/ros2_ws/install/examples_rclpy_minimal_service:/home/sanjit/ros2_ws/install/examples_rclpy_minimal_publisher:/home/sanjit/ros2_ws/install/examples_rclpy_minimal_client:/home/sanjit/ros2_ws/install/examples_rclpy_minimal_action_server:/home/sanjit/ros2_ws/install/examples_rclpy_minimal_action_client:/home/sanjit/ros2_ws/install/examples_rclpy_guard_conditions:/home/sanjit/ros2_ws/install/examples_rclpy_executors:/opt/ros/humble /usr/bin/cmake --install /home/sanjit/ros2_ws/src/build/spiral_maze
[3.330s] -- Install configuration: ""
[3.330s] -- Installing: /home/sanjit/ros2_ws/src/install/spiral_maze/share/spiral_maze/launch
[3.330s] -- Installing: /home/sanjit/ros2_ws/src/install/spiral_maze/share/spiral_maze/launch/spiral_maze.launch.py
[3.330s] -- Installing: /home/sanjit/ros2_ws/src/install/spiral_maze/share/spiral_maze/models
[3.330s] -- Installing: /home/sanjit/ros2_ws/src/install/spiral_maze/share/spiral_maze/models/spiral_maze_model
[3.330s] -- Installing: /home/sanjit/ros2_ws/src/install/spiral_maze/share/spiral_maze/models/spiral_maze_model/materials
[3.330s] -- Installing: /home/sanjit/ros2_ws/src/install/spiral_maze/share/spiral_maze/models/spiral_maze_model/materials/meshes
[3.330s] -- Installing: /home/sanjit/ros2_ws/src/install/spiral_maze/share/spiral_maze/models/spiral_maze_model/materials/meshes/maze_v1.stl
[3.331s] -- Installing: /home/sanjit/ros2_ws/src/install/spiral_maze/share/spiral_maze/models/spiral_maze_model/model.config
[3.331s] -- Installing: /home/sanjit/ros2_ws/src/install/spiral_maze/share/spiral_maze/models/spiral_maze_model/model.sdf
[3.331s] -- Installing: /home/sanjit/ros2_ws/src/install/spiral_maze/share/spiral_maze/world
[3.331s] -- Installing: /home/sanjit/ros2_ws/src/install/spiral_maze/share/spiral_maze/world/spiral_maze_course.world
[3.331s] -- Installing: /home/sanjit/ros2_ws/src/install/spiral_maze/share/spiral_maze/urdf
[3.331s] -- Installing: /home/sanjit/ros2_ws/src/install/spiral_maze/share/spiral_maze/urdf/bot_desc.urdf
[3.331s] -- Installing: /home/sanjit/ros2_ws/src/install/spiral_maze/share/ament_index/resource_index/package_run_dependencies/spiral_maze
[3.331s] -- Installing: /home/sanjit/ros2_ws/src/install/spiral_maze/share/ament_index/resource_index/parent_prefix_path/spiral_maze
[3.331s] -- Installing: /home/sanjit/ros2_ws/src/install/spiral_maze/share/spiral_maze/environment/ament_prefix_path.sh
[3.331s] -- Installing: /home/sanjit/ros2_ws/src/install/spiral_maze/share/spiral_maze/environment/ament_prefix_path.dsv
[3.331s] -- Installing: /home/sanjit/ros2_ws/src/install/spiral_maze/share/spiral_maze/environment/path.sh
[3.331s] -- Installing: /home/sanjit/ros2_ws/src/install/spiral_maze/share/spiral_maze/environment/path.dsv
[3.331s] -- Installing: /home/sanjit/ros2_ws/src/install/spiral_maze/share/spiral_maze/local_setup.bash
[3.332s] -- Installing: /home/sanjit/ros2_ws/src/install/spiral_maze/share/spiral_maze/local_setup.sh
[3.332s] -- Installing: /home/sanjit/ros2_ws/src/install/spiral_maze/share/spiral_maze/local_setup.zsh
[3.332s] -- Installing: /home/sanjit/ros2_ws/src/install/spiral_maze/share/spiral_maze/local_setup.dsv
[3.332s] -- Installing: /home/sanjit/ros2_ws/src/install/spiral_maze/share/spiral_maze/package.dsv
[3.332s] -- Installing: /home/sanjit/ros2_ws/src/install/spiral_maze/share/ament_index/resource_index/packages/spiral_maze
[3.332s] -- Installing: /home/sanjit/ros2_ws/src/install/spiral_maze/share/spiral_maze/cmake/spiral_mazeConfig.cmake
[3.332s] -- Installing: /home/sanjit/ros2_ws/src/install/spiral_maze/share/spiral_maze/cmake/spiral_mazeConfig-version.cmake
[3.332s] -- Installing: /home/sanjit/ros2_ws/src/install/spiral_maze/share/spiral_maze/package.xml
[3.334s] Invoked command in '/home/sanjit/ros2_ws/src/build/spiral_maze' returned '0': CMAKE_PREFIX_PATH=${CMAKE_PREFIX_PATH}:/home/sanjit/ros2_ws/install/task1:/home/sanjit/ros2_ws/install/robot_task1:/home/sanjit/ros2_ws/install/robot_task1_1:/home/sanjit/ros2_ws/install/py_srvcli:/home/sanjit/ros2_ws/install/py_pubsub:/home/sanjit/ros2_ws/install/my_package:/home/sanjit/ros2_ws/install/launch_testing_examples:/home/sanjit/ros2_ws/install/examples_rclpy_pointcloud_publisher:/home/sanjit/ros2_ws/install/examples_rclpy_minimal_subscriber:/home/sanjit/ros2_ws/install/examples_rclpy_minimal_service:/home/sanjit/ros2_ws/install/examples_rclpy_minimal_publisher:/home/sanjit/ros2_ws/install/examples_rclpy_minimal_client:/home/sanjit/ros2_ws/install/examples_rclpy_minimal_action_server:/home/sanjit/ros2_ws/install/examples_rclpy_minimal_action_client:/home/sanjit/ros2_ws/install/examples_rclpy_guard_conditions:/home/sanjit/ros2_ws/install/examples_rclpy_executors:/opt/ros/humble /usr/bin/cmake --install /home/sanjit/ros2_ws/src/build/spiral_maze
