running egg_info
creating build/task1/task1.egg-info
writing build/task1/task1.egg-info/PKG-INFO
writing dependency_links to build/task1/task1.egg-info/dependency_links.txt
writing entry points to build/task1/task1.egg-info/entry_points.txt
writing requirements to build/task1/task1.egg-info/requires.txt
writing top-level names to build/task1/task1.egg-info/top_level.txt
writing manifest file 'build/task1/task1.egg-info/SOURCES.txt'
reading manifest file 'build/task1/task1.egg-info/SOURCES.txt'
adding license file 'LICENSE'
writing manifest file 'build/task1/task1.egg-info/SOURCES.txt'
running build
running build_py
creating /home/sanjit/ros2_ws/src/task1/build/task1/build
creating /home/sanjit/ros2_ws/src/task1/build/task1/build/lib
creating /home/sanjit/ros2_ws/src/task1/build/task1/build/lib/task1
copying task1/move.py -> /home/sanjit/ros2_ws/src/task1/build/task1/build/lib/task1
copying task1/service.py -> /home/sanjit/ros2_ws/src/task1/build/task1/build/lib/task1
copying task1/custom_odometry.py -> /home/sanjit/ros2_ws/src/task1/build/task1/build/lib/task1
copying task1/__init__.py -> /home/sanjit/ros2_ws/src/task1/build/task1/build/lib/task1
running install
running install_lib
creating /home/sanjit/ros2_ws/src/task1/install/task1/lib/python3.10/site-packages/task1
copying /home/sanjit/ros2_ws/src/task1/build/task1/build/lib/task1/move.py -> /home/sanjit/ros2_ws/src/task1/install/task1/lib/python3.10/site-packages/task1
copying /home/sanjit/ros2_ws/src/task1/build/task1/build/lib/task1/service.py -> /home/sanjit/ros2_ws/src/task1/install/task1/lib/python3.10/site-packages/task1
copying /home/sanjit/ros2_ws/src/task1/build/task1/build/lib/task1/custom_odometry.py -> /home/sanjit/ros2_ws/src/task1/install/task1/lib/python3.10/site-packages/task1
copying /home/sanjit/ros2_ws/src/task1/build/task1/build/lib/task1/__init__.py -> /home/sanjit/ros2_ws/src/task1/install/task1/lib/python3.10/site-packages/task1
byte-compiling /home/sanjit/ros2_ws/src/task1/install/task1/lib/python3.10/site-packages/task1/move.py to move.cpython-310.pyc
byte-compiling /home/sanjit/ros2_ws/src/task1/install/task1/lib/python3.10/site-packages/task1/service.py to service.cpython-310.pyc
byte-compiling /home/sanjit/ros2_ws/src/task1/install/task1/lib/python3.10/site-packages/task1/custom_odometry.py to custom_odometry.cpython-310.pyc
byte-compiling /home/sanjit/ros2_ws/src/task1/install/task1/lib/python3.10/site-packages/task1/__init__.py to __init__.cpython-310.pyc
running install_data
creating /home/sanjit/ros2_ws/src/task1/install/task1/share
creating /home/sanjit/ros2_ws/src/task1/install/task1/share/ament_index
creating /home/sanjit/ros2_ws/src/task1/install/task1/share/ament_index/resource_index
creating /home/sanjit/ros2_ws/src/task1/install/task1/share/ament_index/resource_index/packages
copying resource/task1 -> /home/sanjit/ros2_ws/src/task1/install/task1/share/ament_index/resource_index/packages
creating /home/sanjit/ros2_ws/src/task1/install/task1/share/task1
copying package.xml -> /home/sanjit/ros2_ws/src/task1/install/task1/share/task1
creating /home/sanjit/ros2_ws/src/task1/install/task1/share/task1/urdf
copying urdf/bot_desc.urdf -> /home/sanjit/ros2_ws/src/task1/install/task1/share/task1/urdf
creating /home/sanjit/ros2_ws/src/task1/install/task1/share/task1/worlds
copying worlds/empty.world -> /home/sanjit/ros2_ws/src/task1/install/task1/share/task1/worlds
creating /home/sanjit/ros2_ws/src/task1/install/task1/share/task1/launch
copying launch/gazebo_launch.py -> /home/sanjit/ros2_ws/src/task1/install/task1/share/task1/launch
creating /home/sanjit/ros2_ws/src/task1/install/task1/share/task1/srv
copying srv/Waypoint.srv -> /home/sanjit/ros2_ws/src/task1/install/task1/share/task1/srv
running install_egg_info
Copying build/task1/task1.egg-info to /home/sanjit/ros2_ws/src/task1/install/task1/lib/python3.10/site-packages/task1-0.0.0-py3.10.egg-info
running install_scripts
Installing move script to /home/sanjit/ros2_ws/src/task1/install/task1/lib/task1
Installing waypoint_service script to /home/sanjit/ros2_ws/src/task1/install/task1/lib/task1
writing list of installed files to '/home/sanjit/ros2_ws/src/task1/build/task1/install.log'
