[ 50%] [32mBuilding CXX object CMakeFiles/service_main.dir/main.cpp.o[0m
[100%] [32m[1mLinking CXX executable service_main[0m
[100%] Built target service_main
-- Install configuration: ""
-- Installing: /home/sanjit/ros2_ws/src/install/examples_rclcpp_minimal_service/lib/examples_rclcpp_minimal_service/service_main
-- Set runtime path of "/home/sanjit/ros2_ws/src/install/examples_rclcpp_minimal_service/lib/examples_rclcpp_minimal_service/service_main" to ""
-- Installing: /home/sanjit/ros2_ws/src/install/examples_rclcpp_minimal_service/share/ament_index/resource_index/package_run_dependencies/examples_rclcpp_minimal_service
-- Installing: /home/sanjit/ros2_ws/src/install/examples_rclcpp_minimal_service/share/ament_index/resource_index/parent_prefix_path/examples_rclcpp_minimal_service
-- Installing: /home/sanjit/ros2_ws/src/install/examples_rclcpp_minimal_service/share/examples_rclcpp_minimal_service/environment/ament_prefix_path.sh
-- Installing: /home/sanjit/ros2_ws/src/install/examples_rclcpp_minimal_service/share/examples_rclcpp_minimal_service/environment/ament_prefix_path.dsv
-- Installing: /home/sanjit/ros2_ws/src/install/examples_rclcpp_minimal_service/share/examples_rclcpp_minimal_service/environment/path.sh
-- Installing: /home/sanjit/ros2_ws/src/install/examples_rclcpp_minimal_service/share/examples_rclcpp_minimal_service/environment/path.dsv
-- Installing: /home/sanjit/ros2_ws/src/install/examples_rclcpp_minimal_service/share/examples_rclcpp_minimal_service/local_setup.bash
-- Installing: /home/sanjit/ros2_ws/src/install/examples_rclcpp_minimal_service/share/examples_rclcpp_minimal_service/local_setup.sh
-- Installing: /home/sanjit/ros2_ws/src/install/examples_rclcpp_minimal_service/share/examples_rclcpp_minimal_service/local_setup.zsh
-- Installing: /home/sanjit/ros2_ws/src/install/examples_rclcpp_minimal_service/share/examples_rclcpp_minimal_service/local_setup.dsv
-- Installing: /home/sanjit/ros2_ws/src/install/examples_rclcpp_minimal_service/share/examples_rclcpp_minimal_service/package.dsv
-- Installing: /home/sanjit/ros2_ws/src/install/examples_rclcpp_minimal_service/share/ament_index/resource_index/packages/examples_rclcpp_minimal_service
-- Installing: /home/sanjit/ros2_ws/src/install/examples_rclcpp_minimal_service/share/examples_rclcpp_minimal_service/cmake/examples_rclcpp_minimal_serviceConfig.cmake
-- Installing: /home/sanjit/ros2_ws/src/install/examples_rclcpp_minimal_service/share/examples_rclcpp_minimal_service/cmake/examples_rclcpp_minimal_serviceConfig-version.cmake
-- Installing: /home/sanjit/ros2_ws/src/install/examples_rclcpp_minimal_service/share/examples_rclcpp_minimal_service/package.xml
