[0.599s] Invoking command in '/home/sanjit/ros2_ws/src/examples/rclpy/guard_conditions': PYTHONPATH=/home/sanjit/ros2_ws/src/build/examples_rclpy_guard_conditions/prefix_override:/usr/lib/python3/dist-packages/colcon_core/task/python/colcon_distutils_commands:/home/sanjit/ros2_ws/src/install/examples_rclpy_guard_conditions/lib/python3.10/site-packages:${PYTHONPATH} /usr/bin/python3 -W ignore:setup.py install is deprecated -W ignore:easy_install command is deprecated setup.py egg_info --egg-base ../../../build/examples_rclpy_guard_conditions build --build-base /home/sanjit/ros2_ws/src/build/examples_rclpy_guard_conditions/build install --record /home/sanjit/ros2_ws/src/build/examples_rclpy_guard_conditions/install.log --single-version-externally-managed install_data
[0.788s] running egg_info
[0.789s] writing ../../../build/examples_rclpy_guard_conditions/examples_rclpy_guard_conditions.egg-info/PKG-INFO
[0.789s] writing dependency_links to ../../../build/examples_rclpy_guard_conditions/examples_rclpy_guard_conditions.egg-info/dependency_links.txt
[0.789s] writing entry points to ../../../build/examples_rclpy_guard_conditions/examples_rclpy_guard_conditions.egg-info/entry_points.txt
[0.789s] writing requirements to ../../../build/examples_rclpy_guard_conditions/examples_rclpy_guard_conditions.egg-info/requires.txt
[0.789s] writing top-level names to ../../../build/examples_rclpy_guard_conditions/examples_rclpy_guard_conditions.egg-info/top_level.txt
[0.799s] reading manifest file '../../../build/examples_rclpy_guard_conditions/examples_rclpy_guard_conditions.egg-info/SOURCES.txt'
[0.800s] writing manifest file '../../../build/examples_rclpy_guard_conditions/examples_rclpy_guard_conditions.egg-info/SOURCES.txt'
[0.801s] running build
[0.801s] running build_py
[0.801s] running install
[0.801s] running install_lib
[0.803s] running install_data
[0.804s] running install_egg_info
[0.806s] removing '/home/sanjit/ros2_ws/src/install/examples_rclpy_guard_conditions/lib/python3.10/site-packages/examples_rclpy_guard_conditions-0.15.3-py3.10.egg-info' (and everything under it)
[0.806s] Copying ../../../build/examples_rclpy_guard_conditions/examples_rclpy_guard_conditions.egg-info to /home/sanjit/ros2_ws/src/install/examples_rclpy_guard_conditions/lib/python3.10/site-packages/examples_rclpy_guard_conditions-0.15.3-py3.10.egg-info
[0.807s] running install_scripts
[0.826s] Installing trigger_guard_condition script to /home/sanjit/ros2_ws/src/install/examples_rclpy_guard_conditions/lib/examples_rclpy_guard_conditions
[0.826s] writing list of installed files to '/home/sanjit/ros2_ws/src/build/examples_rclpy_guard_conditions/install.log'
[0.845s] Invoked command in '/home/sanjit/ros2_ws/src/examples/rclpy/guard_conditions' returned '0': PYTHONPATH=/home/sanjit/ros2_ws/src/build/examples_rclpy_guard_conditions/prefix_override:/usr/lib/python3/dist-packages/colcon_core/task/python/colcon_distutils_commands:/home/sanjit/ros2_ws/src/install/examples_rclpy_guard_conditions/lib/python3.10/site-packages:${PYTHONPATH} /usr/bin/python3 -W ignore:setup.py install is deprecated -W ignore:easy_install command is deprecated setup.py egg_info --egg-base ../../../build/examples_rclpy_guard_conditions build --build-base /home/sanjit/ros2_ws/src/build/examples_rclpy_guard_conditions/build install --record /home/sanjit/ros2_ws/src/build/examples_rclpy_guard_conditions/install.log --single-version-externally-managed install_data
