[4.398s] Invoking command in '/home/sanjit/ros2_ws/src/examples/rclpy/services/minimal_service': PYTHONPATH=/home/sanjit/ros2_ws/src/build/examples_rclpy_minimal_service/prefix_override:/usr/lib/python3/dist-packages/colcon_core/task/python/colcon_distutils_commands:/home/sanjit/ros2_ws/src/install/examples_rclpy_minimal_service/lib/python3.10/site-packages:${PYTHONPATH} /usr/bin/python3 -W ignore:setup.py install is deprecated -W ignore:easy_install command is deprecated setup.py egg_info --egg-base ../../../../build/examples_rclpy_minimal_service build --build-base /home/sanjit/ros2_ws/src/build/examples_rclpy_minimal_service/build install --record /home/sanjit/ros2_ws/src/build/examples_rclpy_minimal_service/install.log --single-version-externally-managed install_data
[5.685s] running egg_info
[5.689s] creating ../../../../build/examples_rclpy_minimal_service/examples_rclpy_minimal_service.egg-info
[5.690s] writing ../../../../build/examples_rclpy_minimal_service/examples_rclpy_minimal_service.egg-info/PKG-INFO
[5.692s] writing dependency_links to ../../../../build/examples_rclpy_minimal_service/examples_rclpy_minimal_service.egg-info/dependency_links.txt
[5.693s] writing entry points to ../../../../build/examples_rclpy_minimal_service/examples_rclpy_minimal_service.egg-info/entry_points.txt
[5.694s] writing requirements to ../../../../build/examples_rclpy_minimal_service/examples_rclpy_minimal_service.egg-info/requires.txt
[5.695s] writing top-level names to ../../../../build/examples_rclpy_minimal_service/examples_rclpy_minimal_service.egg-info/top_level.txt
[5.695s] writing manifest file '../../../../build/examples_rclpy_minimal_service/examples_rclpy_minimal_service.egg-info/SOURCES.txt'
[5.713s] reading manifest file '../../../../build/examples_rclpy_minimal_service/examples_rclpy_minimal_service.egg-info/SOURCES.txt'
[5.718s] writing manifest file '../../../../build/examples_rclpy_minimal_service/examples_rclpy_minimal_service.egg-info/SOURCES.txt'
[5.719s] running build
[5.720s] running build_py
[5.721s] creating /home/sanjit/ros2_ws/src/build/examples_rclpy_minimal_service/build
[5.723s] creating /home/sanjit/ros2_ws/src/build/examples_rclpy_minimal_service/build/lib
[5.723s] creating /home/sanjit/ros2_ws/src/build/examples_rclpy_minimal_service/build/lib/examples_rclpy_minimal_service
[5.724s] copying examples_rclpy_minimal_service/service.py -> /home/sanjit/ros2_ws/src/build/examples_rclpy_minimal_service/build/lib/examples_rclpy_minimal_service
[5.725s] copying examples_rclpy_minimal_service/service_member_function.py -> /home/sanjit/ros2_ws/src/build/examples_rclpy_minimal_service/build/lib/examples_rclpy_minimal_service
[5.726s] copying examples_rclpy_minimal_service/__init__.py -> /home/sanjit/ros2_ws/src/build/examples_rclpy_minimal_service/build/lib/examples_rclpy_minimal_service
[5.726s] running install
[5.727s] running install_lib
[5.730s] creating /home/sanjit/ros2_ws/src/install/examples_rclpy_minimal_service/lib/python3.10/site-packages/examples_rclpy_minimal_service
[5.730s] copying /home/sanjit/ros2_ws/src/build/examples_rclpy_minimal_service/build/lib/examples_rclpy_minimal_service/service.py -> /home/sanjit/ros2_ws/src/install/examples_rclpy_minimal_service/lib/python3.10/site-packages/examples_rclpy_minimal_service
[5.731s] copying /home/sanjit/ros2_ws/src/build/examples_rclpy_minimal_service/build/lib/examples_rclpy_minimal_service/service_member_function.py -> /home/sanjit/ros2_ws/src/install/examples_rclpy_minimal_service/lib/python3.10/site-packages/examples_rclpy_minimal_service
[5.731s] copying /home/sanjit/ros2_ws/src/build/examples_rclpy_minimal_service/build/lib/examples_rclpy_minimal_service/__init__.py -> /home/sanjit/ros2_ws/src/install/examples_rclpy_minimal_service/lib/python3.10/site-packages/examples_rclpy_minimal_service
[5.733s] byte-compiling /home/sanjit/ros2_ws/src/install/examples_rclpy_minimal_service/lib/python3.10/site-packages/examples_rclpy_minimal_service/service.py to service.cpython-310.pyc
[5.736s] byte-compiling /home/sanjit/ros2_ws/src/install/examples_rclpy_minimal_service/lib/python3.10/site-packages/examples_rclpy_minimal_service/service_member_function.py to service_member_function.cpython-310.pyc
[5.738s] byte-compiling /home/sanjit/ros2_ws/src/install/examples_rclpy_minimal_service/lib/python3.10/site-packages/examples_rclpy_minimal_service/__init__.py to __init__.cpython-310.pyc
[5.739s] running install_data
[5.740s] creating /home/sanjit/ros2_ws/src/install/examples_rclpy_minimal_service/share/ament_index
[5.741s] creating /home/sanjit/ros2_ws/src/install/examples_rclpy_minimal_service/share/ament_index/resource_index
[5.742s] creating /home/sanjit/ros2_ws/src/install/examples_rclpy_minimal_service/share/ament_index/resource_index/packages
[5.743s] copying resource/examples_rclpy_minimal_service -> /home/sanjit/ros2_ws/src/install/examples_rclpy_minimal_service/share/ament_index/resource_index/packages
[5.744s] copying package.xml -> /home/sanjit/ros2_ws/src/install/examples_rclpy_minimal_service/share/examples_rclpy_minimal_service
[5.745s] running install_egg_info
[5.755s] Copying ../../../../build/examples_rclpy_minimal_service/examples_rclpy_minimal_service.egg-info to /home/sanjit/ros2_ws/src/install/examples_rclpy_minimal_service/lib/python3.10/site-packages/examples_rclpy_minimal_service-0.15.3-py3.10.egg-info
[5.758s] running install_scripts
[5.887s] Installing service script to /home/sanjit/ros2_ws/src/install/examples_rclpy_minimal_service/lib/examples_rclpy_minimal_service
[5.888s] Installing service_member_function script to /home/sanjit/ros2_ws/src/install/examples_rclpy_minimal_service/lib/examples_rclpy_minimal_service
[5.890s] writing list of installed files to '/home/sanjit/ros2_ws/src/build/examples_rclpy_minimal_service/install.log'
[6.017s] Invoked command in '/home/sanjit/ros2_ws/src/examples/rclpy/services/minimal_service' returned '0': PYTHONPATH=/home/sanjit/ros2_ws/src/build/examples_rclpy_minimal_service/prefix_override:/usr/lib/python3/dist-packages/colcon_core/task/python/colcon_distutils_commands:/home/sanjit/ros2_ws/src/install/examples_rclpy_minimal_service/lib/python3.10/site-packages:${PYTHONPATH} /usr/bin/python3 -W ignore:setup.py install is deprecated -W ignore:easy_install command is deprecated setup.py egg_info --egg-base ../../../../build/examples_rclpy_minimal_service build --build-base /home/sanjit/ros2_ws/src/build/examples_rclpy_minimal_service/build install --record /home/sanjit/ros2_ws/src/build/examples_rclpy_minimal_service/install.log --single-version-externally-managed install_data
