[2.648s] Invoking command in '/home/sanjit/ros2_ws/src/examples/rclpy/actions/minimal_action_client': PYTHONPATH=/home/sanjit/ros2_ws/src/build/examples_rclpy_minimal_action_client/prefix_override:/usr/lib/python3/dist-packages/colcon_core/task/python/colcon_distutils_commands:/home/sanjit/ros2_ws/src/install/examples_rclpy_minimal_action_client/lib/python3.10/site-packages:${PYTHONPATH} /usr/bin/python3 -W ignore:setup.py install is deprecated -W ignore:easy_install command is deprecated setup.py egg_info --egg-base ../../../../build/examples_rclpy_minimal_action_client build --build-base /home/sanjit/ros2_ws/src/build/examples_rclpy_minimal_action_client/build install --record /home/sanjit/ros2_ws/src/build/examples_rclpy_minimal_action_client/install.log --single-version-externally-managed install_data
[6.788s] running egg_info
[6.794s] creating ../../../../build/examples_rclpy_minimal_action_client/examples_rclpy_minimal_action_client.egg-info
[6.794s] writing ../../../../build/examples_rclpy_minimal_action_client/examples_rclpy_minimal_action_client.egg-info/PKG-INFO
[6.794s] writing dependency_links to ../../../../build/examples_rclpy_minimal_action_client/examples_rclpy_minimal_action_client.egg-info/dependency_links.txt
[6.796s] writing entry points to ../../../../build/examples_rclpy_minimal_action_client/examples_rclpy_minimal_action_client.egg-info/entry_points.txt
[6.798s] writing requirements to ../../../../build/examples_rclpy_minimal_action_client/examples_rclpy_minimal_action_client.egg-info/requires.txt
[6.798s] writing top-level names to ../../../../build/examples_rclpy_minimal_action_client/examples_rclpy_minimal_action_client.egg-info/top_level.txt
[6.798s] writing manifest file '../../../../build/examples_rclpy_minimal_action_client/examples_rclpy_minimal_action_client.egg-info/SOURCES.txt'
[6.798s] reading manifest file '../../../../build/examples_rclpy_minimal_action_client/examples_rclpy_minimal_action_client.egg-info/SOURCES.txt'
[6.798s] writing manifest file '../../../../build/examples_rclpy_minimal_action_client/examples_rclpy_minimal_action_client.egg-info/SOURCES.txt'
[6.798s] running build
[6.799s] running build_py
[6.799s] creating /home/sanjit/ros2_ws/src/build/examples_rclpy_minimal_action_client/build
[6.799s] creating /home/sanjit/ros2_ws/src/build/examples_rclpy_minimal_action_client/build/lib
[6.799s] creating /home/sanjit/ros2_ws/src/build/examples_rclpy_minimal_action_client/build/lib/examples_rclpy_minimal_action_client
[6.799s] copying examples_rclpy_minimal_action_client/client.py -> /home/sanjit/ros2_ws/src/build/examples_rclpy_minimal_action_client/build/lib/examples_rclpy_minimal_action_client
[6.799s] copying examples_rclpy_minimal_action_client/client_not_composable.py -> /home/sanjit/ros2_ws/src/build/examples_rclpy_minimal_action_client/build/lib/examples_rclpy_minimal_action_client
[6.800s] copying examples_rclpy_minimal_action_client/client_cancel.py -> /home/sanjit/ros2_ws/src/build/examples_rclpy_minimal_action_client/build/lib/examples_rclpy_minimal_action_client
[6.800s] copying examples_rclpy_minimal_action_client/__init__.py -> /home/sanjit/ros2_ws/src/build/examples_rclpy_minimal_action_client/build/lib/examples_rclpy_minimal_action_client
[6.800s] copying examples_rclpy_minimal_action_client/client_asyncio.py -> /home/sanjit/ros2_ws/src/build/examples_rclpy_minimal_action_client/build/lib/examples_rclpy_minimal_action_client
[6.800s] running install
[6.800s] running install_lib
[6.802s] creating /home/sanjit/ros2_ws/src/install/examples_rclpy_minimal_action_client/lib/python3.10/site-packages/examples_rclpy_minimal_action_client
[6.803s] copying /home/sanjit/ros2_ws/src/build/examples_rclpy_minimal_action_client/build/lib/examples_rclpy_minimal_action_client/client.py -> /home/sanjit/ros2_ws/src/install/examples_rclpy_minimal_action_client/lib/python3.10/site-packages/examples_rclpy_minimal_action_client
[6.803s] copying /home/sanjit/ros2_ws/src/build/examples_rclpy_minimal_action_client/build/lib/examples_rclpy_minimal_action_client/client_not_composable.py -> /home/sanjit/ros2_ws/src/install/examples_rclpy_minimal_action_client/lib/python3.10/site-packages/examples_rclpy_minimal_action_client
[6.803s] copying /home/sanjit/ros2_ws/src/build/examples_rclpy_minimal_action_client/build/lib/examples_rclpy_minimal_action_client/client_cancel.py -> /home/sanjit/ros2_ws/src/install/examples_rclpy_minimal_action_client/lib/python3.10/site-packages/examples_rclpy_minimal_action_client
[6.803s] copying /home/sanjit/ros2_ws/src/build/examples_rclpy_minimal_action_client/build/lib/examples_rclpy_minimal_action_client/__init__.py -> /home/sanjit/ros2_ws/src/install/examples_rclpy_minimal_action_client/lib/python3.10/site-packages/examples_rclpy_minimal_action_client
[6.803s] copying /home/sanjit/ros2_ws/src/build/examples_rclpy_minimal_action_client/build/lib/examples_rclpy_minimal_action_client/client_asyncio.py -> /home/sanjit/ros2_ws/src/install/examples_rclpy_minimal_action_client/lib/python3.10/site-packages/examples_rclpy_minimal_action_client
[6.803s] byte-compiling /home/sanjit/ros2_ws/src/install/examples_rclpy_minimal_action_client/lib/python3.10/site-packages/examples_rclpy_minimal_action_client/client.py to client.cpython-310.pyc
[6.803s] byte-compiling /home/sanjit/ros2_ws/src/install/examples_rclpy_minimal_action_client/lib/python3.10/site-packages/examples_rclpy_minimal_action_client/client_not_composable.py to client_not_composable.cpython-310.pyc
[6.803s] byte-compiling /home/sanjit/ros2_ws/src/install/examples_rclpy_minimal_action_client/lib/python3.10/site-packages/examples_rclpy_minimal_action_client/client_cancel.py to client_cancel.cpython-310.pyc
[6.803s] byte-compiling /home/sanjit/ros2_ws/src/install/examples_rclpy_minimal_action_client/lib/python3.10/site-packages/examples_rclpy_minimal_action_client/__init__.py to __init__.cpython-310.pyc
[6.803s] byte-compiling /home/sanjit/ros2_ws/src/install/examples_rclpy_minimal_action_client/lib/python3.10/site-packages/examples_rclpy_minimal_action_client/client_asyncio.py to client_asyncio.cpython-310.pyc
[6.804s] running install_data
[6.804s] creating /home/sanjit/ros2_ws/src/install/examples_rclpy_minimal_action_client/share/ament_index
[6.805s] creating /home/sanjit/ros2_ws/src/install/examples_rclpy_minimal_action_client/share/ament_index/resource_index
[6.805s] creating /home/sanjit/ros2_ws/src/install/examples_rclpy_minimal_action_client/share/ament_index/resource_index/packages
[6.805s] copying resource/examples_rclpy_minimal_action_client -> /home/sanjit/ros2_ws/src/install/examples_rclpy_minimal_action_client/share/ament_index/resource_index/packages
[6.805s] copying package.xml -> /home/sanjit/ros2_ws/src/install/examples_rclpy_minimal_action_client/share/examples_rclpy_minimal_action_client
[6.805s] running install_egg_info
[6.805s] Copying ../../../../build/examples_rclpy_minimal_action_client/examples_rclpy_minimal_action_client.egg-info to /home/sanjit/ros2_ws/src/install/examples_rclpy_minimal_action_client/lib/python3.10/site-packages/examples_rclpy_minimal_action_client-0.15.3-py3.10.egg-info
[6.805s] running install_scripts
[6.805s] Installing client script to /home/sanjit/ros2_ws/src/install/examples_rclpy_minimal_action_client/lib/examples_rclpy_minimal_action_client
[6.805s] Installing client_asyncio script to /home/sanjit/ros2_ws/src/install/examples_rclpy_minimal_action_client/lib/examples_rclpy_minimal_action_client
[6.806s] Installing client_cancel script to /home/sanjit/ros2_ws/src/install/examples_rclpy_minimal_action_client/lib/examples_rclpy_minimal_action_client
[6.806s] Installing client_not_composable script to /home/sanjit/ros2_ws/src/install/examples_rclpy_minimal_action_client/lib/examples_rclpy_minimal_action_client
[6.806s] writing list of installed files to '/home/sanjit/ros2_ws/src/build/examples_rclpy_minimal_action_client/install.log'
