[0.522s] Invoking command in '/home/sanjit/ros2_ws/src/examples/rclpy/services/minimal_client': PYTHONPATH=/home/sanjit/ros2_ws/src/build/examples_rclpy_minimal_client/prefix_override:/usr/lib/python3/dist-packages/colcon_core/task/python/colcon_distutils_commands:/home/sanjit/ros2_ws/src/install/examples_rclpy_minimal_client/lib/python3.10/site-packages:${PYTHONPATH} /usr/bin/python3 -W ignore:setup.py install is deprecated -W ignore:easy_install command is deprecated setup.py egg_info --egg-base ../../../../build/examples_rclpy_minimal_client build --build-base /home/sanjit/ros2_ws/src/build/examples_rclpy_minimal_client/build install --record /home/sanjit/ros2_ws/src/build/examples_rclpy_minimal_client/install.log --single-version-externally-managed install_data
[0.680s] running egg_info
[0.680s] creating ../../../../build/examples_rclpy_minimal_client/examples_rclpy_minimal_client.egg-info
[0.681s] writing ../../../../build/examples_rclpy_minimal_client/examples_rclpy_minimal_client.egg-info/PKG-INFO
[0.681s] writing dependency_links to ../../../../build/examples_rclpy_minimal_client/examples_rclpy_minimal_client.egg-info/dependency_links.txt
[0.681s] writing entry points to ../../../../build/examples_rclpy_minimal_client/examples_rclpy_minimal_client.egg-info/entry_points.txt
[0.681s] writing requirements to ../../../../build/examples_rclpy_minimal_client/examples_rclpy_minimal_client.egg-info/requires.txt
[0.681s] writing top-level names to ../../../../build/examples_rclpy_minimal_client/examples_rclpy_minimal_client.egg-info/top_level.txt
[0.681s] writing manifest file '../../../../build/examples_rclpy_minimal_client/examples_rclpy_minimal_client.egg-info/SOURCES.txt'
[0.682s] reading manifest file '../../../../build/examples_rclpy_minimal_client/examples_rclpy_minimal_client.egg-info/SOURCES.txt'
[0.683s] writing manifest file '../../../../build/examples_rclpy_minimal_client/examples_rclpy_minimal_client.egg-info/SOURCES.txt'
[0.683s] running build
[0.683s] running build_py
[0.683s] creating /home/sanjit/ros2_ws/src/build/examples_rclpy_minimal_client/build
[0.683s] creating /home/sanjit/ros2_ws/src/build/examples_rclpy_minimal_client/build/lib
[0.683s] creating /home/sanjit/ros2_ws/src/build/examples_rclpy_minimal_client/build/lib/examples_rclpy_minimal_client
[0.683s] copying examples_rclpy_minimal_client/client_async_member_function.py -> /home/sanjit/ros2_ws/src/build/examples_rclpy_minimal_client/build/lib/examples_rclpy_minimal_client
[0.683s] copying examples_rclpy_minimal_client/client_async.py -> /home/sanjit/ros2_ws/src/build/examples_rclpy_minimal_client/build/lib/examples_rclpy_minimal_client
[0.683s] copying examples_rclpy_minimal_client/client.py -> /home/sanjit/ros2_ws/src/build/examples_rclpy_minimal_client/build/lib/examples_rclpy_minimal_client
[0.684s] copying examples_rclpy_minimal_client/client_async_callback.py -> /home/sanjit/ros2_ws/src/build/examples_rclpy_minimal_client/build/lib/examples_rclpy_minimal_client
[0.684s] copying examples_rclpy_minimal_client/__init__.py -> /home/sanjit/ros2_ws/src/build/examples_rclpy_minimal_client/build/lib/examples_rclpy_minimal_client
[0.684s] running install
[0.684s] running install_lib
[0.685s] creating /home/sanjit/ros2_ws/src/install/examples_rclpy_minimal_client/lib/python3.10/site-packages/examples_rclpy_minimal_client
[0.685s] copying /home/sanjit/ros2_ws/src/build/examples_rclpy_minimal_client/build/lib/examples_rclpy_minimal_client/client_async_member_function.py -> /home/sanjit/ros2_ws/src/install/examples_rclpy_minimal_client/lib/python3.10/site-packages/examples_rclpy_minimal_client
[0.685s] copying /home/sanjit/ros2_ws/src/build/examples_rclpy_minimal_client/build/lib/examples_rclpy_minimal_client/client_async.py -> /home/sanjit/ros2_ws/src/install/examples_rclpy_minimal_client/lib/python3.10/site-packages/examples_rclpy_minimal_client
[0.685s] copying /home/sanjit/ros2_ws/src/build/examples_rclpy_minimal_client/build/lib/examples_rclpy_minimal_client/client.py -> /home/sanjit/ros2_ws/src/install/examples_rclpy_minimal_client/lib/python3.10/site-packages/examples_rclpy_minimal_client
[0.685s] copying /home/sanjit/ros2_ws/src/build/examples_rclpy_minimal_client/build/lib/examples_rclpy_minimal_client/client_async_callback.py -> /home/sanjit/ros2_ws/src/install/examples_rclpy_minimal_client/lib/python3.10/site-packages/examples_rclpy_minimal_client
[0.685s] copying /home/sanjit/ros2_ws/src/build/examples_rclpy_minimal_client/build/lib/examples_rclpy_minimal_client/__init__.py -> /home/sanjit/ros2_ws/src/install/examples_rclpy_minimal_client/lib/python3.10/site-packages/examples_rclpy_minimal_client
[0.685s] byte-compiling /home/sanjit/ros2_ws/src/install/examples_rclpy_minimal_client/lib/python3.10/site-packages/examples_rclpy_minimal_client/client_async_member_function.py to client_async_member_function.cpython-310.pyc
[0.686s] byte-compiling /home/sanjit/ros2_ws/src/install/examples_rclpy_minimal_client/lib/python3.10/site-packages/examples_rclpy_minimal_client/client_async.py to client_async.cpython-310.pyc
[0.686s] byte-compiling /home/sanjit/ros2_ws/src/install/examples_rclpy_minimal_client/lib/python3.10/site-packages/examples_rclpy_minimal_client/client.py to client.cpython-310.pyc
[0.686s] byte-compiling /home/sanjit/ros2_ws/src/install/examples_rclpy_minimal_client/lib/python3.10/site-packages/examples_rclpy_minimal_client/client_async_callback.py to client_async_callback.cpython-310.pyc
[0.686s] byte-compiling /home/sanjit/ros2_ws/src/install/examples_rclpy_minimal_client/lib/python3.10/site-packages/examples_rclpy_minimal_client/__init__.py to __init__.cpython-310.pyc
[0.686s] running install_data
[0.686s] creating /home/sanjit/ros2_ws/src/install/examples_rclpy_minimal_client/share/ament_index
[0.687s] creating /home/sanjit/ros2_ws/src/install/examples_rclpy_minimal_client/share/ament_index/resource_index
[0.687s] creating /home/sanjit/ros2_ws/src/install/examples_rclpy_minimal_client/share/ament_index/resource_index/packages
[0.687s] copying resource/examples_rclpy_minimal_client -> /home/sanjit/ros2_ws/src/install/examples_rclpy_minimal_client/share/ament_index/resource_index/packages
[0.687s] copying package.xml -> /home/sanjit/ros2_ws/src/install/examples_rclpy_minimal_client/share/examples_rclpy_minimal_client
[0.687s] running install_egg_info
[0.688s] Copying ../../../../build/examples_rclpy_minimal_client/examples_rclpy_minimal_client.egg-info to /home/sanjit/ros2_ws/src/install/examples_rclpy_minimal_client/lib/python3.10/site-packages/examples_rclpy_minimal_client-0.15.3-py3.10.egg-info
[0.688s] running install_scripts
[0.703s] Installing client script to /home/sanjit/ros2_ws/src/install/examples_rclpy_minimal_client/lib/examples_rclpy_minimal_client
[0.703s] Installing client_async script to /home/sanjit/ros2_ws/src/install/examples_rclpy_minimal_client/lib/examples_rclpy_minimal_client
[0.703s] Installing client_async_callback script to /home/sanjit/ros2_ws/src/install/examples_rclpy_minimal_client/lib/examples_rclpy_minimal_client
[0.703s] Installing client_async_member_function script to /home/sanjit/ros2_ws/src/install/examples_rclpy_minimal_client/lib/examples_rclpy_minimal_client
[0.703s] writing list of installed files to '/home/sanjit/ros2_ws/src/build/examples_rclpy_minimal_client/install.log'
[0.723s] Invoked command in '/home/sanjit/ros2_ws/src/examples/rclpy/services/minimal_client' returned '0': PYTHONPATH=/home/sanjit/ros2_ws/src/build/examples_rclpy_minimal_client/prefix_override:/usr/lib/python3/dist-packages/colcon_core/task/python/colcon_distutils_commands:/home/sanjit/ros2_ws/src/install/examples_rclpy_minimal_client/lib/python3.10/site-packages:${PYTHONPATH} /usr/bin/python3 -W ignore:setup.py install is deprecated -W ignore:easy_install command is deprecated setup.py egg_info --egg-base ../../../../build/examples_rclpy_minimal_client build --build-base /home/sanjit/ros2_ws/src/build/examples_rclpy_minimal_client/build install --record /home/sanjit/ros2_ws/src/build/examples_rclpy_minimal_client/install.log --single-version-externally-managed install_data
