[0.385s] Invoking command in '/home/sanjit/ros2_ws/src/task1': PYTHONPATH=/home/sanjit/ros2_ws/src/build/task1/prefix_override:/usr/lib/python3/dist-packages/colcon_core/task/python/colcon_distutils_commands:/home/sanjit/ros2_ws/src/install/task1/lib/python3.10/site-packages:${PYTHONPATH} /usr/bin/python3 -W ignore:setup.py install is deprecated -W ignore:easy_install command is deprecated setup.py egg_info --egg-base ../build/task1 build --build-base /home/sanjit/ros2_ws/src/build/task1/build install --record /home/sanjit/ros2_ws/src/build/task1/install.log --single-version-externally-managed install_data
[0.534s] running egg_info
[0.534s] writing ../build/task1/task1.egg-info/PKG-INFO
[0.542s] writing dependency_links to ../build/task1/task1.egg-info/dependency_links.txt
[0.542s] writing entry points to ../build/task1/task1.egg-info/entry_points.txt
[0.542s] writing requirements to ../build/task1/task1.egg-info/requires.txt
[0.542s] writing top-level names to ../build/task1/task1.egg-info/top_level.txt
[0.543s] reading manifest file '../build/task1/task1.egg-info/SOURCES.txt'
[0.543s] adding license file 'LICENSE'
[0.543s] writing manifest file '../build/task1/task1.egg-info/SOURCES.txt'
[0.543s] running build
[0.543s] running build_py
[0.544s] running install
[0.544s] running install_lib
[0.545s] running install_data
[0.546s] copying urdf/bot_desc.urdf -> /home/sanjit/ros2_ws/src/install/task1/share/task1/urdf
[0.546s] running install_egg_info
[0.547s] removing '/home/sanjit/ros2_ws/src/install/task1/lib/python3.10/site-packages/task1-0.0.0-py3.10.egg-info' (and everything under it)
[0.547s] Copying ../build/task1/task1.egg-info to /home/sanjit/ros2_ws/src/install/task1/lib/python3.10/site-packages/task1-0.0.0-py3.10.egg-info
[0.547s] running install_scripts
[0.561s] writing list of installed files to '/home/sanjit/ros2_ws/src/build/task1/install.log'
[0.574s] Invoked command in '/home/sanjit/ros2_ws/src/task1' returned '0': PYTHONPATH=/home/sanjit/ros2_ws/src/build/task1/prefix_override:/usr/lib/python3/dist-packages/colcon_core/task/python/colcon_distutils_commands:/home/sanjit/ros2_ws/src/install/task1/lib/python3.10/site-packages:${PYTHONPATH} /usr/bin/python3 -W ignore:setup.py install is deprecated -W ignore:easy_install command is deprecated setup.py egg_info --egg-base ../build/task1 build --build-base /home/sanjit/ros2_ws/src/build/task1/build install --record /home/sanjit/ros2_ws/src/build/task1/install.log --single-version-externally-managed install_data
