[0.035s] Invoking command in '/home/sanjit/ros2_ws/src/build/examples_rclcpp_wait_set': CMAKE_PREFIX_PATH=/opt/ros/humble /usr/bin/cmake --build /home/sanjit/ros2_ws/src/build/examples_rclcpp_wait_set -- -j16 -l16
[0.307s] [  4%] [32mBuilding CXX object CMakeFiles/wait_set_listener.dir/rclcpp_components/node_main_wait_set_listener.cpp.o[0m
[0.315s] [  8%] [32mBuilding CXX object CMakeFiles/listener.dir/src/listener.cpp.o[0m
[0.320s] [ 20%] [32mBuilding CXX object CMakeFiles/wait_set_topics_and_timer.dir/src/wait_set_topics_and_timer.cpp.o[0m
[0.321s] [ 20%] [32mBuilding CXX object CMakeFiles/wait_set_talker.dir/rclcpp_components/node_main_wait_set_talker.cpp.o[0m
[0.322s] [ 20%] [32mBuilding CXX object CMakeFiles/talker.dir/src/talker.cpp.o[0m
[0.322s] [ 25%] [32mBuilding CXX object CMakeFiles/thread_safe_wait_set.dir/src/thread_safe_wait_set.cpp.o[0m
[0.323s] [ 29%] [32mBuilding CXX object CMakeFiles/wait_set.dir/src/wait_set.cpp.o[0m
[0.331s] [ 33%] [32mBuilding CXX object CMakeFiles/static_wait_set.dir/src/static_wait_set.cpp.o[0m
[0.338s] [ 41%] [32mBuilding CXX object CMakeFiles/wait_set_random_order.dir/src/wait_set_random_order.cpp.o[0m
[0.339s] [ 41%] [32mBuilding CXX object CMakeFiles/executor_random_order.dir/src/executor_random_order.cpp.o[0m
[0.343s] [ 45%] [32mBuilding CXX object CMakeFiles/wait_set_topics_with_different_rates.dir/src/wait_set_topics_with_different_rates.cpp.o[0m
[9.180s] [ 50%] [32m[1mLinking CXX executable wait_set_talker[0m
[9.313s] [ 54%] [32m[1mLinking CXX shared library libtalker.so[0m
[9.317s] [ 54%] Built target wait_set_talker
[9.514s] [ 54%] Built target talker
[9.957s] [ 58%] [32m[1mLinking CXX executable wait_set_listener[0m
[10.101s] [ 58%] Built target wait_set_listener
[12.038s] [ 62%] [32m[1mLinking CXX executable static_wait_set[0m
[12.307s] [ 62%] Built target static_wait_set
[12.528s] [ 66%] [32m[1mLinking CXX shared library liblistener.so[0m
[12.790s] [ 70%] [32m[1mLinking CXX executable thread_safe_wait_set[0m
[13.013s] [ 70%] Built target listener
[13.036s] [ 75%] [32mBuilding CXX object CMakeFiles/wait_set_composed.dir/src/wait_set_composed.cpp.o[0m
[13.096s] [ 75%] Built target thread_safe_wait_set
[13.806s] [ 79%] [32m[1mLinking CXX executable wait_set_topics_with_different_rates[0m
[13.945s] [ 83%] [32m[1mLinking CXX executable wait_set_random_order[0m
[14.137s] [ 83%] Built target wait_set_topics_with_different_rates
[14.243s] [ 83%] Built target wait_set_random_order
[14.396s] [ 87%] [32m[1mLinking CXX executable wait_set_topics_and_timer[0m
[14.933s] [ 87%] Built target wait_set_topics_and_timer
[15.225s] [ 91%] [32m[1mLinking CXX executable wait_set[0m
[15.545s] [ 95%] [32m[1mLinking CXX executable executor_random_order[0m
[17.368s] [100%] [32m[1mLinking CXX executable wait_set_composed[0m
[17.632s] [100%] Built target wait_set
[17.648s] [100%] Built target executor_random_order
[18.508s] [100%] Built target wait_set_composed
[18.566s] Invoked command in '/home/sanjit/ros2_ws/src/build/examples_rclcpp_wait_set' returned '0': CMAKE_PREFIX_PATH=/opt/ros/humble /usr/bin/cmake --build /home/sanjit/ros2_ws/src/build/examples_rclcpp_wait_set -- -j16 -l16
[18.576s] Invoking command in '/home/sanjit/ros2_ws/src/build/examples_rclcpp_wait_set': CMAKE_PREFIX_PATH=/opt/ros/humble /usr/bin/cmake --install /home/sanjit/ros2_ws/src/build/examples_rclcpp_wait_set
[18.614s] -- Install configuration: ""
[18.615s] -- Installing: /home/sanjit/ros2_ws/src/install/examples_rclcpp_wait_set/lib/examples_rclcpp_wait_set/wait_set_talker
[18.617s] -- Set runtime path of "/home/sanjit/ros2_ws/src/install/examples_rclcpp_wait_set/lib/examples_rclcpp_wait_set/wait_set_talker" to ""
[18.617s] -- Installing: /home/sanjit/ros2_ws/src/install/examples_rclcpp_wait_set/lib/examples_rclcpp_wait_set/wait_set_listener
[18.619s] -- Set runtime path of "/home/sanjit/ros2_ws/src/install/examples_rclcpp_wait_set/lib/examples_rclcpp_wait_set/wait_set_listener" to ""
[18.620s] -- Installing: /home/sanjit/ros2_ws/src/install/examples_rclcpp_wait_set/lib/libtalker.so
[18.626s] -- Set runtime path of "/home/sanjit/ros2_ws/src/install/examples_rclcpp_wait_set/lib/libtalker.so" to ""
[18.627s] -- Installing: /home/sanjit/ros2_ws/src/install/examples_rclcpp_wait_set/lib/liblistener.so
[18.649s] -- Set runtime path of "/home/sanjit/ros2_ws/src/install/examples_rclcpp_wait_set/lib/liblistener.so" to ""
[18.650s] -- Installing: /home/sanjit/ros2_ws/src/install/examples_rclcpp_wait_set/lib/examples_rclcpp_wait_set/wait_set
[18.663s] -- Set runtime path of "/home/sanjit/ros2_ws/src/install/examples_rclcpp_wait_set/lib/examples_rclcpp_wait_set/wait_set" to ""
[18.663s] -- Installing: /home/sanjit/ros2_ws/src/install/examples_rclcpp_wait_set/lib/examples_rclcpp_wait_set/static_wait_set
[18.676s] -- Set runtime path of "/home/sanjit/ros2_ws/src/install/examples_rclcpp_wait_set/lib/examples_rclcpp_wait_set/static_wait_set" to ""
[18.676s] -- Installing: /home/sanjit/ros2_ws/src/install/examples_rclcpp_wait_set/lib/examples_rclcpp_wait_set/thread_safe_wait_set
[18.689s] -- Set runtime path of "/home/sanjit/ros2_ws/src/install/examples_rclcpp_wait_set/lib/examples_rclcpp_wait_set/thread_safe_wait_set" to ""
[18.690s] -- Installing: /home/sanjit/ros2_ws/src/install/examples_rclcpp_wait_set/lib/examples_rclcpp_wait_set/wait_set_topics_and_timer
[18.702s] -- Set runtime path of "/home/sanjit/ros2_ws/src/install/examples_rclcpp_wait_set/lib/examples_rclcpp_wait_set/wait_set_topics_and_timer" to ""
[18.703s] -- Installing: /home/sanjit/ros2_ws/src/install/examples_rclcpp_wait_set/lib/examples_rclcpp_wait_set/wait_set_random_order
[18.716s] -- Set runtime path of "/home/sanjit/ros2_ws/src/install/examples_rclcpp_wait_set/lib/examples_rclcpp_wait_set/wait_set_random_order" to ""
[18.717s] -- Installing: /home/sanjit/ros2_ws/src/install/examples_rclcpp_wait_set/lib/examples_rclcpp_wait_set/executor_random_order
[18.729s] -- Set runtime path of "/home/sanjit/ros2_ws/src/install/examples_rclcpp_wait_set/lib/examples_rclcpp_wait_set/executor_random_order" to ""
[18.729s] -- Installing: /home/sanjit/ros2_ws/src/install/examples_rclcpp_wait_set/lib/examples_rclcpp_wait_set/wait_set_topics_with_different_rates
[18.742s] -- Set runtime path of "/home/sanjit/ros2_ws/src/install/examples_rclcpp_wait_set/lib/examples_rclcpp_wait_set/wait_set_topics_with_different_rates" to ""
[18.742s] -- Installing: /home/sanjit/ros2_ws/src/install/examples_rclcpp_wait_set/lib/examples_rclcpp_wait_set/wait_set_composed
[18.744s] -- Set runtime path of "/home/sanjit/ros2_ws/src/install/examples_rclcpp_wait_set/lib/examples_rclcpp_wait_set/wait_set_composed" to ""
[18.745s] -- Installing: /home/sanjit/ros2_ws/src/install/examples_rclcpp_wait_set/share/ament_index/resource_index/package_run_dependencies/examples_rclcpp_wait_set
[18.753s] -- Installing: /home/sanjit/ros2_ws/src/install/examples_rclcpp_wait_set/share/ament_index/resource_index/parent_prefix_path/examples_rclcpp_wait_set
[18.754s] -- Installing: /home/sanjit/ros2_ws/src/install/examples_rclcpp_wait_set/share/examples_rclcpp_wait_set/environment/ament_prefix_path.sh
[18.755s] -- Installing: /home/sanjit/ros2_ws/src/install/examples_rclcpp_wait_set/share/examples_rclcpp_wait_set/environment/ament_prefix_path.dsv
[18.756s] -- Installing: /home/sanjit/ros2_ws/src/install/examples_rclcpp_wait_set/share/examples_rclcpp_wait_set/environment/path.sh
[18.757s] -- Installing: /home/sanjit/ros2_ws/src/install/examples_rclcpp_wait_set/share/examples_rclcpp_wait_set/environment/path.dsv
[18.758s] -- Installing: /home/sanjit/ros2_ws/src/install/examples_rclcpp_wait_set/share/examples_rclcpp_wait_set/local_setup.bash
[18.758s] -- Installing: /home/sanjit/ros2_ws/src/install/examples_rclcpp_wait_set/share/examples_rclcpp_wait_set/local_setup.sh
[18.758s] -- Installing: /home/sanjit/ros2_ws/src/install/examples_rclcpp_wait_set/share/examples_rclcpp_wait_set/local_setup.zsh
[18.759s] -- Installing: /home/sanjit/ros2_ws/src/install/examples_rclcpp_wait_set/share/examples_rclcpp_wait_set/local_setup.dsv
[18.760s] -- Installing: /home/sanjit/ros2_ws/src/install/examples_rclcpp_wait_set/share/examples_rclcpp_wait_set/package.dsv
[18.760s] -- Installing: /home/sanjit/ros2_ws/src/install/examples_rclcpp_wait_set/share/ament_index/resource_index/packages/examples_rclcpp_wait_set
[18.761s] -- Installing: /home/sanjit/ros2_ws/src/install/examples_rclcpp_wait_set/share/ament_index/resource_index/rclcpp_components/examples_rclcpp_wait_set
[18.761s] -- Installing: /home/sanjit/ros2_ws/src/install/examples_rclcpp_wait_set/share/examples_rclcpp_wait_set/cmake/examples_rclcpp_wait_setConfig.cmake
[18.761s] -- Installing: /home/sanjit/ros2_ws/src/install/examples_rclcpp_wait_set/share/examples_rclcpp_wait_set/cmake/examples_rclcpp_wait_setConfig-version.cmake
[18.761s] -- Installing: /home/sanjit/ros2_ws/src/install/examples_rclcpp_wait_set/share/examples_rclcpp_wait_set/package.xml
[18.772s] Invoked command in '/home/sanjit/ros2_ws/src/build/examples_rclcpp_wait_set' returned '0': CMAKE_PREFIX_PATH=/opt/ros/humble /usr/bin/cmake --install /home/sanjit/ros2_ws/src/build/examples_rclcpp_wait_set
