[2.859s] Invoking command in '/home/sanjit/ros2_ws/src/examples/rclpy/executors': PYTHONPATH=/home/sanjit/ros2_ws/src/build/examples_rclpy_executors/prefix_override:/usr/lib/python3/dist-packages/colcon_core/task/python/colcon_distutils_commands:/home/sanjit/ros2_ws/src/install/examples_rclpy_executors/lib/python3.10/site-packages:${PYTHONPATH} /usr/bin/python3 -W ignore:setup.py install is deprecated -W ignore:easy_install command is deprecated setup.py egg_info --egg-base ../../../build/examples_rclpy_executors build --build-base /home/sanjit/ros2_ws/src/build/examples_rclpy_executors/build install --record /home/sanjit/ros2_ws/src/build/examples_rclpy_executors/install.log --single-version-externally-managed install_data
[6.799s] running egg_info
[6.799s] creating ../../../build/examples_rclpy_executors/examples_rclpy_executors.egg-info
[6.800s] writing ../../../build/examples_rclpy_executors/examples_rclpy_executors.egg-info/PKG-INFO
[6.800s] writing dependency_links to ../../../build/examples_rclpy_executors/examples_rclpy_executors.egg-info/dependency_links.txt
[6.800s] writing entry points to ../../../build/examples_rclpy_executors/examples_rclpy_executors.egg-info/entry_points.txt
[6.800s] writing requirements to ../../../build/examples_rclpy_executors/examples_rclpy_executors.egg-info/requires.txt
[6.800s] writing top-level names to ../../../build/examples_rclpy_executors/examples_rclpy_executors.egg-info/top_level.txt
[6.801s] writing manifest file '../../../build/examples_rclpy_executors/examples_rclpy_executors.egg-info/SOURCES.txt'
[6.802s] reading manifest file '../../../build/examples_rclpy_executors/examples_rclpy_executors.egg-info/SOURCES.txt'
[6.802s] writing manifest file '../../../build/examples_rclpy_executors/examples_rclpy_executors.egg-info/SOURCES.txt'
[6.802s] running build
[6.802s] running build_py
[6.802s] creating /home/sanjit/ros2_ws/src/build/examples_rclpy_executors/build
[6.803s] creating /home/sanjit/ros2_ws/src/build/examples_rclpy_executors/build/lib
[6.803s] creating /home/sanjit/ros2_ws/src/build/examples_rclpy_executors/build/lib/examples_rclpy_executors
[6.803s] copying examples_rclpy_executors/composed.py -> /home/sanjit/ros2_ws/src/build/examples_rclpy_executors/build/lib/examples_rclpy_executors
[6.804s] copying examples_rclpy_executors/custom_callback_group.py -> /home/sanjit/ros2_ws/src/build/examples_rclpy_executors/build/lib/examples_rclpy_executors
[6.804s] copying examples_rclpy_executors/__init__.py -> /home/sanjit/ros2_ws/src/build/examples_rclpy_executors/build/lib/examples_rclpy_executors
[6.804s] copying examples_rclpy_executors/custom_executor.py -> /home/sanjit/ros2_ws/src/build/examples_rclpy_executors/build/lib/examples_rclpy_executors
[6.804s] copying examples_rclpy_executors/listener.py -> /home/sanjit/ros2_ws/src/build/examples_rclpy_executors/build/lib/examples_rclpy_executors
[6.804s] copying examples_rclpy_executors/callback_group.py -> /home/sanjit/ros2_ws/src/build/examples_rclpy_executors/build/lib/examples_rclpy_executors
[6.804s] copying examples_rclpy_executors/talker.py -> /home/sanjit/ros2_ws/src/build/examples_rclpy_executors/build/lib/examples_rclpy_executors
[6.805s] running install
[6.806s] running install_lib
[6.806s] creating /home/sanjit/ros2_ws/src/install/examples_rclpy_executors/lib/python3.10/site-packages/examples_rclpy_executors
[6.806s] copying /home/sanjit/ros2_ws/src/build/examples_rclpy_executors/build/lib/examples_rclpy_executors/composed.py -> /home/sanjit/ros2_ws/src/install/examples_rclpy_executors/lib/python3.10/site-packages/examples_rclpy_executors
[6.806s] copying /home/sanjit/ros2_ws/src/build/examples_rclpy_executors/build/lib/examples_rclpy_executors/custom_callback_group.py -> /home/sanjit/ros2_ws/src/install/examples_rclpy_executors/lib/python3.10/site-packages/examples_rclpy_executors
[6.806s] copying /home/sanjit/ros2_ws/src/build/examples_rclpy_executors/build/lib/examples_rclpy_executors/__init__.py -> /home/sanjit/ros2_ws/src/install/examples_rclpy_executors/lib/python3.10/site-packages/examples_rclpy_executors
[6.807s] copying /home/sanjit/ros2_ws/src/build/examples_rclpy_executors/build/lib/examples_rclpy_executors/custom_executor.py -> /home/sanjit/ros2_ws/src/install/examples_rclpy_executors/lib/python3.10/site-packages/examples_rclpy_executors
[6.807s] copying /home/sanjit/ros2_ws/src/build/examples_rclpy_executors/build/lib/examples_rclpy_executors/listener.py -> /home/sanjit/ros2_ws/src/install/examples_rclpy_executors/lib/python3.10/site-packages/examples_rclpy_executors
[6.807s] copying /home/sanjit/ros2_ws/src/build/examples_rclpy_executors/build/lib/examples_rclpy_executors/callback_group.py -> /home/sanjit/ros2_ws/src/install/examples_rclpy_executors/lib/python3.10/site-packages/examples_rclpy_executors
[6.807s] copying /home/sanjit/ros2_ws/src/build/examples_rclpy_executors/build/lib/examples_rclpy_executors/talker.py -> /home/sanjit/ros2_ws/src/install/examples_rclpy_executors/lib/python3.10/site-packages/examples_rclpy_executors
[6.807s] byte-compiling /home/sanjit/ros2_ws/src/install/examples_rclpy_executors/lib/python3.10/site-packages/examples_rclpy_executors/composed.py to composed.cpython-310.pyc
[6.807s] byte-compiling /home/sanjit/ros2_ws/src/install/examples_rclpy_executors/lib/python3.10/site-packages/examples_rclpy_executors/custom_callback_group.py to custom_callback_group.cpython-310.pyc
[6.807s] byte-compiling /home/sanjit/ros2_ws/src/install/examples_rclpy_executors/lib/python3.10/site-packages/examples_rclpy_executors/__init__.py to __init__.cpython-310.pyc
[6.807s] byte-compiling /home/sanjit/ros2_ws/src/install/examples_rclpy_executors/lib/python3.10/site-packages/examples_rclpy_executors/custom_executor.py to custom_executor.cpython-310.pyc
[6.807s] byte-compiling /home/sanjit/ros2_ws/src/install/examples_rclpy_executors/lib/python3.10/site-packages/examples_rclpy_executors/listener.py to listener.cpython-310.pyc
[6.807s] byte-compiling /home/sanjit/ros2_ws/src/install/examples_rclpy_executors/lib/python3.10/site-packages/examples_rclpy_executors/callback_group.py to callback_group.cpython-310.pyc
[6.807s] byte-compiling /home/sanjit/ros2_ws/src/install/examples_rclpy_executors/lib/python3.10/site-packages/examples_rclpy_executors/talker.py to talker.cpython-310.pyc
[6.807s] running install_data
[6.808s] creating /home/sanjit/ros2_ws/src/install/examples_rclpy_executors/share/ament_index
[6.808s] creating /home/sanjit/ros2_ws/src/install/examples_rclpy_executors/share/ament_index/resource_index
[6.808s] creating /home/sanjit/ros2_ws/src/install/examples_rclpy_executors/share/ament_index/resource_index/packages
[6.808s] copying resource/examples_rclpy_executors -> /home/sanjit/ros2_ws/src/install/examples_rclpy_executors/share/ament_index/resource_index/packages
[6.808s] copying package.xml -> /home/sanjit/ros2_ws/src/install/examples_rclpy_executors/share/examples_rclpy_executors
[6.808s] running install_egg_info
[6.808s] Copying ../../../build/examples_rclpy_executors/examples_rclpy_executors.egg-info to /home/sanjit/ros2_ws/src/install/examples_rclpy_executors/lib/python3.10/site-packages/examples_rclpy_executors-0.15.3-py3.10.egg-info
[6.808s] running install_scripts
[6.808s] Installing callback_group script to /home/sanjit/ros2_ws/src/install/examples_rclpy_executors/lib/examples_rclpy_executors
[6.808s] Installing composed script to /home/sanjit/ros2_ws/src/install/examples_rclpy_executors/lib/examples_rclpy_executors
[6.808s] Installing custom_callback_group script to /home/sanjit/ros2_ws/src/install/examples_rclpy_executors/lib/examples_rclpy_executors
[6.808s] Installing custom_executor script to /home/sanjit/ros2_ws/src/install/examples_rclpy_executors/lib/examples_rclpy_executors
[6.808s] Installing listener script to /home/sanjit/ros2_ws/src/install/examples_rclpy_executors/lib/examples_rclpy_executors
[6.808s] Installing talker script to /home/sanjit/ros2_ws/src/install/examples_rclpy_executors/lib/examples_rclpy_executors
[6.808s] writing list of installed files to '/home/sanjit/ros2_ws/src/build/examples_rclpy_executors/install.log'
