/home/sanjit/ros2_ws/src/task1/install/task1/lib/python3.10/site-packages/task1/move.py
/home/sanjit/ros2_ws/src/task1/install/task1/lib/python3.10/site-packages/task1/service.py
/home/sanjit/ros2_ws/src/task1/install/task1/lib/python3.10/site-packages/task1/custom_odometry.py
/home/sanjit/ros2_ws/src/task1/install/task1/lib/python3.10/site-packages/task1/__init__.py
/home/sanjit/ros2_ws/src/task1/install/task1/lib/python3.10/site-packages/task1/__pycache__/move.cpython-310.pyc
/home/sanjit/ros2_ws/src/task1/install/task1/lib/python3.10/site-packages/task1/__pycache__/service.cpython-310.pyc
/home/sanjit/ros2_ws/src/task1/install/task1/lib/python3.10/site-packages/task1/__pycache__/custom_odometry.cpython-310.pyc
/home/sanjit/ros2_ws/src/task1/install/task1/lib/python3.10/site-packages/task1/__pycache__/__init__.cpython-310.pyc
/home/sanjit/ros2_ws/src/task1/install/task1/share/ament_index/resource_index/packages/task1
/home/sanjit/ros2_ws/src/task1/install/task1/share/task1/package.xml
/home/sanjit/ros2_ws/src/task1/install/task1/share/task1/urdf/bot_desc.urdf
/home/sanjit/ros2_ws/src/task1/install/task1/share/task1/worlds/empty.world
/home/sanjit/ros2_ws/src/task1/install/task1/share/task1/launch/gazebo_launch.py
/home/sanjit/ros2_ws/src/task1/install/task1/share/task1/srv/Waypoint.srv
/home/sanjit/ros2_ws/src/task1/install/task1/lib/python3.10/site-packages/task1-0.0.0-py3.10.egg-info/PKG-INFO
/home/sanjit/ros2_ws/src/task1/install/task1/lib/python3.10/site-packages/task1-0.0.0-py3.10.egg-info/SOURCES.txt
/home/sanjit/ros2_ws/src/task1/install/task1/lib/python3.10/site-packages/task1-0.0.0-py3.10.egg-info/dependency_links.txt
/home/sanjit/ros2_ws/src/task1/install/task1/lib/python3.10/site-packages/task1-0.0.0-py3.10.egg-info/requires.txt
/home/sanjit/ros2_ws/src/task1/install/task1/lib/python3.10/site-packages/task1-0.0.0-py3.10.egg-info/zip-safe
/home/sanjit/ros2_ws/src/task1/install/task1/lib/python3.10/site-packages/task1-0.0.0-py3.10.egg-info/top_level.txt
/home/sanjit/ros2_ws/src/task1/install/task1/lib/python3.10/site-packages/task1-0.0.0-py3.10.egg-info/entry_points.txt
/home/sanjit/ros2_ws/src/task1/install/task1/lib/task1/move
/home/sanjit/ros2_ws/src/task1/install/task1/lib/task1/waypoint_service
