[0.006s] Invoking command in '/home/sanjit/ros2_ws/src/build/turtlesim': CMAKE_PREFIX_PATH=/opt/ros/humble /usr/bin/cmake /home/sanjit/ros2_ws/src/ros_tutorials/turtlesim -DCMAKE_INSTALL_PREFIX=/home/sanjit/ros2_ws/src/install/turtlesim
[0.068s] -- The C compiler identification is GNU 11.4.0
[0.117s] -- The CXX compiler identification is GNU 11.4.0
[0.124s] -- Detecting C compiler ABI info
[0.184s] -- Detecting C compiler ABI info - done
[0.191s] -- Check for working C compiler: /usr/bin/cc - skipped
[0.191s] -- Detecting C compile features
[0.192s] -- Detecting C compile features - done
[0.195s] -- Detecting CXX compiler ABI info
[0.257s] -- Detecting CXX compiler ABI info - done
[0.263s] -- Check for working CXX compiler: /usr/bin/c++ - skipped
[0.263s] -- Detecting CXX compile features
[0.263s] -- Detecting CXX compile features - done
[0.267s] -- Found ament_cmake: 1.3.11 (/opt/ros/humble/share/ament_cmake/cmake)
[0.387s] -- Found Python3: /usr/bin/python3 (found version "3.10.12") found components: Interpreter 
[0.455s] -- Found ament_index_cpp: 1.4.0 (/opt/ros/humble/share/ament_index_cpp/cmake)
[0.457s] -- Found geometry_msgs: 4.2.4 (/opt/ros/humble/share/geometry_msgs/cmake)
[0.493s] -- Found rosidl_generator_c: 3.1.6 (/opt/ros/humble/share/rosidl_generator_c/cmake)
[0.496s] -- Found rosidl_adapter: 3.1.6 (/opt/ros/humble/share/rosidl_adapter/cmake)
[0.503s] -- Found rosidl_generator_cpp: 3.1.6 (/opt/ros/humble/share/rosidl_generator_cpp/cmake)
[0.513s] -- Using all available rosidl_typesupport_c: rosidl_typesupport_fastrtps_c;rosidl_typesupport_introspection_c
[0.526s] -- Using all available rosidl_typesupport_cpp: rosidl_typesupport_fastrtps_cpp;rosidl_typesupport_introspection_cpp
[0.566s] -- Found rclcpp: 16.0.11 (/opt/ros/humble/share/rclcpp/cmake)
[0.593s] -- Found rmw_implementation_cmake: 6.1.2 (/opt/ros/humble/share/rmw_implementation_cmake/cmake)
[0.595s] -- Found rmw_fastrtps_cpp: 6.2.7 (/opt/ros/humble/share/rmw_fastrtps_cpp/cmake)
[0.680s] -- Found OpenSSL: /usr/lib/x86_64-linux-gnu/libcrypto.so (found version "3.0.2")  
[0.703s] -- Found FastRTPS: /opt/ros/humble/include  
[0.733s] -- Using RMW implementation 'rmw_fastrtps_cpp' as default
[0.739s] -- Looking for pthread.h
[0.830s] -- Looking for pthread.h - found
[0.830s] -- Performing Test CMAKE_HAVE_LIBC_PTHREAD
[0.922s] -- Performing Test CMAKE_HAVE_LIBC_PTHREAD - Success
[0.922s] -- Found Threads: TRUE  
[0.959s] -- Found rclcpp_action: 16.0.11 (/opt/ros/humble/share/rclcpp_action/cmake)
[0.986s] -- Found rosidl_default_generators: 1.2.0 (/opt/ros/humble/share/rosidl_default_generators/cmake)
[0.992s] -- Found std_srvs: 4.2.4 (/opt/ros/humble/share/std_srvs/cmake)
[1.217s] -- Found ament_cmake_ros: 0.10.0 (/opt/ros/humble/share/ament_cmake_ros/cmake)
[1.479s] -- Using all available rosidl_typesupport_c: rosidl_typesupport_fastrtps_c;rosidl_typesupport_introspection_c
[1.570s] -- Using all available rosidl_typesupport_cpp: rosidl_typesupport_fastrtps_cpp;rosidl_typesupport_introspection_cpp
[1.593s] -- Found PythonInterp: /usr/bin/python3 (found suitable version "3.10.12", minimum required is "3.6") 
[1.595s] -- Found python_cmake_module: 0.10.0 (/opt/ros/humble/share/python_cmake_module/cmake)
[1.627s] -- Found PythonLibs: /usr/lib/x86_64-linux-gnu/libpython3.10.so (found suitable version "3.10.12", minimum required is "3.5") 
[1.627s] -- Using PYTHON_EXECUTABLE: /usr/bin/python3
[1.627s] -- Using PYTHON_INCLUDE_DIRS: /usr/include/python3.10
[1.627s] -- Using PYTHON_LIBRARIES: /usr/lib/x86_64-linux-gnu/libpython3.10.so
[1.659s] -- Found PythonExtra: .so  
[1.704s] -- Configuring done
[1.743s] -- Generating done
[1.756s] -- Build files have been written to: /home/sanjit/ros2_ws/src/build/turtlesim
[1.764s] Invoked command in '/home/sanjit/ros2_ws/src/build/turtlesim' returned '0': CMAKE_PREFIX_PATH=/opt/ros/humble /usr/bin/cmake /home/sanjit/ros2_ws/src/ros_tutorials/turtlesim -DCMAKE_INSTALL_PREFIX=/home/sanjit/ros2_ws/src/install/turtlesim
[1.765s] Invoking command in '/home/sanjit/ros2_ws/src/build/turtlesim': CMAKE_PREFIX_PATH=/opt/ros/humble /usr/bin/cmake --build /home/sanjit/ros2_ws/src/build/turtlesim -- -j16 -l16
[1.805s] [  1%] [34m[1mGenerating C code for ROS interfaces[0m
[1.818s] [  2%] [34m[1mGenerating C++ code for ROS interfaces[0m
[1.822s] [  2%] Built target ament_cmake_python_copy_turtlesim
[1.978s] running egg_info
[1.978s] creating turtlesim.egg-info
[1.978s] writing turtlesim.egg-info/PKG-INFO
[1.978s] writing dependency_links to turtlesim.egg-info/dependency_links.txt
[1.978s] writing top-level names to turtlesim.egg-info/top_level.txt
[1.978s] writing manifest file 'turtlesim.egg-info/SOURCES.txt'
[1.980s] reading manifest file 'turtlesim.egg-info/SOURCES.txt'
[1.980s] writing manifest file 'turtlesim.egg-info/SOURCES.txt'
[1.998s] [  2%] Built target ament_cmake_python_build_turtlesim_egg
[2.409s] [  2%] Built target turtlesim__cpp
[2.417s] [  3%] [32mBuilding C object CMakeFiles/turtlesim__rosidl_generator_c.dir/rosidl_generator_c/turtlesim/srv/detail/kill__functions.c.o[0m
[2.417s] [  6%] [34m[1mGenerating C++ introspection for ROS interfaces[0m
[2.417s] [  6%] [34m[1mGenerating C++ type support for eProsima Fast-RTPS[0m
[2.417s] [  6%] [32mBuilding C object CMakeFiles/turtlesim__rosidl_generator_c.dir/rosidl_generator_c/turtlesim/srv/detail/set_pen__functions.c.o[0m
[2.417s] [  7%] [34m[1mGenerating C++ type support dispatch for ROS interfaces[0m
[2.417s] [  8%] [32mBuilding C object CMakeFiles/turtlesim__rosidl_generator_c.dir/rosidl_generator_c/turtlesim/action/detail/rotate_absolute__functions.c.o[0m
[2.418s] [  9%] [32mBuilding C object CMakeFiles/turtlesim__rosidl_generator_c.dir/rosidl_generator_c/turtlesim/msg/detail/color__functions.c.o[0m
[2.418s] [ 10%] [32mBuilding C object CMakeFiles/turtlesim__rosidl_generator_c.dir/rosidl_generator_c/turtlesim/srv/detail/teleport_absolute__functions.c.o[0m
[2.419s] [ 12%] [32mBuilding C object CMakeFiles/turtlesim__rosidl_generator_c.dir/rosidl_generator_c/turtlesim/srv/detail/spawn__functions.c.o[0m
[2.419s] [ 12%] [32mBuilding C object CMakeFiles/turtlesim__rosidl_generator_c.dir/rosidl_generator_c/turtlesim/msg/detail/pose__functions.c.o[0m
[2.420s] [ 13%] [32mBuilding C object CMakeFiles/turtlesim__rosidl_generator_c.dir/rosidl_generator_c/turtlesim/srv/detail/teleport_relative__functions.c.o[0m
[2.550s] [ 14%] [32m[1mLinking C shared library libturtlesim__rosidl_generator_c.so[0m
[2.584s] [ 14%] Built target turtlesim__rosidl_generator_c
[2.593s] [ 15%] [34m[1mGenerating C type support dispatch for ROS interfaces[0m
[2.594s] [ 16%] [34m[1mGenerating C introspection for ROS interfaces[0m
[2.595s] [ 17%] [34m[1mGenerating C type support for eProsima Fast-RTPS[0m
[2.843s] [ 18%] [32mBuilding CXX object CMakeFiles/turtlesim__rosidl_typesupport_cpp.dir/rosidl_typesupport_cpp/turtlesim/msg/color__type_support.cpp.o[0m
[2.844s] [ 19%] [32mBuilding CXX object CMakeFiles/turtlesim__rosidl_typesupport_cpp.dir/rosidl_typesupport_cpp/turtlesim/srv/kill__type_support.cpp.o[0m
[2.844s] [ 20%] [32mBuilding CXX object CMakeFiles/turtlesim__rosidl_typesupport_cpp.dir/rosidl_typesupport_cpp/turtlesim/srv/set_pen__type_support.cpp.o[0m
[2.844s] [ 21%] [32mBuilding CXX object CMakeFiles/turtlesim__rosidl_typesupport_cpp.dir/rosidl_typesupport_cpp/turtlesim/srv/teleport_relative__type_support.cpp.o[0m
[2.844s] [ 22%] [32mBuilding CXX object CMakeFiles/turtlesim__rosidl_typesupport_cpp.dir/rosidl_typesupport_cpp/turtlesim/action/rotate_absolute__type_support.cpp.o[0m
[2.844s] [ 23%] [32mBuilding CXX object CMakeFiles/turtlesim__rosidl_typesupport_cpp.dir/rosidl_typesupport_cpp/turtlesim/msg/pose__type_support.cpp.o[0m
[2.844s] [ 25%] [32mBuilding CXX object CMakeFiles/turtlesim__rosidl_typesupport_cpp.dir/rosidl_typesupport_cpp/turtlesim/srv/teleport_absolute__type_support.cpp.o[0m
[2.844s] [ 25%] [32mBuilding CXX object CMakeFiles/turtlesim__rosidl_typesupport_cpp.dir/rosidl_typesupport_cpp/turtlesim/srv/spawn__type_support.cpp.o[0m
[3.061s] [ 26%] [32mBuilding CXX object CMakeFiles/turtlesim__rosidl_typesupport_introspection_cpp.dir/rosidl_typesupport_introspection_cpp/turtlesim/msg/detail/color__type_support.cpp.o[0m
[3.062s] [ 28%] [32mBuilding CXX object CMakeFiles/turtlesim__rosidl_typesupport_introspection_cpp.dir/rosidl_typesupport_introspection_cpp/turtlesim/msg/detail/pose__type_support.cpp.o[0m
[3.064s] [ 28%] [32mBuilding CXX object CMakeFiles/turtlesim__rosidl_typesupport_introspection_cpp.dir/rosidl_typesupport_introspection_cpp/turtlesim/action/detail/rotate_absolute__type_support.cpp.o[0m
[3.067s] [ 29%] [32mBuilding CXX object CMakeFiles/turtlesim__rosidl_typesupport_introspection_cpp.dir/rosidl_typesupport_introspection_cpp/turtlesim/srv/detail/kill__type_support.cpp.o[0m
[3.118s] [ 30%] [32mBuilding CXX object CMakeFiles/turtlesim__rosidl_typesupport_introspection_cpp.dir/rosidl_typesupport_introspection_cpp/turtlesim/srv/detail/set_pen__type_support.cpp.o[0m
[3.122s] [ 31%] [32mBuilding CXX object CMakeFiles/turtlesim__rosidl_typesupport_introspection_cpp.dir/rosidl_typesupport_introspection_cpp/turtlesim/srv/detail/spawn__type_support.cpp.o[0m
[3.159s] [ 32%] [32mBuilding CXX object CMakeFiles/turtlesim__rosidl_typesupport_introspection_cpp.dir/rosidl_typesupport_introspection_cpp/turtlesim/srv/detail/teleport_absolute__type_support.cpp.o[0m
[3.163s] [ 33%] [32mBuilding CXX object CMakeFiles/turtlesim__rosidl_typesupport_introspection_cpp.dir/rosidl_typesupport_introspection_cpp/turtlesim/srv/detail/teleport_relative__type_support.cpp.o[0m
[3.242s] [ 34%] [32mBuilding CXX object CMakeFiles/turtlesim__rosidl_typesupport_fastrtps_cpp.dir/rosidl_typesupport_fastrtps_cpp/turtlesim/msg/detail/dds_fastrtps/color__type_support.cpp.o[0m
[3.243s] [ 35%] [32mBuilding CXX object CMakeFiles/turtlesim__rosidl_typesupport_fastrtps_cpp.dir/rosidl_typesupport_fastrtps_cpp/turtlesim/action/detail/dds_fastrtps/rotate_absolute__type_support.cpp.o[0m
[3.243s] [ 36%] [32mBuilding CXX object CMakeFiles/turtlesim__rosidl_typesupport_fastrtps_cpp.dir/rosidl_typesupport_fastrtps_cpp/turtlesim/msg/detail/dds_fastrtps/pose__type_support.cpp.o[0m
[3.248s] [ 37%] [32mBuilding CXX object CMakeFiles/turtlesim__rosidl_typesupport_fastrtps_cpp.dir/rosidl_typesupport_fastrtps_cpp/turtlesim/srv/detail/dds_fastrtps/kill__type_support.cpp.o[0m
[3.254s] [ 38%] [32mBuilding CXX object CMakeFiles/turtlesim__rosidl_typesupport_c.dir/rosidl_typesupport_c/turtlesim/action/rotate_absolute__type_support.cpp.o[0m
[3.399s] [ 39%] [32mBuilding CXX object CMakeFiles/turtlesim__rosidl_typesupport_c.dir/rosidl_typesupport_c/turtlesim/msg/color__type_support.cpp.o[0m
[3.434s] [ 40%] [32mBuilding CXX object CMakeFiles/turtlesim__rosidl_typesupport_c.dir/rosidl_typesupport_c/turtlesim/msg/pose__type_support.cpp.o[0m
[3.469s] [ 41%] [32mBuilding CXX object CMakeFiles/turtlesim__rosidl_typesupport_c.dir/rosidl_typesupport_c/turtlesim/srv/kill__type_support.cpp.o[0m
[3.478s] [ 42%] [32m[1mLinking CXX shared library libturtlesim__rosidl_typesupport_cpp.so[0m
[3.510s] [ 43%] [32mBuilding CXX object CMakeFiles/turtlesim__rosidl_typesupport_c.dir/rosidl_typesupport_c/turtlesim/srv/set_pen__type_support.cpp.o[0m
[3.518s] [ 44%] [32mBuilding CXX object CMakeFiles/turtlesim__rosidl_typesupport_fastrtps_cpp.dir/rosidl_typesupport_fastrtps_cpp/turtlesim/srv/detail/dds_fastrtps/set_pen__type_support.cpp.o[0m
[3.534s] [ 44%] Built target turtlesim__rosidl_typesupport_cpp
[3.540s] [ 45%] [32mBuilding CXX object CMakeFiles/turtlesim__rosidl_typesupport_fastrtps_cpp.dir/rosidl_typesupport_fastrtps_cpp/turtlesim/srv/detail/dds_fastrtps/spawn__type_support.cpp.o[0m
[3.550s] [ 46%] [32mBuilding CXX object CMakeFiles/turtlesim__rosidl_typesupport_c.dir/rosidl_typesupport_c/turtlesim/srv/spawn__type_support.cpp.o[0m
[3.575s] [ 47%] [34m[1mGenerating include/turtlesim/moc_turtle_frame.cpp[0m
[3.594s] [ 48%] [32mBuilding CXX object CMakeFiles/turtlesim__rosidl_typesupport_c.dir/rosidl_typesupport_c/turtlesim/srv/teleport_absolute__type_support.cpp.o[0m
[3.598s] [ 49%] [32mBuilding C object CMakeFiles/turtlesim__rosidl_typesupport_introspection_c.dir/rosidl_typesupport_introspection_c/turtlesim/action/detail/rotate_absolute__type_support.c.o[0m
[3.600s] [ 50%] [32mBuilding CXX object CMakeFiles/turtlesim__rosidl_typesupport_fastrtps_cpp.dir/rosidl_typesupport_fastrtps_cpp/turtlesim/srv/detail/dds_fastrtps/teleport_absolute__type_support.cpp.o[0m
[3.634s] [ 51%] [32mBuilding CXX object CMakeFiles/turtlesim__rosidl_typesupport_c.dir/rosidl_typesupport_c/turtlesim/srv/teleport_relative__type_support.cpp.o[0m
[3.649s] [ 52%] [32mBuilding CXX object CMakeFiles/turtle_teleop_key.dir/tutorials/teleop_turtle_key.cpp.o[0m
[3.650s] [ 53%] [32mBuilding CXX object CMakeFiles/turtlesim__rosidl_typesupport_fastrtps_c.dir/rosidl_typesupport_fastrtps_c/turtlesim/action/detail/rotate_absolute__type_support_c.cpp.o[0m
[3.653s] [ 54%] [32mBuilding C object CMakeFiles/turtlesim__rosidl_typesupport_introspection_c.dir/rosidl_typesupport_introspection_c/turtlesim/msg/detail/color__type_support.c.o[0m
[3.663s] [ 55%] [32mBuilding CXX object CMakeFiles/draw_square.dir/tutorials/draw_square.cpp.o[0m
[3.664s] [ 56%] [32mBuilding CXX object CMakeFiles/turtlesim__rosidl_typesupport_fastrtps_c.dir/rosidl_typesupport_fastrtps_c/turtlesim/msg/detail/color__type_support_c.cpp.o[0m
[3.677s] [ 57%] [32m[1mLinking CXX shared library libturtlesim__rosidl_typesupport_c.so[0m
[3.695s] [ 58%] [32mBuilding CXX object CMakeFiles/mimic.dir/tutorials/mimic.cpp.o[0m
[3.701s] [ 59%] [32mBuilding C object CMakeFiles/turtlesim__rosidl_typesupport_introspection_c.dir/rosidl_typesupport_introspection_c/turtlesim/msg/detail/pose__type_support.c.o[0m
[3.705s] [ 60%] [32mBuilding CXX object CMakeFiles/turtlesim_node.dir/src/turtlesim.cpp.o[0m
[3.707s] [ 61%] [32mBuilding CXX object CMakeFiles/turtlesim__rosidl_typesupport_fastrtps_c.dir/rosidl_typesupport_fastrtps_c/turtlesim/msg/detail/pose__type_support_c.cpp.o[0m
[3.712s] [ 62%] [32mBuilding C object CMakeFiles/turtlesim__rosidl_typesupport_introspection_c.dir/rosidl_typesupport_introspection_c/turtlesim/srv/detail/kill__type_support.c.o[0m
[3.725s] [ 62%] Built target turtlesim__rosidl_typesupport_c
[3.736s] [ 63%] [32mBuilding CXX object CMakeFiles/turtlesim__rosidl_typesupport_fastrtps_c.dir/rosidl_typesupport_fastrtps_c/turtlesim/srv/detail/kill__type_support_c.cpp.o[0m
[3.737s] [ 64%] [32mBuilding CXX object CMakeFiles/turtlesim__rosidl_typesupport_fastrtps_cpp.dir/rosidl_typesupport_fastrtps_cpp/turtlesim/srv/detail/dds_fastrtps/teleport_relative__type_support.cpp.o[0m
[3.740s] [ 65%] [32mBuilding C object CMakeFiles/turtlesim__rosidl_typesupport_introspection_c.dir/rosidl_typesupport_introspection_c/turtlesim/srv/detail/set_pen__type_support.c.o[0m
[3.774s] [ 66%] [32mBuilding CXX object CMakeFiles/turtlesim_node.dir/src/turtle.cpp.o[0m
[3.782s] [ 67%] [32mBuilding C object CMakeFiles/turtlesim__rosidl_typesupport_introspection_c.dir/rosidl_typesupport_introspection_c/turtlesim/srv/detail/spawn__type_support.c.o[0m
[3.795s] [ 68%] [32m[1mLinking CXX shared library libturtlesim__rosidl_typesupport_introspection_cpp.so[0m
[3.843s] [ 69%] [32mBuilding C object CMakeFiles/turtlesim__rosidl_typesupport_introspection_c.dir/rosidl_typesupport_introspection_c/turtlesim/srv/detail/teleport_absolute__type_support.c.o[0m
[3.901s] [ 70%] [32mBuilding C object CMakeFiles/turtlesim__rosidl_typesupport_introspection_c.dir/rosidl_typesupport_introspection_c/turtlesim/srv/detail/teleport_relative__type_support.c.o[0m
[3.912s] [ 70%] Built target turtlesim__rosidl_typesupport_introspection_cpp
[3.926s] [ 71%] [32mBuilding CXX object CMakeFiles/turtlesim__rosidl_typesupport_fastrtps_c.dir/rosidl_typesupport_fastrtps_c/turtlesim/srv/detail/set_pen__type_support_c.cpp.o[0m
[3.960s] [ 72%] [32m[1mLinking C shared library libturtlesim__rosidl_typesupport_introspection_c.so[0m
[4.007s] [ 72%] Built target turtlesim__rosidl_typesupport_introspection_c
[4.015s] [ 73%] [32mBuilding CXX object CMakeFiles/turtlesim__rosidl_typesupport_fastrtps_c.dir/rosidl_typesupport_fastrtps_c/turtlesim/srv/detail/spawn__type_support_c.cpp.o[0m
[4.015s] [ 74%] [32mBuilding CXX object CMakeFiles/turtlesim_node.dir/src/turtle_frame.cpp.o[0m
[4.038s] [ 75%] [32mBuilding CXX object CMakeFiles/turtlesim_node.dir/include/turtlesim/moc_turtle_frame.cpp.o[0m
[4.078s] [ 76%] [32mBuilding CXX object CMakeFiles/turtlesim__rosidl_typesupport_fastrtps_c.dir/rosidl_typesupport_fastrtps_c/turtlesim/srv/detail/teleport_absolute__type_support_c.cpp.o[0m
[4.119s] [ 77%] [32mBuilding CXX object CMakeFiles/turtlesim__rosidl_typesupport_fastrtps_c.dir/rosidl_typesupport_fastrtps_c/turtlesim/srv/detail/teleport_relative__type_support_c.cpp.o[0m
[4.210s] [ 78%] [32m[1mLinking CXX shared library libturtlesim__rosidl_typesupport_fastrtps_cpp.so[0m
[4.308s] [ 78%] Built target turtlesim__rosidl_typesupport_fastrtps_cpp
[4.517s] [ 79%] [32m[1mLinking CXX shared library libturtlesim__rosidl_typesupport_fastrtps_c.so[0m
[4.581s] [ 79%] Built target turtlesim__rosidl_typesupport_fastrtps_c
[4.603s] [ 79%] Built target turtlesim
[4.625s] [ 80%] [34m[1mGenerating Python code for ROS interfaces[0m
[5.916s] [ 80%] Built target turtlesim__py
[5.937s] [ 84%] [32mBuilding C object CMakeFiles/turtlesim__rosidl_generator_py.dir/rosidl_generator_py/turtlesim/srv/_spawn_s.c.o[0m
[5.939s] [ 84%] [32mBuilding C object CMakeFiles/turtlesim__rosidl_generator_py.dir/rosidl_generator_py/turtlesim/msg/_color_s.c.o[0m
[5.939s] [ 84%] [32mBuilding C object CMakeFiles/turtlesim__rosidl_generator_py.dir/rosidl_generator_py/turtlesim/msg/_pose_s.c.o[0m
[5.939s] [ 85%] [32mBuilding C object CMakeFiles/turtlesim__rosidl_generator_py.dir/rosidl_generator_py/turtlesim/action/_rotate_absolute_s.c.o[0m
[5.940s] [ 85%] [32mBuilding C object CMakeFiles/turtlesim__rosidl_generator_py.dir/rosidl_generator_py/turtlesim/srv/_kill_s.c.o[0m
[5.940s] [ 88%] [32mBuilding C object CMakeFiles/turtlesim__rosidl_generator_py.dir/rosidl_generator_py/turtlesim/srv/_set_pen_s.c.o[0m
[5.940s] [ 88%] [32mBuilding C object CMakeFiles/turtlesim__rosidl_generator_py.dir/rosidl_generator_py/turtlesim/srv/_teleport_absolute_s.c.o[0m
[5.940s] [ 88%] [32mBuilding C object CMakeFiles/turtlesim__rosidl_generator_py.dir/rosidl_generator_py/turtlesim/srv/_teleport_relative_s.c.o[0m
[6.114s] [ 89%] [32m[1mLinking C shared library rosidl_generator_py/turtlesim/libturtlesim__rosidl_generator_py.so[0m
[6.154s] [ 89%] Built target turtlesim__rosidl_generator_py
[6.175s] [ 90%] [32mBuilding C object CMakeFiles/turtlesim__rosidl_typesupport_introspection_c__pyext.dir/rosidl_generator_py/turtlesim/_turtlesim_s.ep.rosidl_typesupport_introspection_c.c.o[0m
[6.177s] [ 91%] [32mBuilding C object CMakeFiles/turtlesim__rosidl_typesupport_c__pyext.dir/rosidl_generator_py/turtlesim/_turtlesim_s.ep.rosidl_typesupport_c.c.o[0m
[6.178s] [ 92%] [32mBuilding C object CMakeFiles/turtlesim__rosidl_typesupport_fastrtps_c__pyext.dir/rosidl_generator_py/turtlesim/_turtlesim_s.ep.rosidl_typesupport_fastrtps_c.c.o[0m
[6.321s] [ 93%] [32m[1mLinking C shared library rosidl_generator_py/turtlesim/turtlesim_s__rosidl_typesupport_introspection_c.cpython-310-x86_64-linux-gnu.so[0m
[6.369s] [ 94%] [32m[1mLinking C shared library rosidl_generator_py/turtlesim/turtlesim_s__rosidl_typesupport_c.cpython-310-x86_64-linux-gnu.so[0m
[6.372s] [ 94%] Built target turtlesim__rosidl_typesupport_introspection_c__pyext
[6.385s] [ 95%] [32m[1mLinking C shared library rosidl_generator_py/turtlesim/turtlesim_s__rosidl_typesupport_fastrtps_c.cpython-310-x86_64-linux-gnu.so[0m
[6.413s] [ 95%] Built target turtlesim__rosidl_typesupport_c__pyext
[6.429s] [ 95%] Built target turtlesim__rosidl_typesupport_fastrtps_c__pyext
[10.056s] [ 96%] [32m[1mLinking CXX executable turtle_teleop_key[0m
[10.276s] [ 96%] Built target turtle_teleop_key
[14.304s] [ 97%] [32m[1mLinking CXX executable mimic[0m
[14.622s] [ 97%] Built target mimic
[14.941s] [ 98%] [32m[1mLinking CXX executable draw_square[0m
[15.281s] [ 98%] Built target draw_square
[16.995s] [100%] [32m[1mLinking CXX executable turtlesim_node[0m
[18.326s] [100%] Built target turtlesim_node
[18.337s] Invoked command in '/home/sanjit/ros2_ws/src/build/turtlesim' returned '0': CMAKE_PREFIX_PATH=/opt/ros/humble /usr/bin/cmake --build /home/sanjit/ros2_ws/src/build/turtlesim -- -j16 -l16
[18.338s] Invoking command in '/home/sanjit/ros2_ws/src/build/turtlesim': CMAKE_PREFIX_PATH=/opt/ros/humble /usr/bin/cmake --install /home/sanjit/ros2_ws/src/build/turtlesim
[18.345s] -- Install configuration: ""
[18.345s] -- Installing: /home/sanjit/ros2_ws/src/install/turtlesim/share/ament_index/resource_index/rosidl_interfaces/turtlesim
[18.345s] -- Installing: /home/sanjit/ros2_ws/src/install/turtlesim/include/turtlesim/turtlesim
[18.345s] -- Installing: /home/sanjit/ros2_ws/src/install/turtlesim/include/turtlesim/turtlesim/msg
[18.345s] -- Installing: /home/sanjit/ros2_ws/src/install/turtlesim/include/turtlesim/turtlesim/msg/detail
[18.345s] -- Installing: /home/sanjit/ros2_ws/src/install/turtlesim/include/turtlesim/turtlesim/msg/detail/pose__functions.h
[18.345s] -- Installing: /home/sanjit/ros2_ws/src/install/turtlesim/include/turtlesim/turtlesim/msg/detail/color__functions.h
[18.345s] -- Installing: /home/sanjit/ros2_ws/src/install/turtlesim/include/turtlesim/turtlesim/msg/detail/pose__functions.c
[18.345s] -- Installing: /home/sanjit/ros2_ws/src/install/turtlesim/include/turtlesim/turtlesim/msg/detail/color__struct.h
[18.345s] -- Installing: /home/sanjit/ros2_ws/src/install/turtlesim/include/turtlesim/turtlesim/msg/detail/color__type_support.h
[18.345s] -- Installing: /home/sanjit/ros2_ws/src/install/turtlesim/include/turtlesim/turtlesim/msg/detail/color__functions.c
[18.345s] -- Installing: /home/sanjit/ros2_ws/src/install/turtlesim/include/turtlesim/turtlesim/msg/detail/pose__struct.h
[18.345s] -- Installing: /home/sanjit/ros2_ws/src/install/turtlesim/include/turtlesim/turtlesim/msg/detail/pose__type_support.h
[18.345s] -- Installing: /home/sanjit/ros2_ws/src/install/turtlesim/include/turtlesim/turtlesim/msg/color.h
[18.345s] -- Installing: /home/sanjit/ros2_ws/src/install/turtlesim/include/turtlesim/turtlesim/msg/rosidl_generator_c__visibility_control.h
[18.345s] -- Installing: /home/sanjit/ros2_ws/src/install/turtlesim/include/turtlesim/turtlesim/msg/pose.h
[18.345s] -- Installing: /home/sanjit/ros2_ws/src/install/turtlesim/include/turtlesim/turtlesim/srv
[18.345s] -- Installing: /home/sanjit/ros2_ws/src/install/turtlesim/include/turtlesim/turtlesim/srv/teleport_absolute.h
[18.346s] -- Installing: /home/sanjit/ros2_ws/src/install/turtlesim/include/turtlesim/turtlesim/srv/detail
[18.346s] -- Installing: /home/sanjit/ros2_ws/src/install/turtlesim/include/turtlesim/turtlesim/srv/detail/spawn__functions.c
[18.346s] -- Installing: /home/sanjit/ros2_ws/src/install/turtlesim/include/turtlesim/turtlesim/srv/detail/teleport_absolute__type_support.h
[18.346s] -- Installing: /home/sanjit/ros2_ws/src/install/turtlesim/include/turtlesim/turtlesim/srv/detail/spawn__struct.h
[18.346s] -- Installing: /home/sanjit/ros2_ws/src/install/turtlesim/include/turtlesim/turtlesim/srv/detail/teleport_absolute__functions.c
[18.346s] -- Installing: /home/sanjit/ros2_ws/src/install/turtlesim/include/turtlesim/turtlesim/srv/detail/spawn__type_support.h
[18.346s] -- Installing: /home/sanjit/ros2_ws/src/install/turtlesim/include/turtlesim/turtlesim/srv/detail/teleport_absolute__struct.h
[18.346s] -- Installing: /home/sanjit/ros2_ws/src/install/turtlesim/include/turtlesim/turtlesim/srv/detail/kill__struct.h
[18.346s] -- Installing: /home/sanjit/ros2_ws/src/install/turtlesim/include/turtlesim/turtlesim/srv/detail/spawn__functions.h
[18.346s] -- Installing: /home/sanjit/ros2_ws/src/install/turtlesim/include/turtlesim/turtlesim/srv/detail/teleport_relative__functions.c
[18.346s] -- Installing: /home/sanjit/ros2_ws/src/install/turtlesim/include/turtlesim/turtlesim/srv/detail/kill__type_support.h
[18.346s] -- Installing: /home/sanjit/ros2_ws/src/install/turtlesim/include/turtlesim/turtlesim/srv/detail/kill__functions.h
[18.346s] -- Installing: /home/sanjit/ros2_ws/src/install/turtlesim/include/turtlesim/turtlesim/srv/detail/teleport_relative__type_support.h
[18.346s] -- Installing: /home/sanjit/ros2_ws/src/install/turtlesim/include/turtlesim/turtlesim/srv/detail/teleport_absolute__functions.h
[18.346s] -- Installing: /home/sanjit/ros2_ws/src/install/turtlesim/include/turtlesim/turtlesim/srv/detail/set_pen__struct.h
[18.346s] -- Installing: /home/sanjit/ros2_ws/src/install/turtlesim/include/turtlesim/turtlesim/srv/detail/teleport_relative__functions.h
[18.346s] -- Installing: /home/sanjit/ros2_ws/src/install/turtlesim/include/turtlesim/turtlesim/srv/detail/kill__functions.c
[18.346s] -- Installing: /home/sanjit/ros2_ws/src/install/turtlesim/include/turtlesim/turtlesim/srv/detail/set_pen__functions.c
[18.346s] -- Installing: /home/sanjit/ros2_ws/src/install/turtlesim/include/turtlesim/turtlesim/srv/detail/set_pen__type_support.h
[18.346s] -- Installing: /home/sanjit/ros2_ws/src/install/turtlesim/include/turtlesim/turtlesim/srv/detail/teleport_relative__struct.h
[18.346s] -- Installing: /home/sanjit/ros2_ws/src/install/turtlesim/include/turtlesim/turtlesim/srv/detail/set_pen__functions.h
[18.346s] -- Installing: /home/sanjit/ros2_ws/src/install/turtlesim/include/turtlesim/turtlesim/srv/set_pen.h
[18.346s] -- Installing: /home/sanjit/ros2_ws/src/install/turtlesim/include/turtlesim/turtlesim/srv/spawn.h
[18.347s] -- Installing: /home/sanjit/ros2_ws/src/install/turtlesim/include/turtlesim/turtlesim/srv/kill.h
[18.347s] -- Installing: /home/sanjit/ros2_ws/src/install/turtlesim/include/turtlesim/turtlesim/srv/teleport_relative.h
[18.347s] -- Installing: /home/sanjit/ros2_ws/src/install/turtlesim/include/turtlesim/turtlesim/action
[18.347s] -- Installing: /home/sanjit/ros2_ws/src/install/turtlesim/include/turtlesim/turtlesim/action/detail
[18.347s] -- Installing: /home/sanjit/ros2_ws/src/install/turtlesim/include/turtlesim/turtlesim/action/detail/rotate_absolute__functions.c
[18.347s] -- Installing: /home/sanjit/ros2_ws/src/install/turtlesim/include/turtlesim/turtlesim/action/detail/rotate_absolute__struct.h
[18.347s] -- Installing: /home/sanjit/ros2_ws/src/install/turtlesim/include/turtlesim/turtlesim/action/detail/rotate_absolute__functions.h
[18.347s] -- Installing: /home/sanjit/ros2_ws/src/install/turtlesim/include/turtlesim/turtlesim/action/detail/rotate_absolute__type_support.h
[18.347s] -- Installing: /home/sanjit/ros2_ws/src/install/turtlesim/include/turtlesim/turtlesim/action/rotate_absolute.h
[18.347s] -- Installing: /home/sanjit/ros2_ws/src/install/turtlesim/share/turtlesim/environment/library_path.sh
[18.347s] -- Installing: /home/sanjit/ros2_ws/src/install/turtlesim/share/turtlesim/environment/library_path.dsv
[18.347s] -- Installing: /home/sanjit/ros2_ws/src/install/turtlesim/lib/libturtlesim__rosidl_generator_c.so
[18.347s] -- Set runtime path of "/home/sanjit/ros2_ws/src/install/turtlesim/lib/libturtlesim__rosidl_generator_c.so" to ""
[18.347s] -- Up-to-date: /home/sanjit/ros2_ws/src/install/turtlesim/include/turtlesim/turtlesim
[18.347s] -- Up-to-date: /home/sanjit/ros2_ws/src/install/turtlesim/include/turtlesim/turtlesim/msg
[18.347s] -- Up-to-date: /home/sanjit/ros2_ws/src/install/turtlesim/include/turtlesim/turtlesim/msg/detail
[18.347s] -- Installing: /home/sanjit/ros2_ws/src/install/turtlesim/include/turtlesim/turtlesim/msg/detail/color__rosidl_typesupport_fastrtps_c.h
[18.348s] -- Installing: /home/sanjit/ros2_ws/src/install/turtlesim/include/turtlesim/turtlesim/msg/detail/pose__rosidl_typesupport_fastrtps_c.h
[18.348s] -- Installing: /home/sanjit/ros2_ws/src/install/turtlesim/include/turtlesim/turtlesim/msg/rosidl_typesupport_fastrtps_c__visibility_control.h
[18.348s] -- Up-to-date: /home/sanjit/ros2_ws/src/install/turtlesim/include/turtlesim/turtlesim/srv
[18.348s] -- Up-to-date: /home/sanjit/ros2_ws/src/install/turtlesim/include/turtlesim/turtlesim/srv/detail
[18.348s] -- Installing: /home/sanjit/ros2_ws/src/install/turtlesim/include/turtlesim/turtlesim/srv/detail/spawn__rosidl_typesupport_fastrtps_c.h
[18.348s] -- Installing: /home/sanjit/ros2_ws/src/install/turtlesim/include/turtlesim/turtlesim/srv/detail/kill__rosidl_typesupport_fastrtps_c.h
[18.348s] -- Installing: /home/sanjit/ros2_ws/src/install/turtlesim/include/turtlesim/turtlesim/srv/detail/set_pen__rosidl_typesupport_fastrtps_c.h
[18.348s] -- Installing: /home/sanjit/ros2_ws/src/install/turtlesim/include/turtlesim/turtlesim/srv/detail/teleport_relative__rosidl_typesupport_fastrtps_c.h
[18.348s] -- Installing: /home/sanjit/ros2_ws/src/install/turtlesim/include/turtlesim/turtlesim/srv/detail/teleport_absolute__rosidl_typesupport_fastrtps_c.h
[18.348s] -- Up-to-date: /home/sanjit/ros2_ws/src/install/turtlesim/include/turtlesim/turtlesim/action
[18.348s] -- Up-to-date: /home/sanjit/ros2_ws/src/install/turtlesim/include/turtlesim/turtlesim/action/detail
[18.348s] -- Installing: /home/sanjit/ros2_ws/src/install/turtlesim/include/turtlesim/turtlesim/action/detail/rotate_absolute__rosidl_typesupport_fastrtps_c.h
[18.348s] -- Installing: /home/sanjit/ros2_ws/src/install/turtlesim/lib/libturtlesim__rosidl_typesupport_fastrtps_c.so
[18.348s] -- Set runtime path of "/home/sanjit/ros2_ws/src/install/turtlesim/lib/libturtlesim__rosidl_typesupport_fastrtps_c.so" to ""
[18.348s] -- Up-to-date: /home/sanjit/ros2_ws/src/install/turtlesim/include/turtlesim/turtlesim
[18.348s] -- Up-to-date: /home/sanjit/ros2_ws/src/install/turtlesim/include/turtlesim/turtlesim/msg
[18.348s] -- Up-to-date: /home/sanjit/ros2_ws/src/install/turtlesim/include/turtlesim/turtlesim/msg/detail
[18.348s] -- Installing: /home/sanjit/ros2_ws/src/install/turtlesim/include/turtlesim/turtlesim/msg/detail/pose__struct.hpp
[18.348s] -- Installing: /home/sanjit/ros2_ws/src/install/turtlesim/include/turtlesim/turtlesim/msg/detail/color__type_support.hpp
[18.348s] -- Installing: /home/sanjit/ros2_ws/src/install/turtlesim/include/turtlesim/turtlesim/msg/detail/color__struct.hpp
[18.348s] -- Installing: /home/sanjit/ros2_ws/src/install/turtlesim/include/turtlesim/turtlesim/msg/detail/pose__builder.hpp
[18.348s] -- Installing: /home/sanjit/ros2_ws/src/install/turtlesim/include/turtlesim/turtlesim/msg/detail/color__traits.hpp
[18.348s] -- Installing: /home/sanjit/ros2_ws/src/install/turtlesim/include/turtlesim/turtlesim/msg/detail/color__builder.hpp
[18.348s] -- Installing: /home/sanjit/ros2_ws/src/install/turtlesim/include/turtlesim/turtlesim/msg/detail/pose__traits.hpp
[18.349s] -- Installing: /home/sanjit/ros2_ws/src/install/turtlesim/include/turtlesim/turtlesim/msg/detail/pose__type_support.hpp
[18.349s] -- Installing: /home/sanjit/ros2_ws/src/install/turtlesim/include/turtlesim/turtlesim/msg/rosidl_generator_cpp__visibility_control.hpp
[18.349s] -- Installing: /home/sanjit/ros2_ws/src/install/turtlesim/include/turtlesim/turtlesim/msg/color.hpp
[18.349s] -- Installing: /home/sanjit/ros2_ws/src/install/turtlesim/include/turtlesim/turtlesim/msg/pose.hpp
[18.349s] -- Up-to-date: /home/sanjit/ros2_ws/src/install/turtlesim/include/turtlesim/turtlesim/srv
[18.349s] -- Up-to-date: /home/sanjit/ros2_ws/src/install/turtlesim/include/turtlesim/turtlesim/srv/detail
[18.349s] -- Installing: /home/sanjit/ros2_ws/src/install/turtlesim/include/turtlesim/turtlesim/srv/detail/kill__traits.hpp
[18.349s] -- Installing: /home/sanjit/ros2_ws/src/install/turtlesim/include/turtlesim/turtlesim/srv/detail/kill__builder.hpp
[18.349s] -- Installing: /home/sanjit/ros2_ws/src/install/turtlesim/include/turtlesim/turtlesim/srv/detail/set_pen__traits.hpp
[18.349s] -- Installing: /home/sanjit/ros2_ws/src/install/turtlesim/include/turtlesim/turtlesim/srv/detail/teleport_relative__traits.hpp
[18.349s] -- Installing: /home/sanjit/ros2_ws/src/install/turtlesim/include/turtlesim/turtlesim/srv/detail/teleport_absolute__traits.hpp
[18.349s] -- Installing: /home/sanjit/ros2_ws/src/install/turtlesim/include/turtlesim/turtlesim/srv/detail/teleport_absolute__type_support.hpp
[18.349s] -- Installing: /home/sanjit/ros2_ws/src/install/turtlesim/include/turtlesim/turtlesim/srv/detail/set_pen__type_support.hpp
[18.349s] -- Installing: /home/sanjit/ros2_ws/src/install/turtlesim/include/turtlesim/turtlesim/srv/detail/set_pen__builder.hpp
[18.349s] -- Installing: /home/sanjit/ros2_ws/src/install/turtlesim/include/turtlesim/turtlesim/srv/detail/teleport_absolute__struct.hpp
[18.349s] -- Installing: /home/sanjit/ros2_ws/src/install/turtlesim/include/turtlesim/turtlesim/srv/detail/teleport_relative__builder.hpp
[18.349s] -- Installing: /home/sanjit/ros2_ws/src/install/turtlesim/include/turtlesim/turtlesim/srv/detail/spawn__type_support.hpp
[18.349s] -- Installing: /home/sanjit/ros2_ws/src/install/turtlesim/include/turtlesim/turtlesim/srv/detail/kill__type_support.hpp
[18.349s] -- Installing: /home/sanjit/ros2_ws/src/install/turtlesim/include/turtlesim/turtlesim/srv/detail/teleport_relative__type_support.hpp
[18.349s] -- Installing: /home/sanjit/ros2_ws/src/install/turtlesim/include/turtlesim/turtlesim/srv/detail/teleport_absolute__builder.hpp
[18.349s] -- Installing: /home/sanjit/ros2_ws/src/install/turtlesim/include/turtlesim/turtlesim/srv/detail/set_pen__struct.hpp
[18.349s] -- Installing: /home/sanjit/ros2_ws/src/install/turtlesim/include/turtlesim/turtlesim/srv/detail/teleport_relative__struct.hpp
[18.349s] -- Installing: /home/sanjit/ros2_ws/src/install/turtlesim/include/turtlesim/turtlesim/srv/detail/spawn__struct.hpp
[18.349s] -- Installing: /home/sanjit/ros2_ws/src/install/turtlesim/include/turtlesim/turtlesim/srv/detail/kill__struct.hpp
[18.349s] -- Installing: /home/sanjit/ros2_ws/src/install/turtlesim/include/turtlesim/turtlesim/srv/detail/spawn__traits.hpp
[18.349s] -- Installing: /home/sanjit/ros2_ws/src/install/turtlesim/include/turtlesim/turtlesim/srv/detail/spawn__builder.hpp
[18.350s] -- Installing: /home/sanjit/ros2_ws/src/install/turtlesim/include/turtlesim/turtlesim/srv/spawn.hpp
[18.350s] -- Installing: /home/sanjit/ros2_ws/src/install/turtlesim/include/turtlesim/turtlesim/srv/teleport_absolute.hpp
[18.350s] -- Installing: /home/sanjit/ros2_ws/src/install/turtlesim/include/turtlesim/turtlesim/srv/kill.hpp
[18.350s] -- Installing: /home/sanjit/ros2_ws/src/install/turtlesim/include/turtlesim/turtlesim/srv/teleport_relative.hpp
[18.350s] -- Installing: /home/sanjit/ros2_ws/src/install/turtlesim/include/turtlesim/turtlesim/srv/set_pen.hpp
[18.350s] -- Up-to-date: /home/sanjit/ros2_ws/src/install/turtlesim/include/turtlesim/turtlesim/action
[18.350s] -- Up-to-date: /home/sanjit/ros2_ws/src/install/turtlesim/include/turtlesim/turtlesim/action/detail
[18.350s] -- Installing: /home/sanjit/ros2_ws/src/install/turtlesim/include/turtlesim/turtlesim/action/detail/rotate_absolute__type_support.hpp
[18.350s] -- Installing: /home/sanjit/ros2_ws/src/install/turtlesim/include/turtlesim/turtlesim/action/detail/rotate_absolute__traits.hpp
[18.350s] -- Installing: /home/sanjit/ros2_ws/src/install/turtlesim/include/turtlesim/turtlesim/action/detail/rotate_absolute__struct.hpp
[18.350s] -- Installing: /home/sanjit/ros2_ws/src/install/turtlesim/include/turtlesim/turtlesim/action/detail/rotate_absolute__builder.hpp
[18.350s] -- Installing: /home/sanjit/ros2_ws/src/install/turtlesim/include/turtlesim/turtlesim/action/rotate_absolute.hpp
[18.350s] -- Up-to-date: /home/sanjit/ros2_ws/src/install/turtlesim/include/turtlesim/turtlesim
[18.350s] -- Up-to-date: /home/sanjit/ros2_ws/src/install/turtlesim/include/turtlesim/turtlesim/msg
[18.350s] -- Up-to-date: /home/sanjit/ros2_ws/src/install/turtlesim/include/turtlesim/turtlesim/msg/detail
[18.350s] -- Installing: /home/sanjit/ros2_ws/src/install/turtlesim/include/turtlesim/turtlesim/msg/detail/pose__rosidl_typesupport_fastrtps_cpp.hpp
[18.350s] -- Installing: /home/sanjit/ros2_ws/src/install/turtlesim/include/turtlesim/turtlesim/msg/detail/dds_fastrtps
[18.350s] -- Installing: /home/sanjit/ros2_ws/src/install/turtlesim/include/turtlesim/turtlesim/msg/detail/color__rosidl_typesupport_fastrtps_cpp.hpp
[18.350s] -- Installing: /home/sanjit/ros2_ws/src/install/turtlesim/include/turtlesim/turtlesim/msg/rosidl_typesupport_fastrtps_cpp__visibility_control.h
[18.350s] -- Up-to-date: /home/sanjit/ros2_ws/src/install/turtlesim/include/turtlesim/turtlesim/srv
[18.350s] -- Up-to-date: /home/sanjit/ros2_ws/src/install/turtlesim/include/turtlesim/turtlesim/srv/detail
[18.350s] -- Installing: /home/sanjit/ros2_ws/src/install/turtlesim/include/turtlesim/turtlesim/srv/detail/dds_fastrtps
[18.350s] -- Installing: /home/sanjit/ros2_ws/src/install/turtlesim/include/turtlesim/turtlesim/srv/detail/kill__rosidl_typesupport_fastrtps_cpp.hpp
[18.350s] -- Installing: /home/sanjit/ros2_ws/src/install/turtlesim/include/turtlesim/turtlesim/srv/detail/teleport_relative__rosidl_typesupport_fastrtps_cpp.hpp
[18.350s] -- Installing: /home/sanjit/ros2_ws/src/install/turtlesim/include/turtlesim/turtlesim/srv/detail/spawn__rosidl_typesupport_fastrtps_cpp.hpp
[18.351s] -- Installing: /home/sanjit/ros2_ws/src/install/turtlesim/include/turtlesim/turtlesim/srv/detail/set_pen__rosidl_typesupport_fastrtps_cpp.hpp
[18.351s] -- Installing: /home/sanjit/ros2_ws/src/install/turtlesim/include/turtlesim/turtlesim/srv/detail/teleport_absolute__rosidl_typesupport_fastrtps_cpp.hpp
[18.351s] -- Up-to-date: /home/sanjit/ros2_ws/src/install/turtlesim/include/turtlesim/turtlesim/action
[18.351s] -- Up-to-date: /home/sanjit/ros2_ws/src/install/turtlesim/include/turtlesim/turtlesim/action/detail
[18.351s] -- Installing: /home/sanjit/ros2_ws/src/install/turtlesim/include/turtlesim/turtlesim/action/detail/rotate_absolute__rosidl_typesupport_fastrtps_cpp.hpp
[18.351s] -- Installing: /home/sanjit/ros2_ws/src/install/turtlesim/include/turtlesim/turtlesim/action/detail/dds_fastrtps
[18.351s] -- Installing: /home/sanjit/ros2_ws/src/install/turtlesim/lib/libturtlesim__rosidl_typesupport_fastrtps_cpp.so
[18.351s] -- Set runtime path of "/home/sanjit/ros2_ws/src/install/turtlesim/lib/libturtlesim__rosidl_typesupport_fastrtps_cpp.so" to ""
[18.351s] -- Up-to-date: /home/sanjit/ros2_ws/src/install/turtlesim/include/turtlesim/turtlesim
[18.351s] -- Up-to-date: /home/sanjit/ros2_ws/src/install/turtlesim/include/turtlesim/turtlesim/msg
[18.351s] -- Up-to-date: /home/sanjit/ros2_ws/src/install/turtlesim/include/turtlesim/turtlesim/msg/detail
[18.351s] -- Installing: /home/sanjit/ros2_ws/src/install/turtlesim/include/turtlesim/turtlesim/msg/detail/color__rosidl_typesupport_introspection_c.h
[18.351s] -- Installing: /home/sanjit/ros2_ws/src/install/turtlesim/include/turtlesim/turtlesim/msg/detail/color__type_support.c
[18.351s] -- Installing: /home/sanjit/ros2_ws/src/install/turtlesim/include/turtlesim/turtlesim/msg/detail/pose__rosidl_typesupport_introspection_c.h
[18.351s] -- Installing: /home/sanjit/ros2_ws/src/install/turtlesim/include/turtlesim/turtlesim/msg/detail/pose__type_support.c
[18.351s] -- Installing: /home/sanjit/ros2_ws/src/install/turtlesim/include/turtlesim/turtlesim/msg/rosidl_typesupport_introspection_c__visibility_control.h
[18.351s] -- Up-to-date: /home/sanjit/ros2_ws/src/install/turtlesim/include/turtlesim/turtlesim/srv
[18.351s] -- Up-to-date: /home/sanjit/ros2_ws/src/install/turtlesim/include/turtlesim/turtlesim/srv/detail
[18.351s] -- Installing: /home/sanjit/ros2_ws/src/install/turtlesim/include/turtlesim/turtlesim/srv/detail/set_pen__rosidl_typesupport_introspection_c.h
[18.351s] -- Installing: /home/sanjit/ros2_ws/src/install/turtlesim/include/turtlesim/turtlesim/srv/detail/spawn__type_support.c
[18.351s] -- Installing: /home/sanjit/ros2_ws/src/install/turtlesim/include/turtlesim/turtlesim/srv/detail/teleport_absolute__rosidl_typesupport_introspection_c.h
[18.351s] -- Installing: /home/sanjit/ros2_ws/src/install/turtlesim/include/turtlesim/turtlesim/srv/detail/teleport_absolute__type_support.c
[18.351s] -- Installing: /home/sanjit/ros2_ws/src/install/turtlesim/include/turtlesim/turtlesim/srv/detail/kill__rosidl_typesupport_introspection_c.h
[18.352s] -- Installing: /home/sanjit/ros2_ws/src/install/turtlesim/include/turtlesim/turtlesim/srv/detail/spawn__rosidl_typesupport_introspection_c.h
[18.352s] -- Installing: /home/sanjit/ros2_ws/src/install/turtlesim/include/turtlesim/turtlesim/srv/detail/teleport_relative__type_support.c
[18.352s] -- Installing: /home/sanjit/ros2_ws/src/install/turtlesim/include/turtlesim/turtlesim/srv/detail/set_pen__type_support.c
[18.352s] -- Installing: /home/sanjit/ros2_ws/src/install/turtlesim/include/turtlesim/turtlesim/srv/detail/teleport_relative__rosidl_typesupport_introspection_c.h
[18.352s] -- Installing: /home/sanjit/ros2_ws/src/install/turtlesim/include/turtlesim/turtlesim/srv/detail/kill__type_support.c
[18.352s] -- Up-to-date: /home/sanjit/ros2_ws/src/install/turtlesim/include/turtlesim/turtlesim/action
[18.352s] -- Up-to-date: /home/sanjit/ros2_ws/src/install/turtlesim/include/turtlesim/turtlesim/action/detail
[18.352s] -- Installing: /home/sanjit/ros2_ws/src/install/turtlesim/include/turtlesim/turtlesim/action/detail/rotate_absolute__type_support.c
[18.352s] -- Installing: /home/sanjit/ros2_ws/src/install/turtlesim/include/turtlesim/turtlesim/action/detail/rotate_absolute__rosidl_typesupport_introspection_c.h
[18.352s] -- Installing: /home/sanjit/ros2_ws/src/install/turtlesim/lib/libturtlesim__rosidl_typesupport_introspection_c.so
[18.352s] -- Set runtime path of "/home/sanjit/ros2_ws/src/install/turtlesim/lib/libturtlesim__rosidl_typesupport_introspection_c.so" to ""
[18.352s] -- Installing: /home/sanjit/ros2_ws/src/install/turtlesim/lib/libturtlesim__rosidl_typesupport_c.so
[18.352s] -- Set runtime path of "/home/sanjit/ros2_ws/src/install/turtlesim/lib/libturtlesim__rosidl_typesupport_c.so" to ""
[18.352s] -- Up-to-date: /home/sanjit/ros2_ws/src/install/turtlesim/include/turtlesim/turtlesim
[18.352s] -- Up-to-date: /home/sanjit/ros2_ws/src/install/turtlesim/include/turtlesim/turtlesim/msg
[18.352s] -- Up-to-date: /home/sanjit/ros2_ws/src/install/turtlesim/include/turtlesim/turtlesim/msg/detail
[18.352s] -- Installing: /home/sanjit/ros2_ws/src/install/turtlesim/include/turtlesim/turtlesim/msg/detail/color__type_support.cpp
[18.353s] -- Installing: /home/sanjit/ros2_ws/src/install/turtlesim/include/turtlesim/turtlesim/msg/detail/color__rosidl_typesupport_introspection_cpp.hpp
[18.353s] -- Installing: /home/sanjit/ros2_ws/src/install/turtlesim/include/turtlesim/turtlesim/msg/detail/pose__rosidl_typesupport_introspection_cpp.hpp
[18.353s] -- Installing: /home/sanjit/ros2_ws/src/install/turtlesim/include/turtlesim/turtlesim/msg/detail/pose__type_support.cpp
[18.353s] -- Up-to-date: /home/sanjit/ros2_ws/src/install/turtlesim/include/turtlesim/turtlesim/srv
[18.353s] -- Up-to-date: /home/sanjit/ros2_ws/src/install/turtlesim/include/turtlesim/turtlesim/srv/detail
[18.353s] -- Installing: /home/sanjit/ros2_ws/src/install/turtlesim/include/turtlesim/turtlesim/srv/detail/set_pen__rosidl_typesupport_introspection_cpp.hpp
[18.353s] -- Installing: /home/sanjit/ros2_ws/src/install/turtlesim/include/turtlesim/turtlesim/srv/detail/teleport_absolute__rosidl_typesupport_introspection_cpp.hpp
[18.353s] -- Installing: /home/sanjit/ros2_ws/src/install/turtlesim/include/turtlesim/turtlesim/srv/detail/spawn__type_support.cpp
[18.353s] -- Installing: /home/sanjit/ros2_ws/src/install/turtlesim/include/turtlesim/turtlesim/srv/detail/teleport_absolute__type_support.cpp
[18.353s] -- Installing: /home/sanjit/ros2_ws/src/install/turtlesim/include/turtlesim/turtlesim/srv/detail/spawn__rosidl_typesupport_introspection_cpp.hpp
[18.353s] -- Installing: /home/sanjit/ros2_ws/src/install/turtlesim/include/turtlesim/turtlesim/srv/detail/kill__rosidl_typesupport_introspection_cpp.hpp
[18.353s] -- Installing: /home/sanjit/ros2_ws/src/install/turtlesim/include/turtlesim/turtlesim/srv/detail/set_pen__type_support.cpp
[18.353s] -- Installing: /home/sanjit/ros2_ws/src/install/turtlesim/include/turtlesim/turtlesim/srv/detail/teleport_relative__type_support.cpp
[18.353s] -- Installing: /home/sanjit/ros2_ws/src/install/turtlesim/include/turtlesim/turtlesim/srv/detail/teleport_relative__rosidl_typesupport_introspection_cpp.hpp
[18.353s] -- Installing: /home/sanjit/ros2_ws/src/install/turtlesim/include/turtlesim/turtlesim/srv/detail/kill__type_support.cpp
[18.353s] -- Up-to-date: /home/sanjit/ros2_ws/src/install/turtlesim/include/turtlesim/turtlesim/action
[18.353s] -- Up-to-date: /home/sanjit/ros2_ws/src/install/turtlesim/include/turtlesim/turtlesim/action/detail
[18.353s] -- Installing: /home/sanjit/ros2_ws/src/install/turtlesim/include/turtlesim/turtlesim/action/detail/rotate_absolute__type_support.cpp
[18.353s] -- Installing: /home/sanjit/ros2_ws/src/install/turtlesim/include/turtlesim/turtlesim/action/detail/rotate_absolute__rosidl_typesupport_introspection_cpp.hpp
[18.353s] -- Installing: /home/sanjit/ros2_ws/src/install/turtlesim/lib/libturtlesim__rosidl_typesupport_introspection_cpp.so
[18.354s] -- Set runtime path of "/home/sanjit/ros2_ws/src/install/turtlesim/lib/libturtlesim__rosidl_typesupport_introspection_cpp.so" to ""
[18.354s] -- Installing: /home/sanjit/ros2_ws/src/install/turtlesim/lib/libturtlesim__rosidl_typesupport_cpp.so
[18.354s] -- Set runtime path of "/home/sanjit/ros2_ws/src/install/turtlesim/lib/libturtlesim__rosidl_typesupport_cpp.so" to ""
[18.354s] -- Installing: /home/sanjit/ros2_ws/src/install/turtlesim/share/turtlesim/environment/pythonpath.sh
[18.354s] -- Installing: /home/sanjit/ros2_ws/src/install/turtlesim/share/turtlesim/environment/pythonpath.dsv
[18.354s] -- Installing: /home/sanjit/ros2_ws/src/install/turtlesim/local/lib/python3.10/dist-packages/turtlesim-1.4.2-py3.10.egg-info
[18.354s] -- Installing: /home/sanjit/ros2_ws/src/install/turtlesim/local/lib/python3.10/dist-packages/turtlesim-1.4.2-py3.10.egg-info/PKG-INFO
[18.354s] -- Installing: /home/sanjit/ros2_ws/src/install/turtlesim/local/lib/python3.10/dist-packages/turtlesim-1.4.2-py3.10.egg-info/SOURCES.txt
[18.354s] -- Installing: /home/sanjit/ros2_ws/src/install/turtlesim/local/lib/python3.10/dist-packages/turtlesim-1.4.2-py3.10.egg-info/dependency_links.txt
[18.354s] -- Installing: /home/sanjit/ros2_ws/src/install/turtlesim/local/lib/python3.10/dist-packages/turtlesim-1.4.2-py3.10.egg-info/top_level.txt
[18.354s] -- Installing: /home/sanjit/ros2_ws/src/install/turtlesim/local/lib/python3.10/dist-packages/turtlesim
[18.354s] -- Installing: /home/sanjit/ros2_ws/src/install/turtlesim/local/lib/python3.10/dist-packages/turtlesim/libturtlesim__rosidl_generator_py.so
[18.354s] -- Installing: /home/sanjit/ros2_ws/src/install/turtlesim/local/lib/python3.10/dist-packages/turtlesim/msg
[18.354s] -- Installing: /home/sanjit/ros2_ws/src/install/turtlesim/local/lib/python3.10/dist-packages/turtlesim/msg/_color_s.c
[18.354s] -- Installing: /home/sanjit/ros2_ws/src/install/turtlesim/local/lib/python3.10/dist-packages/turtlesim/msg/_pose_s.c
[18.354s] -- Installing: /home/sanjit/ros2_ws/src/install/turtlesim/local/lib/python3.10/dist-packages/turtlesim/msg/_pose.py
[18.354s] -- Installing: /home/sanjit/ros2_ws/src/install/turtlesim/local/lib/python3.10/dist-packages/turtlesim/msg/_color.py
[18.354s] -- Installing: /home/sanjit/ros2_ws/src/install/turtlesim/local/lib/python3.10/dist-packages/turtlesim/msg/__init__.py
[18.354s] -- Installing: /home/sanjit/ros2_ws/src/install/turtlesim/local/lib/python3.10/dist-packages/turtlesim/srv
[18.354s] -- Installing: /home/sanjit/ros2_ws/src/install/turtlesim/local/lib/python3.10/dist-packages/turtlesim/srv/_set_pen.py
[18.354s] -- Installing: /home/sanjit/ros2_ws/src/install/turtlesim/local/lib/python3.10/dist-packages/turtlesim/srv/_kill.py
[18.354s] -- Installing: /home/sanjit/ros2_ws/src/install/turtlesim/local/lib/python3.10/dist-packages/turtlesim/srv/_spawn.py
[18.355s] -- Installing: /home/sanjit/ros2_ws/src/install/turtlesim/local/lib/python3.10/dist-packages/turtlesim/srv/_teleport_relative_s.c
[18.355s] -- Installing: /home/sanjit/ros2_ws/src/install/turtlesim/local/lib/python3.10/dist-packages/turtlesim/srv/_teleport_absolute.py
[18.355s] -- Installing: /home/sanjit/ros2_ws/src/install/turtlesim/local/lib/python3.10/dist-packages/turtlesim/srv/_set_pen_s.c
[18.355s] -- Installing: /home/sanjit/ros2_ws/src/install/turtlesim/local/lib/python3.10/dist-packages/turtlesim/srv/_spawn_s.c
[18.355s] -- Installing: /home/sanjit/ros2_ws/src/install/turtlesim/local/lib/python3.10/dist-packages/turtlesim/srv/_teleport_absolute_s.c
[18.355s] -- Installing: /home/sanjit/ros2_ws/src/install/turtlesim/local/lib/python3.10/dist-packages/turtlesim/srv/__init__.py
[18.355s] -- Installing: /home/sanjit/ros2_ws/src/install/turtlesim/local/lib/python3.10/dist-packages/turtlesim/srv/_teleport_relative.py
[18.355s] -- Installing: /home/sanjit/ros2_ws/src/install/turtlesim/local/lib/python3.10/dist-packages/turtlesim/srv/_kill_s.c
[18.355s] -- Installing: /home/sanjit/ros2_ws/src/install/turtlesim/local/lib/python3.10/dist-packages/turtlesim/turtlesim_s__rosidl_typesupport_c.cpython-310-x86_64-linux-gnu.so
[18.355s] -- Installing: /home/sanjit/ros2_ws/src/install/turtlesim/local/lib/python3.10/dist-packages/turtlesim/_turtlesim_s.ep.rosidl_typesupport_fastrtps_c.c
[18.355s] -- Installing: /home/sanjit/ros2_ws/src/install/turtlesim/local/lib/python3.10/dist-packages/turtlesim/_turtlesim_s.ep.rosidl_typesupport_introspection_c.c
[18.355s] -- Installing: /home/sanjit/ros2_ws/src/install/turtlesim/local/lib/python3.10/dist-packages/turtlesim/__init__.py
[18.355s] -- Installing: /home/sanjit/ros2_ws/src/install/turtlesim/local/lib/python3.10/dist-packages/turtlesim/action
[18.355s] -- Installing: /home/sanjit/ros2_ws/src/install/turtlesim/local/lib/python3.10/dist-packages/turtlesim/action/_rotate_absolute.py
[18.355s] -- Installing: /home/sanjit/ros2_ws/src/install/turtlesim/local/lib/python3.10/dist-packages/turtlesim/action/_rotate_absolute_s.c
[18.355s] -- Installing: /home/sanjit/ros2_ws/src/install/turtlesim/local/lib/python3.10/dist-packages/turtlesim/action/__init__.py
[18.355s] -- Installing: /home/sanjit/ros2_ws/src/install/turtlesim/local/lib/python3.10/dist-packages/turtlesim/turtlesim_s__rosidl_typesupport_fastrtps_c.cpython-310-x86_64-linux-gnu.so
[18.355s] -- Installing: /home/sanjit/ros2_ws/src/install/turtlesim/local/lib/python3.10/dist-packages/turtlesim/_turtlesim_s.ep.rosidl_typesupport_c.c
[18.355s] -- Installing: /home/sanjit/ros2_ws/src/install/turtlesim/local/lib/python3.10/dist-packages/turtlesim/turtlesim_s__rosidl_typesupport_introspection_c.cpython-310-x86_64-linux-gnu.so
[18.390s] Listing '/home/sanjit/ros2_ws/src/install/turtlesim/local/lib/python3.10/dist-packages/turtlesim'...
[18.390s] Compiling '/home/sanjit/ros2_ws/src/install/turtlesim/local/lib/python3.10/dist-packages/turtlesim/__init__.py'...
[18.390s] Listing '/home/sanjit/ros2_ws/src/install/turtlesim/local/lib/python3.10/dist-packages/turtlesim/action'...
[18.390s] Compiling '/home/sanjit/ros2_ws/src/install/turtlesim/local/lib/python3.10/dist-packages/turtlesim/action/__init__.py'...
[18.390s] Compiling '/home/sanjit/ros2_ws/src/install/turtlesim/local/lib/python3.10/dist-packages/turtlesim/action/_rotate_absolute.py'...
[18.390s] Listing '/home/sanjit/ros2_ws/src/install/turtlesim/local/lib/python3.10/dist-packages/turtlesim/msg'...
[18.390s] Compiling '/home/sanjit/ros2_ws/src/install/turtlesim/local/lib/python3.10/dist-packages/turtlesim/msg/__init__.py'...
[18.390s] Compiling '/home/sanjit/ros2_ws/src/install/turtlesim/local/lib/python3.10/dist-packages/turtlesim/msg/_color.py'...
[18.390s] Compiling '/home/sanjit/ros2_ws/src/install/turtlesim/local/lib/python3.10/dist-packages/turtlesim/msg/_pose.py'...
[18.390s] Listing '/home/sanjit/ros2_ws/src/install/turtlesim/local/lib/python3.10/dist-packages/turtlesim/srv'...
[18.390s] Compiling '/home/sanjit/ros2_ws/src/install/turtlesim/local/lib/python3.10/dist-packages/turtlesim/srv/__init__.py'...
[18.390s] Compiling '/home/sanjit/ros2_ws/src/install/turtlesim/local/lib/python3.10/dist-packages/turtlesim/srv/_kill.py'...
[18.390s] Compiling '/home/sanjit/ros2_ws/src/install/turtlesim/local/lib/python3.10/dist-packages/turtlesim/srv/_set_pen.py'...
[18.390s] Compiling '/home/sanjit/ros2_ws/src/install/turtlesim/local/lib/python3.10/dist-packages/turtlesim/srv/_spawn.py'...
[18.390s] Compiling '/home/sanjit/ros2_ws/src/install/turtlesim/local/lib/python3.10/dist-packages/turtlesim/srv/_teleport_absolute.py'...
[18.390s] Compiling '/home/sanjit/ros2_ws/src/install/turtlesim/local/lib/python3.10/dist-packages/turtlesim/srv/_teleport_relative.py'...
[18.393s] -- Installing: /home/sanjit/ros2_ws/src/install/turtlesim/local/lib/python3.10/dist-packages/turtlesim/turtlesim_s__rosidl_typesupport_fastrtps_c.cpython-310-x86_64-linux-gnu.so
[18.394s] -- Set runtime path of "/home/sanjit/ros2_ws/src/install/turtlesim/local/lib/python3.10/dist-packages/turtlesim/turtlesim_s__rosidl_typesupport_fastrtps_c.cpython-310-x86_64-linux-gnu.so" to ""
[18.394s] -- Installing: /home/sanjit/ros2_ws/src/install/turtlesim/local/lib/python3.10/dist-packages/turtlesim/turtlesim_s__rosidl_typesupport_introspection_c.cpython-310-x86_64-linux-gnu.so
[18.394s] -- Set runtime path of "/home/sanjit/ros2_ws/src/install/turtlesim/local/lib/python3.10/dist-packages/turtlesim/turtlesim_s__rosidl_typesupport_introspection_c.cpython-310-x86_64-linux-gnu.so" to ""
[18.394s] -- Installing: /home/sanjit/ros2_ws/src/install/turtlesim/local/lib/python3.10/dist-packages/turtlesim/turtlesim_s__rosidl_typesupport_c.cpython-310-x86_64-linux-gnu.so
[18.394s] -- Set runtime path of "/home/sanjit/ros2_ws/src/install/turtlesim/local/lib/python3.10/dist-packages/turtlesim/turtlesim_s__rosidl_typesupport_c.cpython-310-x86_64-linux-gnu.so" to ""
[18.394s] -- Installing: /home/sanjit/ros2_ws/src/install/turtlesim/lib/libturtlesim__rosidl_generator_py.so
[18.395s] -- Set runtime path of "/home/sanjit/ros2_ws/src/install/turtlesim/lib/libturtlesim__rosidl_generator_py.so" to ""
[18.395s] -- Installing: /home/sanjit/ros2_ws/src/install/turtlesim/share/turtlesim/action/RotateAbsolute.idl
[18.395s] -- Installing: /home/sanjit/ros2_ws/src/install/turtlesim/share/turtlesim/msg/Color.idl
[18.395s] -- Installing: /home/sanjit/ros2_ws/src/install/turtlesim/share/turtlesim/msg/Pose.idl
[18.395s] -- Installing: /home/sanjit/ros2_ws/src/install/turtlesim/share/turtlesim/srv/Kill.idl
[18.395s] -- Installing: /home/sanjit/ros2_ws/src/install/turtlesim/share/turtlesim/srv/SetPen.idl
[18.395s] -- Installing: /home/sanjit/ros2_ws/src/install/turtlesim/share/turtlesim/srv/Spawn.idl
[18.395s] -- Installing: /home/sanjit/ros2_ws/src/install/turtlesim/share/turtlesim/srv/TeleportAbsolute.idl
[18.395s] -- Installing: /home/sanjit/ros2_ws/src/install/turtlesim/share/turtlesim/srv/TeleportRelative.idl
[18.395s] -- Installing: /home/sanjit/ros2_ws/src/install/turtlesim/share/turtlesim/action/RotateAbsolute.action
[18.395s] -- Installing: /home/sanjit/ros2_ws/src/install/turtlesim/share/turtlesim/msg/Color.msg
[18.395s] -- Installing: /home/sanjit/ros2_ws/src/install/turtlesim/share/turtlesim/msg/Pose.msg
[18.395s] -- Installing: /home/sanjit/ros2_ws/src/install/turtlesim/share/turtlesim/srv/Kill.srv
[18.395s] -- Installing: /home/sanjit/ros2_ws/src/install/turtlesim/share/turtlesim/srv/Kill_Request.msg
[18.395s] -- Installing: /home/sanjit/ros2_ws/src/install/turtlesim/share/turtlesim/srv/Kill_Response.msg
[18.395s] -- Installing: /home/sanjit/ros2_ws/src/install/turtlesim/share/turtlesim/srv/SetPen.srv
[18.395s] -- Installing: /home/sanjit/ros2_ws/src/install/turtlesim/share/turtlesim/srv/SetPen_Request.msg
[18.396s] -- Installing: /home/sanjit/ros2_ws/src/install/turtlesim/share/turtlesim/srv/SetPen_Response.msg
[18.396s] -- Installing: /home/sanjit/ros2_ws/src/install/turtlesim/share/turtlesim/srv/Spawn.srv
[18.396s] -- Installing: /home/sanjit/ros2_ws/src/install/turtlesim/share/turtlesim/srv/Spawn_Request.msg
[18.396s] -- Installing: /home/sanjit/ros2_ws/src/install/turtlesim/share/turtlesim/srv/Spawn_Response.msg
[18.396s] -- Installing: /home/sanjit/ros2_ws/src/install/turtlesim/share/turtlesim/srv/TeleportAbsolute.srv
[18.396s] -- Installing: /home/sanjit/ros2_ws/src/install/turtlesim/share/turtlesim/srv/TeleportAbsolute_Request.msg
[18.396s] -- Installing: /home/sanjit/ros2_ws/src/install/turtlesim/share/turtlesim/srv/TeleportAbsolute_Response.msg
[18.396s] -- Installing: /home/sanjit/ros2_ws/src/install/turtlesim/share/turtlesim/srv/TeleportRelative.srv
[18.396s] -- Installing: /home/sanjit/ros2_ws/src/install/turtlesim/share/turtlesim/srv/TeleportRelative_Request.msg
[18.396s] -- Installing: /home/sanjit/ros2_ws/src/install/turtlesim/share/turtlesim/srv/TeleportRelative_Response.msg
[18.396s] -- Installing: /home/sanjit/ros2_ws/src/install/turtlesim/lib/turtlesim/turtlesim_node
[18.400s] -- Set runtime path of "/home/sanjit/ros2_ws/src/install/turtlesim/lib/turtlesim/turtlesim_node" to ""
[18.400s] -- Installing: /home/sanjit/ros2_ws/src/install/turtlesim/lib/turtlesim/turtle_teleop_key
[18.401s] -- Set runtime path of "/home/sanjit/ros2_ws/src/install/turtlesim/lib/turtlesim/turtle_teleop_key" to ""
[18.401s] -- Installing: /home/sanjit/ros2_ws/src/install/turtlesim/lib/turtlesim/draw_square
[18.403s] -- Set runtime path of "/home/sanjit/ros2_ws/src/install/turtlesim/lib/turtlesim/draw_square" to ""
[18.403s] -- Installing: /home/sanjit/ros2_ws/src/install/turtlesim/lib/turtlesim/mimic
[18.405s] -- Set runtime path of "/home/sanjit/ros2_ws/src/install/turtlesim/lib/turtlesim/mimic" to ""
[18.405s] -- Installing: /home/sanjit/ros2_ws/src/install/turtlesim/share/turtlesim/images
[18.405s] -- Installing: /home/sanjit/ros2_ws/src/install/turtlesim/share/turtlesim/images/rolling.png
[18.405s] -- Installing: /home/sanjit/ros2_ws/src/install/turtlesim/share/turtlesim/images/galactic.png
[18.405s] -- Installing: /home/sanjit/ros2_ws/src/install/turtlesim/share/turtlesim/images/crystal.png
[18.405s] -- Installing: /home/sanjit/ros2_ws/src/install/turtlesim/share/turtlesim/images/eloquent.png
[18.405s] -- Installing: /home/sanjit/ros2_ws/src/install/turtlesim/share/turtlesim/images/humble.png
[18.405s] -- Installing: /home/sanjit/ros2_ws/src/install/turtlesim/share/turtlesim/images/foxy.png
[18.405s] -- Installing: /home/sanjit/ros2_ws/src/install/turtlesim/share/turtlesim/images/bouncy.png
[18.405s] -- Installing: /home/sanjit/ros2_ws/src/install/turtlesim/share/turtlesim/images/dashing.png
[18.405s] -- Installing: /home/sanjit/ros2_ws/src/install/turtlesim/share/turtlesim/images/ardent.png
[18.406s] -- Installing: /home/sanjit/ros2_ws/src/install/turtlesim/share/turtlesim/launch
[18.406s] -- Installing: /home/sanjit/ros2_ws/src/install/turtlesim/share/turtlesim/launch/multisim.launch.py
[18.406s] -- Installing: /home/sanjit/ros2_ws/src/install/turtlesim/share/ament_index/resource_index/package_run_dependencies/turtlesim
[18.406s] -- Installing: /home/sanjit/ros2_ws/src/install/turtlesim/share/ament_index/resource_index/parent_prefix_path/turtlesim
[18.406s] -- Installing: /home/sanjit/ros2_ws/src/install/turtlesim/share/turtlesim/environment/ament_prefix_path.sh
[18.406s] -- Installing: /home/sanjit/ros2_ws/src/install/turtlesim/share/turtlesim/environment/ament_prefix_path.dsv
[18.406s] -- Installing: /home/sanjit/ros2_ws/src/install/turtlesim/share/turtlesim/environment/path.sh
[18.406s] -- Installing: /home/sanjit/ros2_ws/src/install/turtlesim/share/turtlesim/environment/path.dsv
[18.406s] -- Installing: /home/sanjit/ros2_ws/src/install/turtlesim/share/turtlesim/local_setup.bash
[18.406s] -- Installing: /home/sanjit/ros2_ws/src/install/turtlesim/share/turtlesim/local_setup.sh
[18.406s] -- Installing: /home/sanjit/ros2_ws/src/install/turtlesim/share/turtlesim/local_setup.zsh
[18.406s] -- Installing: /home/sanjit/ros2_ws/src/install/turtlesim/share/turtlesim/local_setup.dsv
[18.406s] -- Installing: /home/sanjit/ros2_ws/src/install/turtlesim/share/turtlesim/package.dsv
[18.406s] -- Installing: /home/sanjit/ros2_ws/src/install/turtlesim/share/ament_index/resource_index/packages/turtlesim
[18.406s] -- Installing: /home/sanjit/ros2_ws/src/install/turtlesim/share/turtlesim/cmake/export_turtlesim__rosidl_generator_cExport.cmake
[18.406s] -- Installing: /home/sanjit/ros2_ws/src/install/turtlesim/share/turtlesim/cmake/export_turtlesim__rosidl_generator_cExport-noconfig.cmake
[18.407s] -- Installing: /home/sanjit/ros2_ws/src/install/turtlesim/share/turtlesim/cmake/export_turtlesim__rosidl_typesupport_fastrtps_cExport.cmake
[18.407s] -- Installing: /home/sanjit/ros2_ws/src/install/turtlesim/share/turtlesim/cmake/export_turtlesim__rosidl_typesupport_fastrtps_cExport-noconfig.cmake
[18.407s] -- Installing: /home/sanjit/ros2_ws/src/install/turtlesim/share/turtlesim/cmake/export_turtlesim__rosidl_generator_cppExport.cmake
[18.407s] -- Installing: /home/sanjit/ros2_ws/src/install/turtlesim/share/turtlesim/cmake/export_turtlesim__rosidl_typesupport_fastrtps_cppExport.cmake
[18.407s] -- Installing: /home/sanjit/ros2_ws/src/install/turtlesim/share/turtlesim/cmake/export_turtlesim__rosidl_typesupport_fastrtps_cppExport-noconfig.cmake
[18.407s] -- Installing: /home/sanjit/ros2_ws/src/install/turtlesim/share/turtlesim/cmake/turtlesim__rosidl_typesupport_introspection_cExport.cmake
[18.407s] -- Installing: /home/sanjit/ros2_ws/src/install/turtlesim/share/turtlesim/cmake/turtlesim__rosidl_typesupport_introspection_cExport-noconfig.cmake
[18.407s] -- Installing: /home/sanjit/ros2_ws/src/install/turtlesim/share/turtlesim/cmake/turtlesim__rosidl_typesupport_cExport.cmake
[18.407s] -- Installing: /home/sanjit/ros2_ws/src/install/turtlesim/share/turtlesim/cmake/turtlesim__rosidl_typesupport_cExport-noconfig.cmake
[18.407s] -- Installing: /home/sanjit/ros2_ws/src/install/turtlesim/share/turtlesim/cmake/turtlesim__rosidl_typesupport_introspection_cppExport.cmake
[18.407s] -- Installing: /home/sanjit/ros2_ws/src/install/turtlesim/share/turtlesim/cmake/turtlesim__rosidl_typesupport_introspection_cppExport-noconfig.cmake
[18.407s] -- Installing: /home/sanjit/ros2_ws/src/install/turtlesim/share/turtlesim/cmake/turtlesim__rosidl_typesupport_cppExport.cmake
[18.407s] -- Installing: /home/sanjit/ros2_ws/src/install/turtlesim/share/turtlesim/cmake/turtlesim__rosidl_typesupport_cppExport-noconfig.cmake
[18.407s] -- Installing: /home/sanjit/ros2_ws/src/install/turtlesim/share/turtlesim/cmake/export_turtlesim__rosidl_generator_pyExport.cmake
[18.407s] -- Installing: /home/sanjit/ros2_ws/src/install/turtlesim/share/turtlesim/cmake/export_turtlesim__rosidl_generator_pyExport-noconfig.cmake
[18.407s] -- Installing: /home/sanjit/ros2_ws/src/install/turtlesim/share/turtlesim/cmake/rosidl_cmake-extras.cmake
[18.407s] -- Installing: /home/sanjit/ros2_ws/src/install/turtlesim/share/turtlesim/cmake/ament_cmake_export_dependencies-extras.cmake
[18.407s] -- Installing: /home/sanjit/ros2_ws/src/install/turtlesim/share/turtlesim/cmake/ament_cmake_export_include_directories-extras.cmake
[18.408s] -- Installing: /home/sanjit/ros2_ws/src/install/turtlesim/share/turtlesim/cmake/ament_cmake_export_libraries-extras.cmake
[18.408s] -- Installing: /home/sanjit/ros2_ws/src/install/turtlesim/share/turtlesim/cmake/ament_cmake_export_targets-extras.cmake
[18.408s] -- Installing: /home/sanjit/ros2_ws/src/install/turtlesim/share/turtlesim/cmake/rosidl_cmake_export_typesupport_targets-extras.cmake
[18.408s] -- Installing: /home/sanjit/ros2_ws/src/install/turtlesim/share/turtlesim/cmake/rosidl_cmake_export_typesupport_libraries-extras.cmake
[18.408s] -- Installing: /home/sanjit/ros2_ws/src/install/turtlesim/share/turtlesim/cmake/turtlesimConfig.cmake
[18.408s] -- Installing: /home/sanjit/ros2_ws/src/install/turtlesim/share/turtlesim/cmake/turtlesimConfig-version.cmake
[18.408s] -- Installing: /home/sanjit/ros2_ws/src/install/turtlesim/share/turtlesim/package.xml
[18.410s] Invoked command in '/home/sanjit/ros2_ws/src/build/turtlesim' returned '0': CMAKE_PREFIX_PATH=/opt/ros/humble /usr/bin/cmake --install /home/sanjit/ros2_ws/src/build/turtlesim
