[0.014s] Invoking command in '/home/sanjit/ros2_ws/src/spiral_maze/build/spiral_maze': CMAKE_PREFIX_PATH=${CMAKE_PREFIX_PATH}:/home/sanjit/ros2_ws/install/task1:/home/sanjit/ros2_ws/install/robot_task1:/home/sanjit/ros2_ws/install/robot_task1_1:/home/sanjit/ros2_ws/install/py_srvcli:/home/sanjit/ros2_ws/install/py_pubsub:/home/sanjit/ros2_ws/install/my_package:/home/sanjit/ros2_ws/install/launch_testing_examples:/home/sanjit/ros2_ws/install/examples_rclpy_pointcloud_publisher:/home/sanjit/ros2_ws/install/examples_rclpy_minimal_subscriber:/home/sanjit/ros2_ws/install/examples_rclpy_minimal_service:/home/sanjit/ros2_ws/install/examples_rclpy_minimal_publisher:/home/sanjit/ros2_ws/install/examples_rclpy_minimal_client:/home/sanjit/ros2_ws/install/examples_rclpy_minimal_action_server:/home/sanjit/ros2_ws/install/examples_rclpy_minimal_action_client:/home/sanjit/ros2_ws/install/examples_rclpy_guard_conditions:/home/sanjit/ros2_ws/install/examples_rclpy_executors:/opt/ros/humble /usr/bin/cmake /home/sanjit/ros2_ws/src/spiral_maze -DCMAKE_INSTALL_PREFIX=/home/sanjit/ros2_ws/src/spiral_maze/install/spiral_maze
[0.132s] -- The C compiler identification is GNU 11.4.0
[0.243s] -- The CXX compiler identification is GNU 11.4.0
[0.253s] -- Detecting C compiler ABI info
[0.359s] -- Detecting C compiler ABI info - done
[0.369s] -- Check for working C compiler: /usr/bin/cc - skipped
[0.370s] -- Detecting C compile features
[0.371s] -- Detecting C compile features - done
[0.376s] -- Detecting CXX compiler ABI info
[0.484s] -- Detecting CXX compiler ABI info - done
[0.494s] -- Check for working CXX compiler: /usr/bin/c++ - skipped
[0.494s] -- Detecting CXX compile features
[0.495s] -- Detecting CXX compile features - done
[0.501s] -- Found ament_cmake: 1.3.11 (/opt/ros/humble/share/ament_cmake/cmake)
[0.744s] -- Found Python3: /usr/bin/python3 (found version "3.10.12") found components: Interpreter 
[0.905s] -- Found rclpy: 3.3.15 (/opt/ros/humble/share/rclpy/cmake)
[0.909s] -- Found gazebo_ros: 3.9.0 (/opt/ros/humble/share/gazebo_ros/cmake)
[0.992s] -- Found rosidl_generator_c: 3.1.6 (/opt/ros/humble/share/rosidl_generator_c/cmake)
[1.002s] -- Found rosidl_adapter: 3.1.6 (/opt/ros/humble/share/rosidl_adapter/cmake)
[1.015s] -- Found rosidl_generator_cpp: 3.1.6 (/opt/ros/humble/share/rosidl_generator_cpp/cmake)
[1.034s] -- Using all available rosidl_typesupport_c: rosidl_typesupport_fastrtps_c;rosidl_typesupport_introspection_c
[1.061s] -- Using all available rosidl_typesupport_cpp: rosidl_typesupport_fastrtps_cpp;rosidl_typesupport_introspection_cpp
[1.130s] -- Found rmw_implementation_cmake: 6.1.2 (/opt/ros/humble/share/rmw_implementation_cmake/cmake)
[1.137s] -- Found rmw_fastrtps_cpp: 6.2.7 (/opt/ros/humble/share/rmw_fastrtps_cpp/cmake)
[1.262s] -- Found OpenSSL: /usr/lib/x86_64-linux-gnu/libcrypto.so (found version "3.0.2")  
[1.300s] -- Found FastRTPS: /opt/ros/humble/include  
[1.358s] -- Using RMW implementation 'rmw_fastrtps_cpp' as default
[1.382s] -- Looking for pthread.h
[1.484s] -- Looking for pthread.h - found
[1.484s] -- Performing Test CMAKE_HAVE_LIBC_PTHREAD
[1.582s] -- Performing Test CMAKE_HAVE_LIBC_PTHREAD - Success
[1.584s] -- Found Threads: TRUE  
[1.679s] -- Found PkgConfig: /usr/bin/pkg-config (found version "0.29.2") 
[1.681s] -- Checking for module 'bullet>=2.82'
[1.700s] --   Found bullet, version 3.05
[1.843s] -- Found fcl: /usr/include (found suitable version "0.7.0", minimum required is "0.5.0") 
[1.906s] -- Found assimp: /usr/include (found version "5.2.0") 
[1.945s] -- Found DART: /usr/include (Required is at least version "6.6") found components: dart 
[1.991s] -- Found Boost: /usr/lib/x86_64-linux-gnu/cmake/Boost-1.74.0/BoostConfig.cmake (found suitable version "1.74.0", minimum required is "1.40.0") found components: thread system filesystem program_options regex iostreams date_time 
[2.010s] -- Found Protobuf: /usr/lib/x86_64-linux-gnu/libprotobuf.so (found version "3.12.4") 
[2.022s] -- Looking for ignition-math6 -- found version 6.15.1
[2.032s] -- Searching for dependencies of ignition-math6
[2.034s] -- Looking for OGRE...
[2.035s] -- OGRE_PREFIX_WATCH changed.
[2.042s] -- Checking for module 'OGRE'
[2.063s] --   Found OGRE, version 1.9.0
[2.108s] -- Found Ogre Ghadamon (1.9.0)
[2.119s] -- Found OGRE: optimized;/usr/lib/x86_64-linux-gnu/libOgreMain.so;debug;/usr/lib/x86_64-linux-gnu/libOgreMain.so
[2.132s] -- Looking for OGRE_Paging...
[2.152s] -- Found OGRE_Paging: optimized;/usr/lib/x86_64-linux-gnu/libOgrePaging.so;debug;/usr/lib/x86_64-linux-gnu/libOgrePaging.so
[2.152s] -- Looking for OGRE_Terrain...
[2.162s] -- Found OGRE_Terrain: optimized;/usr/lib/x86_64-linux-gnu/libOgreTerrain.so;debug;/usr/lib/x86_64-linux-gnu/libOgreTerrain.so
[2.162s] -- Looking for OGRE_Property...
[2.170s] -- Found OGRE_Property: optimized;/usr/lib/x86_64-linux-gnu/libOgreProperty.so;debug;/usr/lib/x86_64-linux-gnu/libOgreProperty.so
[2.170s] -- Looking for OGRE_RTShaderSystem...
[2.179s] -- Found OGRE_RTShaderSystem: optimized;/usr/lib/x86_64-linux-gnu/libOgreRTShaderSystem.so;debug;/usr/lib/x86_64-linux-gnu/libOgreRTShaderSystem.so
[2.179s] -- Looking for OGRE_Volume...
[2.187s] -- Found OGRE_Volume: optimized;/usr/lib/x86_64-linux-gnu/libOgreVolume.so;debug;/usr/lib/x86_64-linux-gnu/libOgreVolume.so
[2.187s] -- Looking for OGRE_Overlay...
[2.196s] -- Found OGRE_Overlay: optimized;/usr/lib/x86_64-linux-gnu/libOgreOverlay.so;debug;/usr/lib/x86_64-linux-gnu/libOgreOverlay.so
[2.388s] -- Looking for ignition-math6 -- found version 6.15.1
[2.393s] -- Looking for ignition-transport8 -- found version 8.2.1
[2.393s] -- Searching for dependencies of ignition-transport8
[2.417s] -- Found Protobuf: /usr/lib/x86_64-linux-gnu/libprotobuf.so (found suitable version "3.12.4", minimum required is "3") 
[2.435s] -- Config-file not installed for ZeroMQ -- checking for pkg-config
[2.442s] -- Checking for module 'libzmq >= 4'
[2.463s] --   Found libzmq , version 4.3.4
[2.508s] -- Found ZeroMQ: TRUE (Required is at least version "4") 
[2.516s] -- Checking for module 'uuid'
[2.535s] --   Found uuid, version 2.37.2
[2.576s] -- Found UUID: TRUE  
[2.588s] -- Looking for ignition-msgs5 -- found version 5.8.1
[2.589s] -- Searching for dependencies of ignition-msgs5
[2.616s] -- Looking for ignition-math6 -- found version 6.15.1
[2.622s] -- Checking for module 'tinyxml2'
[2.643s] --   Found tinyxml2, version 9.0.0
[2.684s] -- Looking for ignition-msgs5 -- found version 5.8.1
[2.689s] -- Looking for ignition-common3 -- found version 3.14.0
[2.689s] -- Searching for dependencies of ignition-common3
[2.690s] -- Looking for dlfcn.h - found
[2.691s] -- Looking for libdl - found
[2.693s] -- Found DL: TRUE  
[2.708s] -- Found tinyobjloader: /usr/lib/x86_64-linux-gnu/cmake/tinyobjloader/tinyobjloader-config.cmake (found version "2.0.0") 
[2.709s] -- Searching for <ignition-common3> component [graphics]
[2.713s] -- Looking for ignition-common3-graphics -- found version 3.14.0
[2.714s] -- Searching for dependencies of ignition-common3-graphics
[2.714s] -- Looking for ignition-math6 -- found version 6.15.1
[2.720s] -- Looking for ignition-fuel_tools4 -- found version 4.4.0
[2.721s] -- Searching for dependencies of ignition-fuel_tools4
[2.826s] -- Found CURL: /usr/lib/x86_64-linux-gnu/libcurl.so (found version "7.81.0")  
[2.839s] -- Checking for module 'jsoncpp'
[2.858s] --   Found jsoncpp, version 1.9.5
[2.900s] -- Found JSONCPP: TRUE  
[2.907s] -- Checking for module 'libzip'
[2.924s] --   Found libzip, version 1.7.3
[2.966s] -- Found ZIP: TRUE  
[2.966s] -- Looking for ignition-common3 -- found version 3.14.0
[2.967s] -- Looking for ignition-math6 -- found version 6.15.1
[2.967s] -- Looking for ignition-msgs5 -- found version 5.8.1
[2.973s] -- Gazebo version: 11.10
[2.974s] -- Checking for module 'tbb'
[2.992s] --   Found tbb, version 2021.5.0
[3.036s] -- Found rosidl_default_generators: 1.2.0 (/opt/ros/humble/share/rosidl_default_generators/cmake)
[3.059s] -- Found ament_lint_auto: 0.12.11 (/opt/ros/humble/share/ament_lint_auto/cmake)
[3.178s] -- Added test 'cppcheck' to perform static code analysis on C / C++ code
[3.178s] -- Configured cppcheck include dirs: 
[3.178s] -- Configured cppcheck exclude dirs and/or files: 
[3.180s] -- Added test 'flake8' to check Python code syntax and style conventions
[3.182s] -- Added test 'lint_cmake' to check CMake code style
[3.184s] -- Added test 'pep257' to check Python code against some of the docstring style conventions in PEP 257
[3.190s] -- Added test 'uncrustify' to check C / C++ code style
[3.190s] -- Configured uncrustify additional arguments: 
[3.192s] -- Added test 'xmllint' to check XML markup files
[3.194s] -- Configuring done
[3.199s] -- Generating done
[3.203s] -- Build files have been written to: /home/sanjit/ros2_ws/src/spiral_maze/build/spiral_maze
[3.218s] Invoked command in '/home/sanjit/ros2_ws/src/spiral_maze/build/spiral_maze' returned '0': CMAKE_PREFIX_PATH=${CMAKE_PREFIX_PATH}:/home/sanjit/ros2_ws/install/task1:/home/sanjit/ros2_ws/install/robot_task1:/home/sanjit/ros2_ws/install/robot_task1_1:/home/sanjit/ros2_ws/install/py_srvcli:/home/sanjit/ros2_ws/install/py_pubsub:/home/sanjit/ros2_ws/install/my_package:/home/sanjit/ros2_ws/install/launch_testing_examples:/home/sanjit/ros2_ws/install/examples_rclpy_pointcloud_publisher:/home/sanjit/ros2_ws/install/examples_rclpy_minimal_subscriber:/home/sanjit/ros2_ws/install/examples_rclpy_minimal_service:/home/sanjit/ros2_ws/install/examples_rclpy_minimal_publisher:/home/sanjit/ros2_ws/install/examples_rclpy_minimal_client:/home/sanjit/ros2_ws/install/examples_rclpy_minimal_action_server:/home/sanjit/ros2_ws/install/examples_rclpy_minimal_action_client:/home/sanjit/ros2_ws/install/examples_rclpy_guard_conditions:/home/sanjit/ros2_ws/install/examples_rclpy_executors:/opt/ros/humble /usr/bin/cmake /home/sanjit/ros2_ws/src/spiral_maze -DCMAKE_INSTALL_PREFIX=/home/sanjit/ros2_ws/src/spiral_maze/install/spiral_maze
[3.222s] Invoking command in '/home/sanjit/ros2_ws/src/spiral_maze/build/spiral_maze': CMAKE_PREFIX_PATH=${CMAKE_PREFIX_PATH}:/home/sanjit/ros2_ws/install/task1:/home/sanjit/ros2_ws/install/robot_task1:/home/sanjit/ros2_ws/install/robot_task1_1:/home/sanjit/ros2_ws/install/py_srvcli:/home/sanjit/ros2_ws/install/py_pubsub:/home/sanjit/ros2_ws/install/my_package:/home/sanjit/ros2_ws/install/launch_testing_examples:/home/sanjit/ros2_ws/install/examples_rclpy_pointcloud_publisher:/home/sanjit/ros2_ws/install/examples_rclpy_minimal_subscriber:/home/sanjit/ros2_ws/install/examples_rclpy_minimal_service:/home/sanjit/ros2_ws/install/examples_rclpy_minimal_publisher:/home/sanjit/ros2_ws/install/examples_rclpy_minimal_client:/home/sanjit/ros2_ws/install/examples_rclpy_minimal_action_server:/home/sanjit/ros2_ws/install/examples_rclpy_minimal_action_client:/home/sanjit/ros2_ws/install/examples_rclpy_guard_conditions:/home/sanjit/ros2_ws/install/examples_rclpy_executors:/opt/ros/humble /usr/bin/cmake --build /home/sanjit/ros2_ws/src/spiral_maze/build/spiral_maze -- -j16 -l16
[3.277s] Invoked command in '/home/sanjit/ros2_ws/src/spiral_maze/build/spiral_maze' returned '0': CMAKE_PREFIX_PATH=${CMAKE_PREFIX_PATH}:/home/sanjit/ros2_ws/install/task1:/home/sanjit/ros2_ws/install/robot_task1:/home/sanjit/ros2_ws/install/robot_task1_1:/home/sanjit/ros2_ws/install/py_srvcli:/home/sanjit/ros2_ws/install/py_pubsub:/home/sanjit/ros2_ws/install/my_package:/home/sanjit/ros2_ws/install/launch_testing_examples:/home/sanjit/ros2_ws/install/examples_rclpy_pointcloud_publisher:/home/sanjit/ros2_ws/install/examples_rclpy_minimal_subscriber:/home/sanjit/ros2_ws/install/examples_rclpy_minimal_service:/home/sanjit/ros2_ws/install/examples_rclpy_minimal_publisher:/home/sanjit/ros2_ws/install/examples_rclpy_minimal_client:/home/sanjit/ros2_ws/install/examples_rclpy_minimal_action_server:/home/sanjit/ros2_ws/install/examples_rclpy_minimal_action_client:/home/sanjit/ros2_ws/install/examples_rclpy_guard_conditions:/home/sanjit/ros2_ws/install/examples_rclpy_executors:/opt/ros/humble /usr/bin/cmake --build /home/sanjit/ros2_ws/src/spiral_maze/build/spiral_maze -- -j16 -l16
[3.290s] Invoking command in '/home/sanjit/ros2_ws/src/spiral_maze/build/spiral_maze': CMAKE_PREFIX_PATH=${CMAKE_PREFIX_PATH}:/home/sanjit/ros2_ws/install/task1:/home/sanjit/ros2_ws/install/robot_task1:/home/sanjit/ros2_ws/install/robot_task1_1:/home/sanjit/ros2_ws/install/py_srvcli:/home/sanjit/ros2_ws/install/py_pubsub:/home/sanjit/ros2_ws/install/my_package:/home/sanjit/ros2_ws/install/launch_testing_examples:/home/sanjit/ros2_ws/install/examples_rclpy_pointcloud_publisher:/home/sanjit/ros2_ws/install/examples_rclpy_minimal_subscriber:/home/sanjit/ros2_ws/install/examples_rclpy_minimal_service:/home/sanjit/ros2_ws/install/examples_rclpy_minimal_publisher:/home/sanjit/ros2_ws/install/examples_rclpy_minimal_client:/home/sanjit/ros2_ws/install/examples_rclpy_minimal_action_server:/home/sanjit/ros2_ws/install/examples_rclpy_minimal_action_client:/home/sanjit/ros2_ws/install/examples_rclpy_guard_conditions:/home/sanjit/ros2_ws/install/examples_rclpy_executors:/opt/ros/humble /usr/bin/cmake --install /home/sanjit/ros2_ws/src/spiral_maze/build/spiral_maze
[3.299s] -- Install configuration: ""
[3.299s] -- Installing: /home/sanjit/ros2_ws/src/spiral_maze/install/spiral_maze/lib/spiral_maze/movemaze.py
[3.300s] -- Installing: /home/sanjit/ros2_ws/src/spiral_maze/install/spiral_maze/share/spiral_maze/launch
[3.300s] -- Installing: /home/sanjit/ros2_ws/src/spiral_maze/install/spiral_maze/share/spiral_maze/launch/spiral_maze.launch.py
[3.300s] -- Installing: /home/sanjit/ros2_ws/src/spiral_maze/install/spiral_maze/share/spiral_maze/models
[3.300s] -- Installing: /home/sanjit/ros2_ws/src/spiral_maze/install/spiral_maze/share/spiral_maze/models/spiral_maze_model
[3.300s] -- Installing: /home/sanjit/ros2_ws/src/spiral_maze/install/spiral_maze/share/spiral_maze/models/spiral_maze_model/materials
[3.300s] -- Installing: /home/sanjit/ros2_ws/src/spiral_maze/install/spiral_maze/share/spiral_maze/models/spiral_maze_model/materials/meshes
[3.300s] -- Installing: /home/sanjit/ros2_ws/src/spiral_maze/install/spiral_maze/share/spiral_maze/models/spiral_maze_model/materials/meshes/maze_v1.stl
[3.300s] -- Installing: /home/sanjit/ros2_ws/src/spiral_maze/install/spiral_maze/share/spiral_maze/models/spiral_maze_model/model.config
[3.300s] -- Installing: /home/sanjit/ros2_ws/src/spiral_maze/install/spiral_maze/share/spiral_maze/models/spiral_maze_model/model.sdf
[3.300s] -- Installing: /home/sanjit/ros2_ws/src/spiral_maze/install/spiral_maze/share/spiral_maze/world
[3.300s] -- Installing: /home/sanjit/ros2_ws/src/spiral_maze/install/spiral_maze/share/spiral_maze/world/spiral_maze_course.world
[3.300s] -- Installing: /home/sanjit/ros2_ws/src/spiral_maze/install/spiral_maze/share/spiral_maze/urdf
[3.301s] -- Installing: /home/sanjit/ros2_ws/src/spiral_maze/install/spiral_maze/share/spiral_maze/urdf/bot_desc.urdf
[3.301s] -- Installing: /home/sanjit/ros2_ws/src/spiral_maze/install/spiral_maze/share/ament_index/resource_index/package_run_dependencies/spiral_maze
[3.301s] -- Installing: /home/sanjit/ros2_ws/src/spiral_maze/install/spiral_maze/share/ament_index/resource_index/parent_prefix_path/spiral_maze
[3.301s] -- Installing: /home/sanjit/ros2_ws/src/spiral_maze/install/spiral_maze/share/spiral_maze/environment/ament_prefix_path.sh
[3.301s] -- Installing: /home/sanjit/ros2_ws/src/spiral_maze/install/spiral_maze/share/spiral_maze/environment/ament_prefix_path.dsv
[3.301s] -- Installing: /home/sanjit/ros2_ws/src/spiral_maze/install/spiral_maze/share/spiral_maze/environment/path.sh
[3.301s] -- Installing: /home/sanjit/ros2_ws/src/spiral_maze/install/spiral_maze/share/spiral_maze/environment/path.dsv
[3.301s] -- Installing: /home/sanjit/ros2_ws/src/spiral_maze/install/spiral_maze/share/spiral_maze/local_setup.bash
[3.301s] -- Installing: /home/sanjit/ros2_ws/src/spiral_maze/install/spiral_maze/share/spiral_maze/local_setup.sh
[3.301s] -- Installing: /home/sanjit/ros2_ws/src/spiral_maze/install/spiral_maze/share/spiral_maze/local_setup.zsh
[3.302s] -- Installing: /home/sanjit/ros2_ws/src/spiral_maze/install/spiral_maze/share/spiral_maze/local_setup.dsv
[3.302s] -- Installing: /home/sanjit/ros2_ws/src/spiral_maze/install/spiral_maze/share/spiral_maze/package.dsv
[3.302s] -- Installing: /home/sanjit/ros2_ws/src/spiral_maze/install/spiral_maze/share/ament_index/resource_index/packages/spiral_maze
[3.302s] -- Installing: /home/sanjit/ros2_ws/src/spiral_maze/install/spiral_maze/share/spiral_maze/cmake/spiral_mazeConfig.cmake
[3.302s] -- Installing: /home/sanjit/ros2_ws/src/spiral_maze/install/spiral_maze/share/spiral_maze/cmake/spiral_mazeConfig-version.cmake
[3.302s] -- Installing: /home/sanjit/ros2_ws/src/spiral_maze/install/spiral_maze/share/spiral_maze/package.xml
[3.304s] Invoked command in '/home/sanjit/ros2_ws/src/spiral_maze/build/spiral_maze' returned '0': CMAKE_PREFIX_PATH=${CMAKE_PREFIX_PATH}:/home/sanjit/ros2_ws/install/task1:/home/sanjit/ros2_ws/install/robot_task1:/home/sanjit/ros2_ws/install/robot_task1_1:/home/sanjit/ros2_ws/install/py_srvcli:/home/sanjit/ros2_ws/install/py_pubsub:/home/sanjit/ros2_ws/install/my_package:/home/sanjit/ros2_ws/install/launch_testing_examples:/home/sanjit/ros2_ws/install/examples_rclpy_pointcloud_publisher:/home/sanjit/ros2_ws/install/examples_rclpy_minimal_subscriber:/home/sanjit/ros2_ws/install/examples_rclpy_minimal_service:/home/sanjit/ros2_ws/install/examples_rclpy_minimal_publisher:/home/sanjit/ros2_ws/install/examples_rclpy_minimal_client:/home/sanjit/ros2_ws/install/examples_rclpy_minimal_action_server:/home/sanjit/ros2_ws/install/examples_rclpy_minimal_action_client:/home/sanjit/ros2_ws/install/examples_rclpy_guard_conditions:/home/sanjit/ros2_ws/install/examples_rclpy_executors:/opt/ros/humble /usr/bin/cmake --install /home/sanjit/ros2_ws/src/spiral_maze/build/spiral_maze
