[0.123s] DEBUG:colcon:Command line arguments: ['/usr/bin/colcon', 'build', '--packages-select', 'spiral_maze']
[0.123s] DEBUG:colcon:Parsed command line arguments: Namespace(log_base=None, log_level=None, verb_name='build', build_base='build', install_base='install', merge_install=False, symlink_install=False, test_result_base=None, continue_on_error=False, executor='parallel', parallel_workers=16, event_handlers=None, ignore_user_meta=False, metas=['./colcon.meta'], base_paths=['.'], packages_ignore=None, packages_ignore_regex=None, paths=None, packages_up_to=None, packages_up_to_regex=None, packages_above=None, packages_above_and_dependencies=None, packages_above_depth=None, packages_select_by_dep=None, packages_skip_by_dep=None, packages_skip_up_to=None, packages_select_build_failed=False, packages_skip_build_finished=False, packages_select_test_failures=False, packages_skip_test_passed=False, packages_select=['spiral_maze'], packages_skip=None, packages_select_regex=None, packages_skip_regex=None, packages_start=None, packages_end=None, allow_overriding=[], cmake_args=None, cmake_target=None, cmake_target_skip_unavailable=False, cmake_clean_cache=False, cmake_clean_first=False, cmake_force_configure=False, ament_cmake_args=None, catkin_cmake_args=None, catkin_skip_building_tests=False, mixin_files=None, mixin=None, verb_parser=<colcon_mixin.mixin.mixin_argument.MixinArgumentDecorator object at 0x7bd176978910>, verb_extension=<colcon_core.verb.build.BuildVerb object at 0x7bd176afdfc0>, main=<bound method BuildVerb.main of <colcon_core.verb.build.BuildVerb object at 0x7bd176afdfc0>>, mixin_verb=('build',))
[0.301s] Level 1:colcon.colcon_core.package_discovery:discover_packages(colcon_meta) check parameters
[0.301s] Level 1:colcon.colcon_core.package_discovery:discover_packages(recursive) check parameters
[0.301s] Level 1:colcon.colcon_core.package_discovery:discover_packages(ignore) check parameters
[0.301s] Level 1:colcon.colcon_core.package_discovery:discover_packages(path) check parameters
[0.301s] Level 1:colcon.colcon_core.package_discovery:discover_packages(colcon_meta) discover
[0.301s] Level 1:colcon.colcon_core.package_discovery:discover_packages(recursive) discover
[0.301s] INFO:colcon.colcon_core.package_discovery:Crawling recursively for packages in '/home/sanjit/ros2_ws/src/spiral_maze'
[0.301s] Level 1:colcon.colcon_core.package_identification:_identify(.) by extensions ['ignore', 'ignore_ament_install']
[0.301s] Level 1:colcon.colcon_core.package_identification:_identify(.) by extension 'ignore'
[0.301s] Level 1:colcon.colcon_core.package_identification:_identify(.) by extension 'ignore_ament_install'
[0.301s] Level 1:colcon.colcon_core.package_identification:_identify(.) by extensions ['colcon_pkg']
[0.301s] Level 1:colcon.colcon_core.package_identification:_identify(.) by extension 'colcon_pkg'
[0.301s] Level 1:colcon.colcon_core.package_identification:_identify(.) by extensions ['colcon_meta']
[0.301s] Level 1:colcon.colcon_core.package_identification:_identify(.) by extension 'colcon_meta'
[0.301s] Level 1:colcon.colcon_core.package_identification:_identify(.) by extensions ['ros']
[0.301s] Level 1:colcon.colcon_core.package_identification:_identify(.) by extension 'ros'
[0.316s] DEBUG:colcon.colcon_core.package_identification:Package '.' with type 'ros.ament_cmake' and name 'spiral_maze'
[0.316s] Level 1:colcon.colcon_core.package_discovery:discover_packages(recursive) using defaults
[0.316s] Level 1:colcon.colcon_core.package_discovery:discover_packages(ignore) discover
[0.316s] Level 1:colcon.colcon_core.package_discovery:discover_packages(ignore) using defaults
[0.316s] Level 1:colcon.colcon_core.package_discovery:discover_packages(path) discover
[0.316s] Level 1:colcon.colcon_core.package_discovery:discover_packages(path) using defaults
[0.349s] Level 1:colcon.colcon_core.package_discovery:discover_packages(prefix_path) check parameters
[0.349s] Level 1:colcon.colcon_core.package_discovery:discover_packages(prefix_path) discover
[0.352s] DEBUG:colcon.colcon_installed_package_information.package_discovery:Found 32 installed packages in /home/sanjit/ros2_ws/install
[0.354s] DEBUG:colcon.colcon_installed_package_information.package_discovery:Found 322 installed packages in /opt/ros/humble
[0.356s] Level 1:colcon.colcon_core.package_discovery:discover_packages(prefix_path) using defaults
[0.402s] Level 5:colcon.colcon_core.verb:set package 'spiral_maze' build argument 'cmake_args' from command line to 'None'
[0.402s] Level 5:colcon.colcon_core.verb:set package 'spiral_maze' build argument 'cmake_target' from command line to 'None'
[0.402s] Level 5:colcon.colcon_core.verb:set package 'spiral_maze' build argument 'cmake_target_skip_unavailable' from command line to 'False'
[0.402s] Level 5:colcon.colcon_core.verb:set package 'spiral_maze' build argument 'cmake_clean_cache' from command line to 'False'
[0.402s] Level 5:colcon.colcon_core.verb:set package 'spiral_maze' build argument 'cmake_clean_first' from command line to 'False'
[0.402s] Level 5:colcon.colcon_core.verb:set package 'spiral_maze' build argument 'cmake_force_configure' from command line to 'False'
[0.402s] Level 5:colcon.colcon_core.verb:set package 'spiral_maze' build argument 'ament_cmake_args' from command line to 'None'
[0.402s] Level 5:colcon.colcon_core.verb:set package 'spiral_maze' build argument 'catkin_cmake_args' from command line to 'None'
[0.402s] Level 5:colcon.colcon_core.verb:set package 'spiral_maze' build argument 'catkin_skip_building_tests' from command line to 'False'
[0.402s] DEBUG:colcon.colcon_core.verb:Building package 'spiral_maze' with the following arguments: {'ament_cmake_args': None, 'build_base': '/home/sanjit/ros2_ws/src/spiral_maze/build/spiral_maze', 'catkin_cmake_args': None, 'catkin_skip_building_tests': False, 'cmake_args': None, 'cmake_clean_cache': False, 'cmake_clean_first': False, 'cmake_force_configure': False, 'cmake_target': None, 'cmake_target_skip_unavailable': False, 'install_base': '/home/sanjit/ros2_ws/src/spiral_maze/install/spiral_maze', 'merge_install': False, 'path': '/home/sanjit/ros2_ws/src/spiral_maze', 'symlink_install': False, 'test_result_base': None}
[0.402s] INFO:colcon.colcon_core.executor:Executing jobs using 'parallel' executor
[0.404s] DEBUG:colcon.colcon_parallel_executor.executor.parallel:run_until_complete
[0.404s] INFO:colcon.colcon_ros.task.ament_cmake.build:Building ROS package in '/home/sanjit/ros2_ws/src/spiral_maze' with build type 'ament_cmake'
[0.404s] INFO:colcon.colcon_cmake.task.cmake.build:Building CMake package in '/home/sanjit/ros2_ws/src/spiral_maze'
[0.406s] INFO:colcon.colcon_core.plugin_system:Skipping extension 'colcon_core.shell.bat': Not used on non-Windows systems
[0.406s] INFO:colcon.colcon_core.shell:Skip shell extension 'powershell' for command environment: Not usable outside of PowerShell
[0.406s] DEBUG:colcon.colcon_core.shell:Skip shell extension 'dsv' for command environment
[0.418s] DEBUG:colcon.colcon_core.event_handler.log_command:Invoking command in '/home/sanjit/ros2_ws/src/spiral_maze/build/spiral_maze': CMAKE_PREFIX_PATH=${CMAKE_PREFIX_PATH}:/home/sanjit/ros2_ws/install/task1:/home/sanjit/ros2_ws/install/robot_task1:/home/sanjit/ros2_ws/install/robot_task1_1:/home/sanjit/ros2_ws/install/py_srvcli:/home/sanjit/ros2_ws/install/py_pubsub:/home/sanjit/ros2_ws/install/my_package:/home/sanjit/ros2_ws/install/launch_testing_examples:/home/sanjit/ros2_ws/install/examples_rclpy_pointcloud_publisher:/home/sanjit/ros2_ws/install/examples_rclpy_minimal_subscriber:/home/sanjit/ros2_ws/install/examples_rclpy_minimal_service:/home/sanjit/ros2_ws/install/examples_rclpy_minimal_publisher:/home/sanjit/ros2_ws/install/examples_rclpy_minimal_client:/home/sanjit/ros2_ws/install/examples_rclpy_minimal_action_server:/home/sanjit/ros2_ws/install/examples_rclpy_minimal_action_client:/home/sanjit/ros2_ws/install/examples_rclpy_guard_conditions:/home/sanjit/ros2_ws/install/examples_rclpy_executors:/opt/ros/humble /usr/bin/cmake /home/sanjit/ros2_ws/src/spiral_maze -DCMAKE_INSTALL_PREFIX=/home/sanjit/ros2_ws/src/spiral_maze/install/spiral_maze
[3.623s] DEBUG:colcon.colcon_core.event_handler.log_command:Invoked command in '/home/sanjit/ros2_ws/src/spiral_maze/build/spiral_maze' returned '0': CMAKE_PREFIX_PATH=${CMAKE_PREFIX_PATH}:/home/sanjit/ros2_ws/install/task1:/home/sanjit/ros2_ws/install/robot_task1:/home/sanjit/ros2_ws/install/robot_task1_1:/home/sanjit/ros2_ws/install/py_srvcli:/home/sanjit/ros2_ws/install/py_pubsub:/home/sanjit/ros2_ws/install/my_package:/home/sanjit/ros2_ws/install/launch_testing_examples:/home/sanjit/ros2_ws/install/examples_rclpy_pointcloud_publisher:/home/sanjit/ros2_ws/install/examples_rclpy_minimal_subscriber:/home/sanjit/ros2_ws/install/examples_rclpy_minimal_service:/home/sanjit/ros2_ws/install/examples_rclpy_minimal_publisher:/home/sanjit/ros2_ws/install/examples_rclpy_minimal_client:/home/sanjit/ros2_ws/install/examples_rclpy_minimal_action_server:/home/sanjit/ros2_ws/install/examples_rclpy_minimal_action_client:/home/sanjit/ros2_ws/install/examples_rclpy_guard_conditions:/home/sanjit/ros2_ws/install/examples_rclpy_executors:/opt/ros/humble /usr/bin/cmake /home/sanjit/ros2_ws/src/spiral_maze -DCMAKE_INSTALL_PREFIX=/home/sanjit/ros2_ws/src/spiral_maze/install/spiral_maze
[3.627s] DEBUG:colcon.colcon_core.event_handler.log_command:Invoking command in '/home/sanjit/ros2_ws/src/spiral_maze/build/spiral_maze': CMAKE_PREFIX_PATH=${CMAKE_PREFIX_PATH}:/home/sanjit/ros2_ws/install/task1:/home/sanjit/ros2_ws/install/robot_task1:/home/sanjit/ros2_ws/install/robot_task1_1:/home/sanjit/ros2_ws/install/py_srvcli:/home/sanjit/ros2_ws/install/py_pubsub:/home/sanjit/ros2_ws/install/my_package:/home/sanjit/ros2_ws/install/launch_testing_examples:/home/sanjit/ros2_ws/install/examples_rclpy_pointcloud_publisher:/home/sanjit/ros2_ws/install/examples_rclpy_minimal_subscriber:/home/sanjit/ros2_ws/install/examples_rclpy_minimal_service:/home/sanjit/ros2_ws/install/examples_rclpy_minimal_publisher:/home/sanjit/ros2_ws/install/examples_rclpy_minimal_client:/home/sanjit/ros2_ws/install/examples_rclpy_minimal_action_server:/home/sanjit/ros2_ws/install/examples_rclpy_minimal_action_client:/home/sanjit/ros2_ws/install/examples_rclpy_guard_conditions:/home/sanjit/ros2_ws/install/examples_rclpy_executors:/opt/ros/humble /usr/bin/cmake --build /home/sanjit/ros2_ws/src/spiral_maze/build/spiral_maze -- -j16 -l16
[3.681s] DEBUG:colcon.colcon_core.event_handler.log_command:Invoked command in '/home/sanjit/ros2_ws/src/spiral_maze/build/spiral_maze' returned '0': CMAKE_PREFIX_PATH=${CMAKE_PREFIX_PATH}:/home/sanjit/ros2_ws/install/task1:/home/sanjit/ros2_ws/install/robot_task1:/home/sanjit/ros2_ws/install/robot_task1_1:/home/sanjit/ros2_ws/install/py_srvcli:/home/sanjit/ros2_ws/install/py_pubsub:/home/sanjit/ros2_ws/install/my_package:/home/sanjit/ros2_ws/install/launch_testing_examples:/home/sanjit/ros2_ws/install/examples_rclpy_pointcloud_publisher:/home/sanjit/ros2_ws/install/examples_rclpy_minimal_subscriber:/home/sanjit/ros2_ws/install/examples_rclpy_minimal_service:/home/sanjit/ros2_ws/install/examples_rclpy_minimal_publisher:/home/sanjit/ros2_ws/install/examples_rclpy_minimal_client:/home/sanjit/ros2_ws/install/examples_rclpy_minimal_action_server:/home/sanjit/ros2_ws/install/examples_rclpy_minimal_action_client:/home/sanjit/ros2_ws/install/examples_rclpy_guard_conditions:/home/sanjit/ros2_ws/install/examples_rclpy_executors:/opt/ros/humble /usr/bin/cmake --build /home/sanjit/ros2_ws/src/spiral_maze/build/spiral_maze -- -j16 -l16
[3.695s] DEBUG:colcon.colcon_core.event_handler.log_command:Invoking command in '/home/sanjit/ros2_ws/src/spiral_maze/build/spiral_maze': CMAKE_PREFIX_PATH=${CMAKE_PREFIX_PATH}:/home/sanjit/ros2_ws/install/task1:/home/sanjit/ros2_ws/install/robot_task1:/home/sanjit/ros2_ws/install/robot_task1_1:/home/sanjit/ros2_ws/install/py_srvcli:/home/sanjit/ros2_ws/install/py_pubsub:/home/sanjit/ros2_ws/install/my_package:/home/sanjit/ros2_ws/install/launch_testing_examples:/home/sanjit/ros2_ws/install/examples_rclpy_pointcloud_publisher:/home/sanjit/ros2_ws/install/examples_rclpy_minimal_subscriber:/home/sanjit/ros2_ws/install/examples_rclpy_minimal_service:/home/sanjit/ros2_ws/install/examples_rclpy_minimal_publisher:/home/sanjit/ros2_ws/install/examples_rclpy_minimal_client:/home/sanjit/ros2_ws/install/examples_rclpy_minimal_action_server:/home/sanjit/ros2_ws/install/examples_rclpy_minimal_action_client:/home/sanjit/ros2_ws/install/examples_rclpy_guard_conditions:/home/sanjit/ros2_ws/install/examples_rclpy_executors:/opt/ros/humble /usr/bin/cmake --install /home/sanjit/ros2_ws/src/spiral_maze/build/spiral_maze
[3.708s] Level 1:colcon.colcon_core.environment:create_environment_scripts_only(spiral_maze)
[3.709s] DEBUG:colcon.colcon_core.event_handler.log_command:Invoked command in '/home/sanjit/ros2_ws/src/spiral_maze/build/spiral_maze' returned '0': CMAKE_PREFIX_PATH=${CMAKE_PREFIX_PATH}:/home/sanjit/ros2_ws/install/task1:/home/sanjit/ros2_ws/install/robot_task1:/home/sanjit/ros2_ws/install/robot_task1_1:/home/sanjit/ros2_ws/install/py_srvcli:/home/sanjit/ros2_ws/install/py_pubsub:/home/sanjit/ros2_ws/install/my_package:/home/sanjit/ros2_ws/install/launch_testing_examples:/home/sanjit/ros2_ws/install/examples_rclpy_pointcloud_publisher:/home/sanjit/ros2_ws/install/examples_rclpy_minimal_subscriber:/home/sanjit/ros2_ws/install/examples_rclpy_minimal_service:/home/sanjit/ros2_ws/install/examples_rclpy_minimal_publisher:/home/sanjit/ros2_ws/install/examples_rclpy_minimal_client:/home/sanjit/ros2_ws/install/examples_rclpy_minimal_action_server:/home/sanjit/ros2_ws/install/examples_rclpy_minimal_action_client:/home/sanjit/ros2_ws/install/examples_rclpy_guard_conditions:/home/sanjit/ros2_ws/install/examples_rclpy_executors:/opt/ros/humble /usr/bin/cmake --install /home/sanjit/ros2_ws/src/spiral_maze/build/spiral_maze
[3.711s] Level 1:colcon.colcon_core.environment:checking '/home/sanjit/ros2_ws/src/spiral_maze/install/spiral_maze' for CMake module files
[3.712s] Level 1:colcon.colcon_core.environment:checking '/home/sanjit/ros2_ws/src/spiral_maze/install/spiral_maze' for CMake config files
[3.712s] Level 1:colcon.colcon_core.shell:create_environment_hook('spiral_maze', 'cmake_prefix_path')
[3.713s] INFO:colcon.colcon_core.shell:Creating environment hook '/home/sanjit/ros2_ws/src/spiral_maze/install/spiral_maze/share/spiral_maze/hook/cmake_prefix_path.ps1'
[3.713s] INFO:colcon.colcon_core.shell:Creating environment descriptor '/home/sanjit/ros2_ws/src/spiral_maze/install/spiral_maze/share/spiral_maze/hook/cmake_prefix_path.dsv'
[3.714s] INFO:colcon.colcon_core.shell:Creating environment hook '/home/sanjit/ros2_ws/src/spiral_maze/install/spiral_maze/share/spiral_maze/hook/cmake_prefix_path.sh'
[3.715s] Level 1:colcon.colcon_core.environment:checking '/home/sanjit/ros2_ws/src/spiral_maze/install/spiral_maze/lib'
[3.715s] Level 1:colcon.colcon_core.environment:checking '/home/sanjit/ros2_ws/src/spiral_maze/install/spiral_maze/bin'
[3.715s] Level 1:colcon.colcon_core.environment:checking '/home/sanjit/ros2_ws/src/spiral_maze/install/spiral_maze/lib/pkgconfig/spiral_maze.pc'
[3.715s] Level 1:colcon.colcon_core.environment:checking '/home/sanjit/ros2_ws/src/spiral_maze/install/spiral_maze/lib/python3.10/site-packages'
[3.715s] Level 1:colcon.colcon_core.environment:checking '/home/sanjit/ros2_ws/src/spiral_maze/install/spiral_maze/bin'
[3.716s] INFO:colcon.colcon_core.shell:Creating package script '/home/sanjit/ros2_ws/src/spiral_maze/install/spiral_maze/share/spiral_maze/package.ps1'
[3.717s] INFO:colcon.colcon_core.shell:Creating package descriptor '/home/sanjit/ros2_ws/src/spiral_maze/install/spiral_maze/share/spiral_maze/package.dsv'
[3.717s] INFO:colcon.colcon_core.shell:Creating package script '/home/sanjit/ros2_ws/src/spiral_maze/install/spiral_maze/share/spiral_maze/package.sh'
[3.718s] INFO:colcon.colcon_core.shell:Creating package script '/home/sanjit/ros2_ws/src/spiral_maze/install/spiral_maze/share/spiral_maze/package.bash'
[3.718s] INFO:colcon.colcon_core.shell:Creating package script '/home/sanjit/ros2_ws/src/spiral_maze/install/spiral_maze/share/spiral_maze/package.zsh'
[3.719s] Level 1:colcon.colcon_core.environment:create_file_with_runtime_dependencies(/home/sanjit/ros2_ws/src/spiral_maze/install/spiral_maze/share/colcon-core/packages/spiral_maze)
[3.720s] Level 1:colcon.colcon_core.environment:create_environment_scripts_only(spiral_maze)
[3.720s] Level 1:colcon.colcon_core.environment:checking '/home/sanjit/ros2_ws/src/spiral_maze/install/spiral_maze' for CMake module files
[3.720s] Level 1:colcon.colcon_core.environment:checking '/home/sanjit/ros2_ws/src/spiral_maze/install/spiral_maze' for CMake config files
[3.721s] Level 1:colcon.colcon_core.shell:create_environment_hook('spiral_maze', 'cmake_prefix_path')
[3.721s] INFO:colcon.colcon_core.shell:Creating environment hook '/home/sanjit/ros2_ws/src/spiral_maze/install/spiral_maze/share/spiral_maze/hook/cmake_prefix_path.ps1'
[3.721s] INFO:colcon.colcon_core.shell:Creating environment descriptor '/home/sanjit/ros2_ws/src/spiral_maze/install/spiral_maze/share/spiral_maze/hook/cmake_prefix_path.dsv'
[3.722s] INFO:colcon.colcon_core.shell:Creating environment hook '/home/sanjit/ros2_ws/src/spiral_maze/install/spiral_maze/share/spiral_maze/hook/cmake_prefix_path.sh'
[3.722s] Level 1:colcon.colcon_core.environment:checking '/home/sanjit/ros2_ws/src/spiral_maze/install/spiral_maze/lib'
[3.722s] Level 1:colcon.colcon_core.environment:checking '/home/sanjit/ros2_ws/src/spiral_maze/install/spiral_maze/bin'
[3.723s] Level 1:colcon.colcon_core.environment:checking '/home/sanjit/ros2_ws/src/spiral_maze/install/spiral_maze/lib/pkgconfig/spiral_maze.pc'
[3.723s] Level 1:colcon.colcon_core.environment:checking '/home/sanjit/ros2_ws/src/spiral_maze/install/spiral_maze/lib/python3.10/site-packages'
[3.723s] Level 1:colcon.colcon_core.environment:checking '/home/sanjit/ros2_ws/src/spiral_maze/install/spiral_maze/bin'
[3.723s] INFO:colcon.colcon_core.shell:Creating package script '/home/sanjit/ros2_ws/src/spiral_maze/install/spiral_maze/share/spiral_maze/package.ps1'
[3.724s] INFO:colcon.colcon_core.shell:Creating package descriptor '/home/sanjit/ros2_ws/src/spiral_maze/install/spiral_maze/share/spiral_maze/package.dsv'
[3.724s] INFO:colcon.colcon_core.shell:Creating package script '/home/sanjit/ros2_ws/src/spiral_maze/install/spiral_maze/share/spiral_maze/package.sh'
[3.725s] INFO:colcon.colcon_core.shell:Creating package script '/home/sanjit/ros2_ws/src/spiral_maze/install/spiral_maze/share/spiral_maze/package.bash'
[3.725s] INFO:colcon.colcon_core.shell:Creating package script '/home/sanjit/ros2_ws/src/spiral_maze/install/spiral_maze/share/spiral_maze/package.zsh'
[3.726s] Level 1:colcon.colcon_core.environment:create_file_with_runtime_dependencies(/home/sanjit/ros2_ws/src/spiral_maze/install/spiral_maze/share/colcon-core/packages/spiral_maze)
[3.726s] DEBUG:colcon.colcon_parallel_executor.executor.parallel:closing loop
[3.726s] DEBUG:colcon.colcon_parallel_executor.executor.parallel:loop closed
[3.726s] DEBUG:colcon.colcon_parallel_executor.executor.parallel:run_until_complete finished with '0'
[3.726s] DEBUG:colcon.colcon_core.event_reactor:joining thread
[3.732s] INFO:colcon.colcon_core.plugin_system:Skipping extension 'colcon_notification.desktop_notification.terminal_notifier': Not used on non-Darwin systems
[3.732s] INFO:colcon.colcon_core.plugin_system:Skipping extension 'colcon_notification.desktop_notification.win32': Not used on non-Windows systems
[3.732s] INFO:colcon.colcon_notification.desktop_notification:Sending desktop notification using 'notify2'
[3.749s] DEBUG:colcon.colcon_core.event_reactor:joined thread
[3.749s] INFO:colcon.colcon_core.shell:Creating prefix script '/home/sanjit/ros2_ws/src/spiral_maze/install/local_setup.ps1'
[3.751s] INFO:colcon.colcon_core.shell:Creating prefix util module '/home/sanjit/ros2_ws/src/spiral_maze/install/_local_setup_util_ps1.py'
[3.752s] INFO:colcon.colcon_core.shell:Creating prefix chain script '/home/sanjit/ros2_ws/src/spiral_maze/install/setup.ps1'
[3.755s] INFO:colcon.colcon_core.shell:Creating prefix script '/home/sanjit/ros2_ws/src/spiral_maze/install/local_setup.sh'
[3.755s] INFO:colcon.colcon_core.shell:Creating prefix util module '/home/sanjit/ros2_ws/src/spiral_maze/install/_local_setup_util_sh.py'
[3.756s] INFO:colcon.colcon_core.shell:Creating prefix chain script '/home/sanjit/ros2_ws/src/spiral_maze/install/setup.sh'
[3.758s] INFO:colcon.colcon_core.shell:Creating prefix script '/home/sanjit/ros2_ws/src/spiral_maze/install/local_setup.bash'
[3.759s] INFO:colcon.colcon_core.shell:Creating prefix chain script '/home/sanjit/ros2_ws/src/spiral_maze/install/setup.bash'
[3.761s] INFO:colcon.colcon_core.shell:Creating prefix script '/home/sanjit/ros2_ws/src/spiral_maze/install/local_setup.zsh'
[3.762s] INFO:colcon.colcon_core.shell:Creating prefix chain script '/home/sanjit/ros2_ws/src/spiral_maze/install/setup.zsh'
