[0.625s] Invoking command in '/home/sanjit/ros2_ws/src/robot_task1_1': PYTHONPATH=/home/sanjit/ros2_ws/src/build/robot_task1_1/prefix_override:/usr/lib/python3/dist-packages/colcon_core/task/python/colcon_distutils_commands:/home/sanjit/ros2_ws/src/install/robot_task1_1/lib/python3.10/site-packages:${PYTHONPATH} /usr/bin/python3 -W ignore:setup.py install is deprecated -W ignore:easy_install command is deprecated setup.py egg_info --egg-base ../build/robot_task1_1 build --build-base /home/sanjit/ros2_ws/src/build/robot_task1_1/build install --record /home/sanjit/ros2_ws/src/build/robot_task1_1/install.log --single-version-externally-managed install_data
[0.872s] running egg_info
[0.873s] creating ../build/robot_task1_1/robot_task1_1.egg-info
[0.873s] writing ../build/robot_task1_1/robot_task1_1.egg-info/PKG-INFO
[0.873s] writing dependency_links to ../build/robot_task1_1/robot_task1_1.egg-info/dependency_links.txt
[0.873s] writing entry points to ../build/robot_task1_1/robot_task1_1.egg-info/entry_points.txt
[0.874s] writing requirements to ../build/robot_task1_1/robot_task1_1.egg-info/requires.txt
[0.874s] writing top-level names to ../build/robot_task1_1/robot_task1_1.egg-info/top_level.txt
[0.874s] writing manifest file '../build/robot_task1_1/robot_task1_1.egg-info/SOURCES.txt'
[0.875s] reading manifest file '../build/robot_task1_1/robot_task1_1.egg-info/SOURCES.txt'
[0.875s] adding license file 'LICENSE'
[0.876s] writing manifest file '../build/robot_task1_1/robot_task1_1.egg-info/SOURCES.txt'
[0.876s] running build
[0.876s] running build_py
[0.876s] creating /home/sanjit/ros2_ws/src/build/robot_task1_1/build
[0.876s] creating /home/sanjit/ros2_ws/src/build/robot_task1_1/build/lib
[0.876s] creating /home/sanjit/ros2_ws/src/build/robot_task1_1/build/lib/robot_task1_1
[0.876s] copying robot_task1_1/__init__.py -> /home/sanjit/ros2_ws/src/build/robot_task1_1/build/lib/robot_task1_1
[0.876s] running install
[0.877s] running install_lib
[0.877s] creating /home/sanjit/ros2_ws/src/install/robot_task1_1/lib/python3.10/site-packages/robot_task1_1
[0.878s] copying /home/sanjit/ros2_ws/src/build/robot_task1_1/build/lib/robot_task1_1/__init__.py -> /home/sanjit/ros2_ws/src/install/robot_task1_1/lib/python3.10/site-packages/robot_task1_1
[0.878s] byte-compiling /home/sanjit/ros2_ws/src/install/robot_task1_1/lib/python3.10/site-packages/robot_task1_1/__init__.py to __init__.cpython-310.pyc
[0.878s] running install_data
[0.878s] creating /home/sanjit/ros2_ws/src/install/robot_task1_1/share/ament_index
[0.878s] creating /home/sanjit/ros2_ws/src/install/robot_task1_1/share/ament_index/resource_index
[0.878s] creating /home/sanjit/ros2_ws/src/install/robot_task1_1/share/ament_index/resource_index/packages
[0.878s] copying resource/robot_task1_1 -> /home/sanjit/ros2_ws/src/install/robot_task1_1/share/ament_index/resource_index/packages
[0.878s] copying package.xml -> /home/sanjit/ros2_ws/src/install/robot_task1_1/share/robot_task1_1
[0.879s] running install_egg_info
[0.880s] Copying ../build/robot_task1_1/robot_task1_1.egg-info to /home/sanjit/ros2_ws/src/install/robot_task1_1/lib/python3.10/site-packages/robot_task1_1-0.0.0-py3.10.egg-info
[0.881s] running install_scripts
[0.906s] writing list of installed files to '/home/sanjit/ros2_ws/src/build/robot_task1_1/install.log'
[0.931s] Invoked command in '/home/sanjit/ros2_ws/src/robot_task1_1' returned '0': PYTHONPATH=/home/sanjit/ros2_ws/src/build/robot_task1_1/prefix_override:/usr/lib/python3/dist-packages/colcon_core/task/python/colcon_distutils_commands:/home/sanjit/ros2_ws/src/install/robot_task1_1/lib/python3.10/site-packages:${PYTHONPATH} /usr/bin/python3 -W ignore:setup.py install is deprecated -W ignore:easy_install command is deprecated setup.py egg_info --egg-base ../build/robot_task1_1 build --build-base /home/sanjit/ros2_ws/src/build/robot_task1_1/build install --record /home/sanjit/ros2_ws/src/build/robot_task1_1/install.log --single-version-externally-managed install_data
