[0.389s] Invoking command in '/home/sanjit/ros2_ws/src/my_package': PYTHONPATH=/home/sanjit/ros2_ws/src/build/my_package/prefix_override:/usr/lib/python3/dist-packages/colcon_core/task/python/colcon_distutils_commands:/home/sanjit/ros2_ws/src/install/my_package/lib/python3.10/site-packages:${PYTHONPATH} /usr/bin/python3 -W ignore:setup.py install is deprecated -W ignore:easy_install command is deprecated setup.py egg_info --egg-base ../build/my_package build --build-base /home/sanjit/ros2_ws/src/build/my_package/build install --record /home/sanjit/ros2_ws/src/build/my_package/install.log --single-version-externally-managed install_data
[0.544s] running egg_info
[0.545s] creating ../build/my_package/my_package.egg-info
[0.545s] writing ../build/my_package/my_package.egg-info/PKG-INFO
[0.545s] writing dependency_links to ../build/my_package/my_package.egg-info/dependency_links.txt
[0.545s] writing entry points to ../build/my_package/my_package.egg-info/entry_points.txt
[0.545s] writing requirements to ../build/my_package/my_package.egg-info/requires.txt
[0.545s] writing top-level names to ../build/my_package/my_package.egg-info/top_level.txt
[0.545s] writing manifest file '../build/my_package/my_package.egg-info/SOURCES.txt'
[0.546s] reading manifest file '../build/my_package/my_package.egg-info/SOURCES.txt'
[0.546s] adding license file 'LICENSE'
[0.547s] writing manifest file '../build/my_package/my_package.egg-info/SOURCES.txt'
[0.547s] running build
[0.547s] running build_py
[0.547s] creating /home/sanjit/ros2_ws/src/build/my_package/build
[0.547s] creating /home/sanjit/ros2_ws/src/build/my_package/build/lib
[0.547s] creating /home/sanjit/ros2_ws/src/build/my_package/build/lib/my_package
[0.547s] copying my_package/my_node.py -> /home/sanjit/ros2_ws/src/build/my_package/build/lib/my_package
[0.547s] copying my_package/__init__.py -> /home/sanjit/ros2_ws/src/build/my_package/build/lib/my_package
[0.547s] running install
[0.548s] running install_lib
[0.548s] creating /home/sanjit/ros2_ws/src/install/my_package/lib/python3.10/site-packages/my_package
[0.548s] copying /home/sanjit/ros2_ws/src/build/my_package/build/lib/my_package/my_node.py -> /home/sanjit/ros2_ws/src/install/my_package/lib/python3.10/site-packages/my_package
[0.548s] copying /home/sanjit/ros2_ws/src/build/my_package/build/lib/my_package/__init__.py -> /home/sanjit/ros2_ws/src/install/my_package/lib/python3.10/site-packages/my_package
[0.549s] byte-compiling /home/sanjit/ros2_ws/src/install/my_package/lib/python3.10/site-packages/my_package/my_node.py to my_node.cpython-310.pyc
[0.549s] byte-compiling /home/sanjit/ros2_ws/src/install/my_package/lib/python3.10/site-packages/my_package/__init__.py to __init__.cpython-310.pyc
[0.549s] running install_data
[0.549s] creating /home/sanjit/ros2_ws/src/install/my_package/share/ament_index
[0.549s] creating /home/sanjit/ros2_ws/src/install/my_package/share/ament_index/resource_index
[0.549s] creating /home/sanjit/ros2_ws/src/install/my_package/share/ament_index/resource_index/packages
[0.549s] copying resource/my_package -> /home/sanjit/ros2_ws/src/install/my_package/share/ament_index/resource_index/packages
[0.550s] copying package.xml -> /home/sanjit/ros2_ws/src/install/my_package/share/my_package
[0.550s] running install_egg_info
[0.551s] Copying ../build/my_package/my_package.egg-info to /home/sanjit/ros2_ws/src/install/my_package/lib/python3.10/site-packages/my_package-0.0.0-py3.10.egg-info
[0.551s] running install_scripts
[0.567s] Installing my_node script to /home/sanjit/ros2_ws/src/install/my_package/lib/my_package
[0.567s] writing list of installed files to '/home/sanjit/ros2_ws/src/build/my_package/install.log'
[0.583s] Invoked command in '/home/sanjit/ros2_ws/src/my_package' returned '0': PYTHONPATH=/home/sanjit/ros2_ws/src/build/my_package/prefix_override:/usr/lib/python3/dist-packages/colcon_core/task/python/colcon_distutils_commands:/home/sanjit/ros2_ws/src/install/my_package/lib/python3.10/site-packages:${PYTHONPATH} /usr/bin/python3 -W ignore:setup.py install is deprecated -W ignore:easy_install command is deprecated setup.py egg_info --egg-base ../build/my_package build --build-base /home/sanjit/ros2_ws/src/build/my_package/build install --record /home/sanjit/ros2_ws/src/build/my_package/install.log --single-version-externally-managed install_data
