running egg_info
writing build/task1/task1.egg-info/PKG-INFO
writing dependency_links to build/task1/task1.egg-info/dependency_links.txt
writing entry points to build/task1/task1.egg-info/entry_points.txt
writing requirements to build/task1/task1.egg-info/requires.txt
writing top-level names to build/task1/task1.egg-info/top_level.txt
reading manifest file 'build/task1/task1.egg-info/SOURCES.txt'
adding license file 'LICENSE'
writing manifest file 'build/task1/task1.egg-info/SOURCES.txt'
running build
running build_py
running install
running install_lib
running install_data
copying package.xml -> /home/sanjit/ros2_ws/src/task1/install/task1/share/task1
running install_egg_info
removing '/home/sanjit/ros2_ws/src/task1/install/task1/lib/python3.10/site-packages/task1-0.0.0-py3.10.egg-info' (and everything under it)
Copying build/task1/task1.egg-info to /home/sanjit/ros2_ws/src/task1/install/task1/lib/python3.10/site-packages/task1-0.0.0-py3.10.egg-info
running install_scripts
Installing move script to /home/sanjit/ros2_ws/src/task1/install/task1/lib/task1
Installing waypoint_service script to /home/sanjit/ros2_ws/src/task1/install/task1/lib/task1
writing list of installed files to '/home/sanjit/ros2_ws/src/task1/build/task1/install.log'
