[0.749s] Invoking command in '/home/sanjit/ros2_ws/src/examples/rclpy/executors': PYTHONPATH=/home/sanjit/ros2_ws/src/build/examples_rclpy_executors/prefix_override:/usr/lib/python3/dist-packages/colcon_core/task/python/colcon_distutils_commands:/home/sanjit/ros2_ws/src/install/examples_rclpy_executors/lib/python3.10/site-packages:${PYTHONPATH} /usr/bin/python3 -W ignore:setup.py install is deprecated -W ignore:easy_install command is deprecated setup.py egg_info --egg-base ../../../build/examples_rclpy_executors build --build-base /home/sanjit/ros2_ws/src/build/examples_rclpy_executors/build install --record /home/sanjit/ros2_ws/src/build/examples_rclpy_executors/install.log --single-version-externally-managed install_data
[1.051s] running egg_info
[1.052s] writing ../../../build/examples_rclpy_executors/examples_rclpy_executors.egg-info/PKG-INFO
[1.052s] writing dependency_links to ../../../build/examples_rclpy_executors/examples_rclpy_executors.egg-info/dependency_links.txt
[1.052s] writing entry points to ../../../build/examples_rclpy_executors/examples_rclpy_executors.egg-info/entry_points.txt
[1.052s] writing requirements to ../../../build/examples_rclpy_executors/examples_rclpy_executors.egg-info/requires.txt
[1.053s] writing top-level names to ../../../build/examples_rclpy_executors/examples_rclpy_executors.egg-info/top_level.txt
[1.062s] reading manifest file '../../../build/examples_rclpy_executors/examples_rclpy_executors.egg-info/SOURCES.txt'
[1.063s] writing manifest file '../../../build/examples_rclpy_executors/examples_rclpy_executors.egg-info/SOURCES.txt'
[1.063s] running build
[1.063s] running build_py
[1.064s] running install
[1.064s] running install_lib
[1.066s] running install_data
[1.066s] running install_egg_info
[1.068s] removing '/home/sanjit/ros2_ws/src/install/examples_rclpy_executors/lib/python3.10/site-packages/examples_rclpy_executors-0.15.3-py3.10.egg-info' (and everything under it)
[1.068s] Copying ../../../build/examples_rclpy_executors/examples_rclpy_executors.egg-info to /home/sanjit/ros2_ws/src/install/examples_rclpy_executors/lib/python3.10/site-packages/examples_rclpy_executors-0.15.3-py3.10.egg-info
[1.070s] running install_scripts
[1.095s] Installing callback_group script to /home/sanjit/ros2_ws/src/install/examples_rclpy_executors/lib/examples_rclpy_executors
[1.095s] Installing composed script to /home/sanjit/ros2_ws/src/install/examples_rclpy_executors/lib/examples_rclpy_executors
[1.095s] Installing custom_callback_group script to /home/sanjit/ros2_ws/src/install/examples_rclpy_executors/lib/examples_rclpy_executors
[1.095s] Installing custom_executor script to /home/sanjit/ros2_ws/src/install/examples_rclpy_executors/lib/examples_rclpy_executors
[1.096s] Installing listener script to /home/sanjit/ros2_ws/src/install/examples_rclpy_executors/lib/examples_rclpy_executors
[1.096s] Installing talker script to /home/sanjit/ros2_ws/src/install/examples_rclpy_executors/lib/examples_rclpy_executors
[1.096s] writing list of installed files to '/home/sanjit/ros2_ws/src/build/examples_rclpy_executors/install.log'
[1.124s] Invoked command in '/home/sanjit/ros2_ws/src/examples/rclpy/executors' returned '0': PYTHONPATH=/home/sanjit/ros2_ws/src/build/examples_rclpy_executors/prefix_override:/usr/lib/python3/dist-packages/colcon_core/task/python/colcon_distutils_commands:/home/sanjit/ros2_ws/src/install/examples_rclpy_executors/lib/python3.10/site-packages:${PYTHONPATH} /usr/bin/python3 -W ignore:setup.py install is deprecated -W ignore:easy_install command is deprecated setup.py egg_info --egg-base ../../../build/examples_rclpy_executors build --build-base /home/sanjit/ros2_ws/src/build/examples_rclpy_executors/build install --record /home/sanjit/ros2_ws/src/build/examples_rclpy_executors/install.log --single-version-externally-managed install_data
